TN:
SF:src/__tests__/mocks/inMemoryTournamentRepository.ts
FN:4,(anonymous_0)
FN:7,(anonymous_1)
FN:12,(anonymous_2)
FN:19,(anonymous_3)
FNF:4
FNH:3
FNDA:5,(anonymous_0)
FNDA:7,(anonymous_1)
FNDA:8,(anonymous_2)
FNDA:0,(anonymous_3)
DA:1,1
DA:4,1
DA:5,5
DA:8,7
DA:9,7
DA:13,8
DA:14,0
DA:16,8
DA:20,0
LF:9
LH:7
BRDA:9,0,0,7
BRDA:9,0,1,0
BRDA:13,1,0,0
BRF:3
BRH:1
end_of_record
TN:
SF:src/application/tournamentService.ts
FN:7,(anonymous_1)
FN:9,(anonymous_2)
FN:16,(anonymous_3)
FN:26,(anonymous_4)
FN:36,(anonymous_5)
FN:45,(anonymous_6)
FN:54,(anonymous_7)
FN:58,(anonymous_8)
FN:76,(anonymous_9)
FNF:9
FNH:6
FNDA:5,(anonymous_1)
FNDA:5,(anonymous_2)
FNDA:2,(anonymous_3)
FNDA:2,(anonymous_4)
FNDA:0,(anonymous_5)
FNDA:0,(anonymous_6)
FNDA:0,(anonymous_7)
FNDA:6,(anonymous_8)
FNDA:2,(anonymous_9)
DA:1,1
DA:3,1
DA:4,1
DA:6,1
DA:7,5
DA:10,5
DA:11,5
DA:12,5
DA:13,5
DA:17,2
DA:18,2
DA:20,2
DA:21,1
DA:22,1
DA:23,1
DA:27,2
DA:28,2
DA:30,2
DA:31,2
DA:32,2
DA:33,2
DA:37,0
DA:38,0
DA:40,0
DA:41,0
DA:42,0
DA:46,0
DA:47,0
DA:49,0
DA:50,0
DA:51,0
DA:55,0
DA:59,6
DA:60,5
DA:63,1
DA:64,1
DA:66,1
DA:67,1
DA:68,1
DA:69,1
DA:70,1
DA:72,1
DA:73,1
DA:77,2
DA:79,2
DA:80,2
DA:82,2
DA:83,2
DA:84,1
DA:85,1
DA:86,1
DA:87,1
DA:88,1
DA:90,1
DA:91,1
LF:55
LH:44
BRDA:18,0,0,0
BRDA:28,1,0,0
BRDA:38,2,0,0
BRDA:47,3,0,0
BRDA:59,4,0,5
BRDA:59,5,0,6
BRDA:59,5,1,6
BRDA:59,5,2,1
BRDA:77,6,0,0
BRDA:83,7,0,1
BRDA:83,8,0,2
BRDA:83,8,1,2
BRF:12
BRH:7
end_of_record
TN:
SF:src/domain/match.ts
FN:10,(anonymous_0)
FN:15,(anonymous_1)
FN:23,(anonymous_2)
FNF:3
FNH:3
FNDA:19,(anonymous_0)
FNDA:11,(anonymous_1)
FNDA:50,(anonymous_2)
DA:1,3
DA:4,19
DA:5,19
DA:11,19
DA:12,19
DA:16,11
DA:17,1
DA:19,10
DA:20,10
DA:24,50
LF:10
LH:10
BRDA:16,0,0,1
BRDA:16,1,0,11
BRDA:16,1,1,10
BRDA:24,2,0,50
BRDA:24,2,1,43
BRF:5
BRH:5
end_of_record
TN:
SF:src/domain/round.ts
FN:7,(anonymous_0)
FN:12,(anonymous_1)
FN:13,(anonymous_2)
FNF:3
FNH:3
FNDA:11,(anonymous_0)
FNDA:5,(anonymous_1)
FNDA:10,(anonymous_2)
DA:3,2
DA:8,11
DA:9,11
DA:13,10
LF:4
LH:4
BRF:0
BRH:0
end_of_record
TN:
SF:src/domain/team.ts
FN:16,(anonymous_0)
FN:23,(anonymous_1)
FN:29,(anonymous_2)
FN:35,(anonymous_3)
FN:40,(anonymous_4)
FN:52,(anonymous_5)
FNF:6
FNH:6
FNDA:25,(anonymous_0)
FNDA:35,(anonymous_1)
FNDA:1,(anonymous_2)
FNDA:34,(anonymous_3)
FNDA:49,(anonymous_4)
FNDA:70,(anonymous_5)
DA:1,3
DA:6,25
DA:7,25
DA:8,25
DA:9,25
DA:10,25
DA:11,25
DA:12,25
DA:13,25
DA:14,25
DA:17,25
DA:18,25
DA:19,25
DA:20,25
DA:24,35
DA:25,35
DA:26,35
DA:30,1
DA:31,1
DA:32,1
DA:36,34
DA:37,34
DA:41,49
DA:42,49
DA:43,49
DA:44,49
DA:45,49
DA:46,49
DA:47,49
DA:48,49
DA:49,49
DA:53,70
DA:54,70
DA:55,70
DA:56,70
DA:57,70
LF:36
LH:36
BRF:0
BRH:0
end_of_record
TN:
SF:src/domain/tournament.ts
FN:37,(anonymous_0)
FN:42,(anonymous_1)
FN:46,(anonymous_2)
FN:47,(anonymous_3)
FN:53,(anonymous_4)
FN:59,(anonymous_5)
FN:66,(anonymous_6)
FN:70,(anonymous_7)
FN:76,(anonymous_8)
FN:88,(anonymous_9)
FN:91,(anonymous_10)
FN:94,(anonymous_11)
FN:101,(anonymous_12)
FN:103,(anonymous_13)
FN:130,(anonymous_14)
FN:149,(anonymous_15)
FN:152,(anonymous_16)
FN:152,(anonymous_17)
FN:153,(anonymous_18)
FN:156,(anonymous_19)
FN:159,(anonymous_20)
FN:168,(anonymous_21)
FN:178,(anonymous_22)
FN:201,(anonymous_23)
FN:209,(anonymous_24)
FN:210,(anonymous_25)
FN:220,(anonymous_26)
FN:239,(anonymous_27)
FN:240,(anonymous_28)
FN:245,(anonymous_29)
FN:246,(anonymous_30)
FNF:31
FNH:31
FNDA:17,(anonymous_0)
FNDA:2,(anonymous_1)
FNDA:2,(anonymous_2)
FNDA:1,(anonymous_3)
FNDA:10,(anonymous_4)
FNDA:2,(anonymous_5)
FNDA:6,(anonymous_6)
FNDA:18,(anonymous_7)
FNDA:18,(anonymous_8)
FNDA:9,(anonymous_9)
FNDA:15,(anonymous_10)
FNDA:13,(anonymous_11)
FNDA:5,(anonymous_12)
FNDA:8,(anonymous_13)
FNDA:6,(anonymous_14)
FNDA:3,(anonymous_15)
FNDA:12,(anonymous_16)
FNDA:30,(anonymous_17)
FNDA:18,(anonymous_18)
FNDA:6,(anonymous_19)
FNDA:9,(anonymous_20)
FNDA:12,(anonymous_21)
FNDA:9,(anonymous_22)
FNDA:8,(anonymous_23)
FNDA:15,(anonymous_24)
FNDA:39,(anonymous_25)
FNDA:15,(anonymous_26)
FNDA:12,(anonymous_27)
FNDA:48,(anonymous_28)
FNDA:100,(anonymous_29)
FNDA:68,(anonymous_30)
DA:1,2
DA:2,2
DA:3,2
DA:4,2
DA:26,2
DA:27,17
DA:28,17
DA:29,17
DA:30,17
DA:31,17
DA:32,17
DA:33,17
DA:35,17
DA:38,17
DA:39,17
DA:41,17
DA:42,7
DA:45,17
DA:46,7
DA:47,2
DA:48,2
DA:54,10
DA:55,10
DA:56,10
DA:60,2
DA:61,1
DA:63,1
DA:67,6
DA:69,6
DA:70,6
DA:71,18
DA:72,18
DA:73,18
DA:76,6
DA:77,18
DA:78,18
DA:79,18
DA:82,6
DA:83,6
DA:84,6
DA:85,6
DA:89,9
DA:91,15
DA:92,9
DA:94,13
DA:95,9
DA:97,9
DA:98,9
DA:102,5
DA:103,8
DA:104,5
DA:105,1
DA:108,4
DA:109,4
DA:110,1
DA:111,1
DA:114,3
DA:116,3
DA:117,3
DA:118,3
DA:119,3
DA:120,3
DA:123,3
DA:124,3
DA:125,3
DA:126,3
DA:127,3
DA:131,6
DA:132,6
DA:133,5
DA:135,5
DA:136,13
DA:137,13
DA:140,5
DA:141,9
DA:144,6
DA:145,6
DA:146,6
DA:150,3
DA:151,3
DA:152,30
DA:153,18
DA:155,3
DA:156,6
DA:160,9
DA:162,6
DA:163,6
DA:165,6
DA:166,8
DA:167,8
DA:168,12
DA:169,6
DA:170,6
DA:171,6
DA:175,0
DA:179,9
DA:180,1
DA:183,8
DA:186,8
DA:187,3
DA:189,5
DA:190,5
DA:192,8
DA:194,8
DA:195,8
DA:196,16
DA:199,8
DA:200,8
DA:201,8
DA:202,8
DA:204,8
DA:205,8
DA:208,8
DA:209,8
DA:210,39
DA:211,15
DA:212,15
DA:215,8
DA:216,8
DA:217,8
DA:218,8
DA:220,8
DA:221,15
DA:222,15
DA:223,0
DA:224,0
DA:228,15
DA:229,15
DA:230,15
DA:231,15
DA:232,15
DA:234,15
DA:240,48
DA:242,12
DA:243,19
DA:244,38
DA:245,100
DA:246,68
DA:248,33
DA:249,33
DA:250,33
DA:251,0
DA:252,0
DA:253,0
DA:255,0
DA:256,0
LF:146
LH:138
BRDA:41,0,0,7
BRDA:45,1,0,7
BRDA:60,2,0,1
BRDA:67,3,0,0
BRDA:77,4,0,5
BRDA:89,5,0,0
BRDA:92,6,0,0
BRDA:94,7,0,13
BRDA:94,7,1,9
BRDA:94,7,2,4
BRDA:94,7,3,0
BRDA:95,8,0,0
BRDA:102,9,0,0
BRDA:104,10,0,1
BRDA:104,11,0,5
BRDA:104,11,1,5
BRDA:109,12,0,1
BRDA:119,13,0,0
BRDA:153,14,0,18
BRDA:153,14,1,5
BRDA:153,14,2,5
BRDA:153,14,3,5
BRDA:156,15,0,3
BRDA:156,15,1,0
BRDA:160,16,0,3
BRDA:167,17,0,6
BRDA:170,18,0,6
BRDA:179,19,0,1
BRDA:186,20,0,3
BRDA:186,20,1,5
BRDA:211,21,0,8
BRDA:218,22,0,0
BRDA:223,23,0,0
BRDA:244,24,0,33
BRDA:248,25,0,33
BRDA:248,25,1,0
BRDA:251,26,0,0
BRDA:251,26,1,0
BRF:38
BRH:25
end_of_record
