{
  "/app/frontend/src/App.vue": {
    "path": "/app/frontend/src/App.vue",
    "all": false,
    "statementMap": {
      "0": {
        "start": { "line": 1, "column": 0 },
        "end": { "line": 1, "column": 10 }
      },
      "1": {
        "start": { "line": 2, "column": 0 },
        "end": { "line": 2, "column": 40 }
      },
      "2": {
        "start": { "line": 3, "column": 0 },
        "end": { "line": 3, "column": 56 }
      },
      "3": {
        "start": { "line": 4, "column": 0 },
        "end": { "line": 4, "column": 99 }
      },
      "4": {
        "start": { "line": 5, "column": 0 },
        "end": { "line": 5, "column": 10 }
      },
      "5": {
        "start": { "line": 6, "column": 0 },
        "end": { "line": 6, "column": 87 }
      },
      "6": {
        "start": { "line": 7, "column": 0 },
        "end": { "line": 7, "column": 54 }
      },
      "7": {
        "start": { "line": 8, "column": 0 },
        "end": { "line": 8, "column": 92 }
      },
      "8": {
        "start": { "line": 9, "column": 0 },
        "end": { "line": 9, "column": 118 }
      },
      "9": {
        "start": { "line": 10, "column": 0 },
        "end": { "line": 10, "column": 83 }
      },
      "10": {
        "start": { "line": 11, "column": 0 },
        "end": { "line": 11, "column": 143 }
      },
      "11": {
        "start": { "line": 12, "column": 0 },
        "end": { "line": 12, "column": 132 }
      },
      "12": {
        "start": { "line": 13, "column": 0 },
        "end": { "line": 13, "column": 10 }
      },
      "13": {
        "start": { "line": 14, "column": 0 },
        "end": { "line": 14, "column": 8 }
      },
      "17": {
        "start": { "line": 18, "column": 0 },
        "end": { "line": 18, "column": 32 }
      },
      "18": {
        "start": { "line": 19, "column": 0 },
        "end": { "line": 19, "column": 65 }
      },
      "19": {
        "start": { "line": 20, "column": 0 },
        "end": { "line": 20, "column": 51 }
      },
      "20": {
        "start": { "line": 21, "column": 0 },
        "end": { "line": 21, "column": 61 }
      },
      "22": {
        "start": { "line": 23, "column": 0 },
        "end": { "line": 23, "column": 24 }
      }
    },
    "s": {
      "0": 1,
      "1": 1,
      "2": 1,
      "3": 1,
      "4": 6,
      "5": 6,
      "6": 4,
      "7": 3,
      "8": 1,
      "9": 1,
      "10": 1,
      "11": 1,
      "12": 1,
      "13": 1,
      "17": 1,
      "18": 1,
      "19": 1,
      "20": 1,
      "22": 1
    },
    "branchMap": {
      "0": {
        "type": "branch",
        "line": 4,
        "loc": {
          "start": { "line": 4, "column": 95 },
          "end": { "line": 12, "column": 132 }
        },
        "locations": [
          {
            "start": { "line": 4, "column": 95 },
            "end": { "line": 12, "column": 132 }
          }
        ]
      },
      "1": {
        "type": "branch",
        "line": 6,
        "loc": {
          "start": { "line": 6, "column": 45 },
          "end": { "line": 6, "column": 87 }
        },
        "locations": [
          {
            "start": { "line": 6, "column": 45 },
            "end": { "line": 6, "column": 87 }
          }
        ]
      },
      "2": {
        "type": "branch",
        "line": 6,
        "loc": {
          "start": { "line": 6, "column": 68 },
          "end": { "line": 6, "column": 87 }
        },
        "locations": [
          {
            "start": { "line": 6, "column": 68 },
            "end": { "line": 6, "column": 87 }
          }
        ]
      },
      "3": {
        "type": "branch",
        "line": 7,
        "loc": {
          "start": { "line": 7, "column": -1 },
          "end": { "line": 12, "column": 132 }
        },
        "locations": [
          {
            "start": { "line": 7, "column": -1 },
            "end": { "line": 12, "column": 132 }
          }
        ]
      },
      "4": {
        "type": "branch",
        "line": 7,
        "loc": {
          "start": { "line": 7, "column": 38 },
          "end": { "line": 7, "column": 54 }
        },
        "locations": [
          {
            "start": { "line": 7, "column": 38 },
            "end": { "line": 7, "column": 54 }
          }
        ]
      },
      "5": {
        "type": "branch",
        "line": 8,
        "loc": {
          "start": { "line": 8, "column": -1 },
          "end": { "line": 12, "column": 132 }
        },
        "locations": [
          {
            "start": { "line": 8, "column": -1 },
            "end": { "line": 12, "column": 132 }
          }
        ]
      },
      "6": {
        "type": "branch",
        "line": 8,
        "loc": {
          "start": { "line": 8, "column": 43 },
          "end": { "line": 8, "column": 92 }
        },
        "locations": [
          {
            "start": { "line": 8, "column": 43 },
            "end": { "line": 8, "column": 92 }
          }
        ]
      },
      "7": {
        "type": "branch",
        "line": 8,
        "loc": {
          "start": { "line": 8, "column": 73 },
          "end": { "line": 8, "column": 92 }
        },
        "locations": [
          {
            "start": { "line": 8, "column": 73 },
            "end": { "line": 8, "column": 92 }
          }
        ]
      },
      "8": {
        "type": "branch",
        "line": 9,
        "loc": {
          "start": { "line": 9, "column": -1 },
          "end": { "line": 12, "column": 132 }
        },
        "locations": [
          {
            "start": { "line": 9, "column": -1 },
            "end": { "line": 12, "column": 132 }
          }
        ]
      },
      "9": {
        "type": "branch",
        "line": 12,
        "loc": {
          "start": { "line": 12, "column": 128 },
          "end": { "line": 12, "column": 132 }
        },
        "locations": [
          {
            "start": { "line": 12, "column": 128 },
            "end": { "line": 12, "column": 132 }
          }
        ]
      }
    },
    "b": {
      "0": [6],
      "1": [5],
      "2": [2],
      "3": [4],
      "4": [1],
      "5": [3],
      "6": [2],
      "7": [2],
      "8": [1],
      "9": [0]
    },
    "fnMap": {},
    "f": {}
  },
  "/app/frontend/src/api.ts": {
    "path": "/app/frontend/src/api.ts",
    "all": false,
    "statementMap": {
      "0": {
        "start": { "line": 1, "column": 0 },
        "end": { "line": 1, "column": 31 }
      },
      "3": {
        "start": { "line": 4, "column": 0 },
        "end": { "line": 4, "column": 23 }
      },
      "5": {
        "start": { "line": 6, "column": 0 },
        "end": { "line": 6, "column": 69 }
      },
      "6": {
        "start": { "line": 7, "column": 0 },
        "end": { "line": 7, "column": 23 }
      },
      "7": {
        "start": { "line": 8, "column": 0 },
        "end": { "line": 8, "column": 44 }
      },
      "8": {
        "start": { "line": 9, "column": 0 },
        "end": { "line": 9, "column": 76 }
      },
      "9": {
        "start": { "line": 10, "column": 0 },
        "end": { "line": 10, "column": 5 }
      },
      "10": {
        "start": { "line": 11, "column": 0 },
        "end": { "line": 11, "column": 27 }
      },
      "11": {
        "start": { "line": 12, "column": 0 },
        "end": { "line": 12, "column": 1 }
      },
      "13": {
        "start": { "line": 14, "column": 0 },
        "end": { "line": 14, "column": 99 }
      },
      "14": {
        "start": { "line": 15, "column": 0 },
        "end": { "line": 15, "column": 60 }
      },
      "15": {
        "start": { "line": 16, "column": 0 },
        "end": { "line": 16, "column": 23 }
      },
      "16": {
        "start": { "line": 17, "column": 0 },
        "end": { "line": 17, "column": 56 }
      },
      "17": {
        "start": { "line": 18, "column": 0 },
        "end": { "line": 18, "column": 41 }
      },
      "18": {
        "start": { "line": 19, "column": 0 },
        "end": { "line": 19, "column": 7 }
      },
      "19": {
        "start": { "line": 20, "column": 0 },
        "end": { "line": 20, "column": 59 }
      },
      "20": {
        "start": { "line": 21, "column": 0 },
        "end": { "line": 21, "column": 1 }
      },
      "22": {
        "start": { "line": 23, "column": 0 },
        "end": { "line": 23, "column": 128 }
      },
      "23": {
        "start": { "line": 24, "column": 0 },
        "end": { "line": 24, "column": 72 }
      },
      "24": {
        "start": { "line": 25, "column": 0 },
        "end": { "line": 25, "column": 23 }
      },
      "25": {
        "start": { "line": 26, "column": 0 },
        "end": { "line": 26, "column": 56 }
      },
      "26": {
        "start": { "line": 27, "column": 0 },
        "end": { "line": 27, "column": 40 }
      },
      "27": {
        "start": { "line": 28, "column": 0 },
        "end": { "line": 28, "column": 7 }
      },
      "28": {
        "start": { "line": 29, "column": 0 },
        "end": { "line": 29, "column": 59 }
      },
      "29": {
        "start": { "line": 30, "column": 0 },
        "end": { "line": 30, "column": 1 }
      },
      "31": {
        "start": { "line": 32, "column": 0 },
        "end": { "line": 32, "column": 168 }
      },
      "32": {
        "start": { "line": 33, "column": 0 },
        "end": { "line": 33, "column": 74 }
      },
      "33": {
        "start": { "line": 34, "column": 0 },
        "end": { "line": 34, "column": 23 }
      },
      "34": {
        "start": { "line": 35, "column": 0 },
        "end": { "line": 35, "column": 56 }
      },
      "35": {
        "start": { "line": 36, "column": 0 },
        "end": { "line": 36, "column": 37 }
      },
      "36": {
        "start": { "line": 37, "column": 0 },
        "end": { "line": 37, "column": 7 }
      },
      "37": {
        "start": { "line": 38, "column": 0 },
        "end": { "line": 38, "column": 59 }
      },
      "38": {
        "start": { "line": 39, "column": 0 },
        "end": { "line": 39, "column": 1 }
      },
      "40": {
        "start": { "line": 41, "column": 0 },
        "end": { "line": 41, "column": 74 }
      },
      "41": {
        "start": { "line": 42, "column": 0 },
        "end": { "line": 42, "column": 77 }
      },
      "42": {
        "start": { "line": 43, "column": 0 },
        "end": { "line": 43, "column": 23 }
      },
      "43": {
        "start": { "line": 44, "column": 0 },
        "end": { "line": 44, "column": 7 }
      },
      "44": {
        "start": { "line": 45, "column": 0 },
        "end": { "line": 45, "column": 59 }
      },
      "45": {
        "start": { "line": 46, "column": 0 },
        "end": { "line": 46, "column": 1 }
      },
      "47": {
        "start": { "line": 48, "column": 0 },
        "end": { "line": 48, "column": 126 }
      },
      "48": {
        "start": { "line": 49, "column": 0 },
        "end": { "line": 49, "column": 73 }
      },
      "49": {
        "start": { "line": 50, "column": 0 },
        "end": { "line": 50, "column": 22 }
      },
      "50": {
        "start": { "line": 51, "column": 0 },
        "end": { "line": 51, "column": 56 }
      },
      "51": {
        "start": { "line": 52, "column": 0 },
        "end": { "line": 52, "column": 41 }
      },
      "52": {
        "start": { "line": 53, "column": 0 },
        "end": { "line": 53, "column": 7 }
      },
      "53": {
        "start": { "line": 54, "column": 0 },
        "end": { "line": 54, "column": 59 }
      },
      "54": {
        "start": { "line": 55, "column": 0 },
        "end": { "line": 55, "column": 1 }
      },
      "56": {
        "start": { "line": 57, "column": 0 },
        "end": { "line": 57, "column": 78 }
      },
      "57": {
        "start": { "line": 58, "column": 0 },
        "end": { "line": 58, "column": 14 }
      },
      "58": {
        "start": { "line": 59, "column": 0 },
        "end": { "line": 59, "column": 79 }
      },
      "59": {
        "start": { "line": 60, "column": 0 },
        "end": { "line": 60, "column": 20 }
      },
      "60": {
        "start": { "line": 61, "column": 0 },
        "end": { "line": 61, "column": 5 }
      },
      "61": {
        "start": { "line": 62, "column": 0 },
        "end": { "line": 62, "column": 9 }
      },
      "62": {
        "start": { "line": 63, "column": 0 },
        "end": { "line": 63, "column": 69 }
      },
      "63": {
        "start": { "line": 64, "column": 0 },
        "end": { "line": 64, "column": 27 }
      },
      "64": {
        "start": { "line": 65, "column": 0 },
        "end": { "line": 65, "column": 42 }
      },
      "65": {
        "start": { "line": 66, "column": 0 },
        "end": { "line": 66, "column": 90 }
      },
      "66": {
        "start": { "line": 67, "column": 0 },
        "end": { "line": 67, "column": 20 }
      },
      "67": {
        "start": { "line": 68, "column": 0 },
        "end": { "line": 68, "column": 88 }
      },
      "68": {
        "start": { "line": 69, "column": 0 },
        "end": { "line": 69, "column": 13 }
      },
      "69": {
        "start": { "line": 70, "column": 0 },
        "end": { "line": 70, "column": 24 }
      },
      "70": {
        "start": { "line": 71, "column": 0 },
        "end": { "line": 71, "column": 9 }
      },
      "71": {
        "start": { "line": 72, "column": 0 },
        "end": { "line": 72, "column": 51 }
      },
      "72": {
        "start": { "line": 73, "column": 0 },
        "end": { "line": 73, "column": 17 }
      },
      "73": {
        "start": { "line": 74, "column": 0 },
        "end": { "line": 74, "column": 50 }
      },
      "74": {
        "start": { "line": 75, "column": 0 },
        "end": { "line": 75, "column": 98 }
      },
      "75": {
        "start": { "line": 76, "column": 0 },
        "end": { "line": 76, "column": 20 }
      },
      "76": {
        "start": { "line": 77, "column": 0 },
        "end": { "line": 77, "column": 5 }
      },
      "77": {
        "start": { "line": 78, "column": 0 },
        "end": { "line": 78, "column": 1 }
      }
    },
    "s": {
      "0": 1,
      "3": 1,
      "5": 6,
      "6": 6,
      "7": 1,
      "8": 1,
      "9": 1,
      "10": 5,
      "11": 5,
      "13": 2,
      "14": 2,
      "15": 2,
      "16": 2,
      "17": 2,
      "18": 2,
      "19": 2,
      "20": 2,
      "22": 1,
      "23": 1,
      "24": 1,
      "25": 1,
      "26": 1,
      "27": 1,
      "28": 1,
      "29": 1,
      "31": 1,
      "32": 1,
      "33": 1,
      "34": 1,
      "35": 1,
      "36": 1,
      "37": 1,
      "38": 1,
      "40": 1,
      "41": 1,
      "42": 1,
      "43": 1,
      "44": 1,
      "45": 1,
      "47": 1,
      "48": 1,
      "49": 1,
      "50": 1,
      "51": 1,
      "52": 1,
      "53": 1,
      "54": 1,
      "56": 5,
      "57": 5,
      "58": 1,
      "59": 1,
      "60": 1,
      "61": 4,
      "62": 4,
      "63": 5,
      "64": 2,
      "65": 1,
      "66": 1,
      "67": 1,
      "68": 1,
      "69": 2,
      "70": 2,
      "71": 1,
      "72": 1,
      "73": 1,
      "74": 1,
      "75": 1,
      "76": 1,
      "77": 5
    },
    "branchMap": {
      "0": {
        "type": "branch",
        "line": 6,
        "loc": {
          "start": { "line": 6, "column": 0 },
          "end": { "line": 12, "column": 1 }
        },
        "locations": [
          {
            "start": { "line": 6, "column": 0 },
            "end": { "line": 12, "column": 1 }
          }
        ]
      },
      "1": {
        "type": "branch",
        "line": 7,
        "loc": {
          "start": { "line": 7, "column": 22 },
          "end": { "line": 10, "column": 5 }
        },
        "locations": [
          {
            "start": { "line": 7, "column": 22 },
            "end": { "line": 10, "column": 5 }
          }
        ]
      },
      "2": {
        "type": "branch",
        "line": 9,
        "loc": {
          "start": { "line": 9, "column": 30 },
          "end": { "line": 9, "column": 74 }
        },
        "locations": [
          {
            "start": { "line": 9, "column": 30 },
            "end": { "line": 9, "column": 74 }
          }
        ]
      },
      "3": {
        "type": "branch",
        "line": 10,
        "loc": {
          "start": { "line": 10, "column": 4 },
          "end": { "line": 12, "column": 1 }
        },
        "locations": [
          {
            "start": { "line": 10, "column": 4 },
            "end": { "line": 12, "column": 1 }
          }
        ]
      },
      "4": {
        "type": "branch",
        "line": 14,
        "loc": {
          "start": { "line": 14, "column": 0 },
          "end": { "line": 21, "column": 1 }
        },
        "locations": [
          {
            "start": { "line": 14, "column": 0 },
            "end": { "line": 21, "column": 1 }
          }
        ]
      },
      "5": {
        "type": "branch",
        "line": 23,
        "loc": {
          "start": { "line": 23, "column": 0 },
          "end": { "line": 30, "column": 1 }
        },
        "locations": [
          {
            "start": { "line": 23, "column": 0 },
            "end": { "line": 30, "column": 1 }
          }
        ]
      },
      "6": {
        "type": "branch",
        "line": 32,
        "loc": {
          "start": { "line": 32, "column": 0 },
          "end": { "line": 39, "column": 1 }
        },
        "locations": [
          {
            "start": { "line": 32, "column": 0 },
            "end": { "line": 39, "column": 1 }
          }
        ]
      },
      "7": {
        "type": "branch",
        "line": 41,
        "loc": {
          "start": { "line": 41, "column": 0 },
          "end": { "line": 46, "column": 1 }
        },
        "locations": [
          {
            "start": { "line": 41, "column": 0 },
            "end": { "line": 46, "column": 1 }
          }
        ]
      },
      "8": {
        "type": "branch",
        "line": 48,
        "loc": {
          "start": { "line": 48, "column": 0 },
          "end": { "line": 55, "column": 1 }
        },
        "locations": [
          {
            "start": { "line": 48, "column": 0 },
            "end": { "line": 55, "column": 1 }
          }
        ]
      },
      "9": {
        "type": "branch",
        "line": 57,
        "loc": {
          "start": { "line": 57, "column": 0 },
          "end": { "line": 78, "column": 1 }
        },
        "locations": [
          {
            "start": { "line": 57, "column": 0 },
            "end": { "line": 78, "column": 1 }
          }
        ]
      },
      "10": {
        "type": "branch",
        "line": 58,
        "loc": {
          "start": { "line": 58, "column": 13 },
          "end": { "line": 61, "column": 5 }
        },
        "locations": [
          {
            "start": { "line": 58, "column": 13 },
            "end": { "line": 61, "column": 5 }
          }
        ]
      },
      "11": {
        "type": "branch",
        "line": 61,
        "loc": {
          "start": { "line": 61, "column": 4 },
          "end": { "line": 63, "column": 69 }
        },
        "locations": [
          {
            "start": { "line": 61, "column": 4 },
            "end": { "line": 63, "column": 69 }
          }
        ]
      },
      "12": {
        "type": "branch",
        "line": 63,
        "loc": {
          "start": { "line": 63, "column": 67 },
          "end": { "line": 64, "column": 26 }
        },
        "locations": [
          {
            "start": { "line": 63, "column": 67 },
            "end": { "line": 64, "column": 26 }
          }
        ]
      },
      "13": {
        "type": "branch",
        "line": 64,
        "loc": {
          "start": { "line": 64, "column": 26 },
          "end": { "line": 71, "column": 9 }
        },
        "locations": [
          {
            "start": { "line": 64, "column": 26 },
            "end": { "line": 71, "column": 9 }
          }
        ]
      },
      "14": {
        "type": "branch",
        "line": 65,
        "loc": {
          "start": { "line": 65, "column": 41 },
          "end": { "line": 69, "column": 13 }
        },
        "locations": [
          {
            "start": { "line": 65, "column": 41 },
            "end": { "line": 69, "column": 13 }
          }
        ]
      },
      "15": {
        "type": "branch",
        "line": 71,
        "loc": {
          "start": { "line": 71, "column": 8 },
          "end": { "line": 77, "column": 5 }
        },
        "locations": [
          {
            "start": { "line": 71, "column": 8 },
            "end": { "line": 77, "column": 5 }
          }
        ]
      }
    },
    "b": {
      "0": [6],
      "1": [1],
      "2": [0],
      "3": [5],
      "4": [2],
      "5": [1],
      "6": [1],
      "7": [1],
      "8": [1],
      "9": [5],
      "10": [1],
      "11": [4],
      "12": [3],
      "13": [2],
      "14": [1],
      "15": [1]
    },
    "fnMap": {
      "0": {
        "name": "handleResponse",
        "decl": {
          "start": { "line": 6, "column": 0 },
          "end": { "line": 12, "column": 1 }
        },
        "loc": {
          "start": { "line": 6, "column": 0 },
          "end": { "line": 12, "column": 1 }
        },
        "line": 6
      },
      "1": {
        "name": "createTournament",
        "decl": {
          "start": { "line": 14, "column": 0 },
          "end": { "line": 21, "column": 1 }
        },
        "loc": {
          "start": { "line": 14, "column": 0 },
          "end": { "line": 21, "column": 1 }
        },
        "line": 14
      },
      "2": {
        "name": "startTournament",
        "decl": {
          "start": { "line": 23, "column": 0 },
          "end": { "line": 30, "column": 1 }
        },
        "loc": {
          "start": { "line": 23, "column": 0 },
          "end": { "line": 30, "column": 1 }
        },
        "line": 23
      },
      "3": {
        "name": "recordResult",
        "decl": {
          "start": { "line": 32, "column": 0 },
          "end": { "line": 39, "column": 1 }
        },
        "loc": {
          "start": { "line": 32, "column": 0 },
          "end": { "line": 39, "column": 1 }
        },
        "line": 32
      },
      "4": {
        "name": "generateNextRound",
        "decl": {
          "start": { "line": 41, "column": 0 },
          "end": { "line": 46, "column": 1 }
        },
        "loc": {
          "start": { "line": 41, "column": 0 },
          "end": { "line": 46, "column": 1 }
        },
        "line": 41
      },
      "5": {
        "name": "updateTournamentConfig",
        "decl": {
          "start": { "line": 48, "column": 0 },
          "end": { "line": 55, "column": 1 }
        },
        "loc": {
          "start": { "line": 48, "column": 0 },
          "end": { "line": 55, "column": 1 }
        },
        "line": 48
      },
      "6": {
        "name": "loadTournament",
        "decl": {
          "start": { "line": 57, "column": 0 },
          "end": { "line": 78, "column": 1 }
        },
        "loc": {
          "start": { "line": 57, "column": 0 },
          "end": { "line": 78, "column": 1 }
        },
        "line": 57
      }
    },
    "f": { "0": 6, "1": 2, "2": 1, "3": 1, "4": 1, "5": 1, "6": 5 }
  },
  "/app/frontend/src/store.ts": {
    "path": "/app/frontend/src/store.ts",
    "all": false,
    "statementMap": {
      "0": {
        "start": { "line": 1, "column": 0 },
        "end": { "line": 1, "column": 31 }
      },
      "3": {
        "start": { "line": 4, "column": 0 },
        "end": { "line": 4, "column": 32 }
      },
      "4": {
        "start": { "line": 5, "column": 0 },
        "end": { "line": 5, "column": 22 }
      },
      "5": {
        "start": { "line": 6, "column": 0 },
        "end": { "line": 6, "column": 21 }
      },
      "6": {
        "start": { "line": 7, "column": 0 },
        "end": { "line": 7, "column": 27 }
      },
      "7": {
        "start": { "line": 8, "column": 0 },
        "end": { "line": 8, "column": 14 }
      },
      "8": {
        "start": { "line": 9, "column": 0 },
        "end": { "line": 9, "column": 15 }
      },
      "9": {
        "start": { "line": 10, "column": 0 },
        "end": { "line": 10, "column": 15 }
      },
      "10": {
        "start": { "line": 11, "column": 0 },
        "end": { "line": 11, "column": 20 }
      },
      "11": {
        "start": { "line": 12, "column": 0 },
        "end": { "line": 12, "column": 20 }
      },
      "12": {
        "start": { "line": 13, "column": 0 },
        "end": { "line": 13, "column": 27 }
      },
      "13": {
        "start": { "line": 14, "column": 0 },
        "end": { "line": 14, "column": 21 }
      },
      "14": {
        "start": { "line": 15, "column": 0 },
        "end": { "line": 15, "column": 13 }
      },
      "15": {
        "start": { "line": 16, "column": 0 },
        "end": { "line": 16, "column": 17 }
      },
      "16": {
        "start": { "line": 17, "column": 0 },
        "end": { "line": 17, "column": 42 }
      },
      "17": {
        "start": { "line": 18, "column": 0 },
        "end": { "line": 18, "column": 98 }
      },
      "18": {
        "start": { "line": 19, "column": 0 },
        "end": { "line": 19, "column": 42 }
      },
      "19": {
        "start": { "line": 20, "column": 0 },
        "end": { "line": 20, "column": 21 }
      },
      "20": {
        "start": { "line": 21, "column": 0 },
        "end": { "line": 21, "column": 21 }
      },
      "21": {
        "start": { "line": 22, "column": 0 },
        "end": { "line": 22, "column": 25 }
      },
      "22": {
        "start": { "line": 23, "column": 0 },
        "end": { "line": 23, "column": 21 }
      },
      "23": {
        "start": { "line": 24, "column": 0 },
        "end": { "line": 24, "column": 26 }
      },
      "24": {
        "start": { "line": 25, "column": 0 },
        "end": { "line": 25, "column": 25 }
      },
      "25": {
        "start": { "line": 26, "column": 0 },
        "end": { "line": 26, "column": 58 }
      },
      "26": {
        "start": { "line": 27, "column": 0 },
        "end": { "line": 27, "column": 27 }
      },
      "27": {
        "start": { "line": 28, "column": 0 },
        "end": { "line": 28, "column": 6 }
      },
      "28": {
        "start": { "line": 29, "column": 0 },
        "end": { "line": 29, "column": 29 }
      },
      "29": {
        "start": { "line": 30, "column": 0 },
        "end": { "line": 30, "column": 2 }
      },
      "31": {
        "start": { "line": 32, "column": 0 },
        "end": { "line": 32, "column": 31 }
      },
      "38": {
        "start": { "line": 39, "column": 0 },
        "end": { "line": 39, "column": 4 }
      },
      "39": {
        "start": { "line": 40, "column": 0 },
        "end": { "line": 40, "column": 52 }
      },
      "41": {
        "start": { "line": 42, "column": 0 },
        "end": { "line": 42, "column": 24 }
      },
      "43": {
        "start": { "line": 44, "column": 0 },
        "end": { "line": 44, "column": 52 }
      },
      "44": {
        "start": { "line": 45, "column": 0 },
        "end": { "line": 45, "column": 6 }
      },
      "46": {
        "start": { "line": 47, "column": 0 },
        "end": { "line": 47, "column": 60 }
      },
      "47": {
        "start": { "line": 48, "column": 0 },
        "end": { "line": 48, "column": 58 }
      },
      "48": {
        "start": { "line": 49, "column": 0 },
        "end": { "line": 49, "column": 70 }
      },
      "49": {
        "start": { "line": 50, "column": 0 },
        "end": { "line": 50, "column": 75 }
      },
      "50": {
        "start": { "line": 51, "column": 0 },
        "end": { "line": 51, "column": 3 }
      }
    },
    "s": {
      "0": 1,
      "3": 1,
      "4": 1,
      "5": 1,
      "6": 1,
      "7": 1,
      "8": 1,
      "9": 1,
      "10": 1,
      "11": 1,
      "12": 1,
      "13": 1,
      "14": 1,
      "15": 1,
      "16": 1,
      "17": 1,
      "18": 1,
      "19": 1,
      "20": 1,
      "21": 1,
      "22": 1,
      "23": 1,
      "24": 1,
      "25": 1,
      "26": 1,
      "27": 1,
      "28": 1,
      "29": 1,
      "31": 1,
      "38": 1,
      "39": 1,
      "41": 1,
      "43": 4,
      "44": 4,
      "46": 1,
      "47": 1,
      "48": 1,
      "49": 1,
      "50": 1
    },
    "branchMap": {
      "0": {
        "type": "branch",
        "line": 42,
        "loc": {
          "start": { "line": 42, "column": 4 },
          "end": { "line": 45, "column": 6 }
        },
        "locations": [
          {
            "start": { "line": 42, "column": 4 },
            "end": { "line": 45, "column": 6 }
          }
        ]
      },
      "1": {
        "type": "branch",
        "line": 47,
        "loc": {
          "start": { "line": 47, "column": 4 },
          "end": { "line": 47, "column": 60 }
        },
        "locations": [
          {
            "start": { "line": 47, "column": 4 },
            "end": { "line": 47, "column": 60 }
          }
        ]
      },
      "2": {
        "type": "branch",
        "line": 48,
        "loc": {
          "start": { "line": 48, "column": 4 },
          "end": { "line": 48, "column": 58 }
        },
        "locations": [
          {
            "start": { "line": 48, "column": 4 },
            "end": { "line": 48, "column": 58 }
          }
        ]
      },
      "3": {
        "type": "branch",
        "line": 49,
        "loc": {
          "start": { "line": 49, "column": 4 },
          "end": { "line": 49, "column": 70 }
        },
        "locations": [
          {
            "start": { "line": 49, "column": 4 },
            "end": { "line": 49, "column": 70 }
          }
        ]
      },
      "4": {
        "type": "branch",
        "line": 50,
        "loc": {
          "start": { "line": 50, "column": 4 },
          "end": { "line": 50, "column": 75 }
        },
        "locations": [
          {
            "start": { "line": 50, "column": 4 },
            "end": { "line": 50, "column": 75 }
          }
        ]
      }
    },
    "b": { "0": [4], "1": [2], "2": [10], "3": [2], "4": [34] },
    "fnMap": {
      "0": {
        "name": "setState",
        "decl": {
          "start": { "line": 42, "column": 4 },
          "end": { "line": 45, "column": 6 }
        },
        "loc": {
          "start": { "line": 42, "column": 4 },
          "end": { "line": 45, "column": 6 }
        },
        "line": 42
      },
      "1": {
        "name": "setReadOnly",
        "decl": {
          "start": { "line": 47, "column": 4 },
          "end": { "line": 47, "column": 60 }
        },
        "loc": {
          "start": { "line": 47, "column": 4 },
          "end": { "line": 47, "column": 60 }
        },
        "line": 47
      },
      "2": {
        "name": "setLoading",
        "decl": {
          "start": { "line": 48, "column": 4 },
          "end": { "line": 48, "column": 58 }
        },
        "loc": {
          "start": { "line": 48, "column": 4 },
          "end": { "line": 48, "column": 58 }
        },
        "line": 48
      },
      "3": {
        "name": "setEditingConfig",
        "decl": {
          "start": { "line": 49, "column": 4 },
          "end": { "line": 49, "column": 70 }
        },
        "loc": {
          "start": { "line": 49, "column": 4 },
          "end": { "line": 49, "column": 70 }
        },
        "line": 49
      },
      "4": {
        "name": "resetState",
        "decl": {
          "start": { "line": 50, "column": 4 },
          "end": { "line": 50, "column": 75 }
        },
        "loc": {
          "start": { "line": 50, "column": 4 },
          "end": { "line": 50, "column": 75 }
        },
        "line": 50
      }
    },
    "f": { "0": 4, "1": 2, "2": 10, "3": 2, "4": 34 }
  },
  "/app/frontend/src/components/MatchCard.vue": {
    "path": "/app/frontend/src/components/MatchCard.vue",
    "all": false,
    "statementMap": {
      "0": {
        "start": { "line": 1, "column": 0 },
        "end": { "line": 1, "column": 10 }
      },
      "1": {
        "start": { "line": 2, "column": 0 },
        "end": { "line": 2, "column": 65 }
      },
      "2": {
        "start": { "line": 3, "column": 0 },
        "end": { "line": 3, "column": 79 }
      },
      "3": {
        "start": { "line": 4, "column": 0 },
        "end": { "line": 4, "column": 128 }
      },
      "4": {
        "start": { "line": 5, "column": 0 },
        "end": { "line": 5, "column": 14 }
      },
      "5": {
        "start": { "line": 6, "column": 0 },
        "end": { "line": 6, "column": 90 }
      },
      "6": {
        "start": { "line": 7, "column": 0 },
        "end": { "line": 7, "column": 105 }
      },
      "7": {
        "start": { "line": 8, "column": 0 },
        "end": { "line": 8, "column": 101 }
      },
      "8": {
        "start": { "line": 9, "column": 0 },
        "end": { "line": 9, "column": 49 }
      },
      "9": {
        "start": { "line": 10, "column": 0 },
        "end": { "line": 10, "column": 232 }
      },
      "10": {
        "start": { "line": 11, "column": 0 },
        "end": { "line": 11, "column": 30 }
      },
      "11": {
        "start": { "line": 12, "column": 0 },
        "end": { "line": 12, "column": 232 }
      },
      "12": {
        "start": { "line": 13, "column": 0 },
        "end": { "line": 13, "column": 18 }
      },
      "13": {
        "start": { "line": 14, "column": 0 },
        "end": { "line": 14, "column": 100 }
      },
      "14": {
        "start": { "line": 15, "column": 0 },
        "end": { "line": 15, "column": 105 }
      },
      "15": {
        "start": { "line": 16, "column": 0 },
        "end": { "line": 16, "column": 14 }
      },
      "16": {
        "start": { "line": 17, "column": 0 },
        "end": { "line": 17, "column": 67 }
      },
      "17": {
        "start": { "line": 18, "column": 0 },
        "end": { "line": 18, "column": 210 }
      },
      "18": {
        "start": { "line": 19, "column": 0 },
        "end": { "line": 19, "column": 195 }
      },
      "19": {
        "start": { "line": 20, "column": 0 },
        "end": { "line": 20, "column": 15 }
      },
      "20": {
        "start": { "line": 21, "column": 0 },
        "end": { "line": 21, "column": 10 }
      },
      "24": {
        "start": { "line": 25, "column": 0 },
        "end": { "line": 25, "column": 31 }
      },
      "25": {
        "start": { "line": 26, "column": 0 },
        "end": { "line": 26, "column": 33 }
      },
      "28": {
        "start": { "line": 29, "column": 0 },
        "end": { "line": 29, "column": 27 }
      },
      "32": {
        "start": { "line": 33, "column": 0 },
        "end": { "line": 33, "column": 26 }
      },
      "37": {
        "start": { "line": 38, "column": 0 },
        "end": { "line": 38, "column": 24 }
      },
      "39": {
        "start": { "line": 40, "column": 0 },
        "end": { "line": 40, "column": 83 }
      },
      "40": {
        "start": { "line": 41, "column": 0 },
        "end": { "line": 41, "column": 83 }
      },
      "41": {
        "start": { "line": 42, "column": 0 },
        "end": { "line": 42, "column": 63 }
      },
      "42": {
        "start": { "line": 43, "column": 0 },
        "end": { "line": 43, "column": 95 }
      },
      "44": {
        "start": { "line": 45, "column": 0 },
        "end": { "line": 45, "column": 37 }
      },
      "45": {
        "start": { "line": 46, "column": 0 },
        "end": { "line": 46, "column": 30 }
      },
      "46": {
        "start": { "line": 47, "column": 0 },
        "end": { "line": 47, "column": 94 }
      },
      "47": {
        "start": { "line": 48, "column": 0 },
        "end": { "line": 48, "column": 2 }
      }
    },
    "s": {
      "0": 1,
      "1": 1,
      "2": 1,
      "3": 1,
      "4": 1,
      "5": 1,
      "6": 1,
      "7": 1,
      "8": 1,
      "9": 1,
      "10": 1,
      "11": 1,
      "12": 1,
      "13": 1,
      "14": 1,
      "15": 1,
      "16": 1,
      "17": 22,
      "18": 20,
      "19": 1,
      "20": 1,
      "24": 1,
      "25": 1,
      "28": 1,
      "32": 1,
      "37": 1,
      "39": 1,
      "40": 1,
      "41": 1,
      "42": 1,
      "44": 1,
      "45": 48,
      "46": 12,
      "47": 48
    },
    "branchMap": {
      "0": {
        "type": "branch",
        "line": 40,
        "loc": {
          "start": { "line": 40, "column": 23 },
          "end": { "line": 40, "column": 81 }
        },
        "locations": [
          {
            "start": { "line": 40, "column": 23 },
            "end": { "line": 40, "column": 81 }
          }
        ]
      },
      "1": {
        "type": "branch",
        "line": 40,
        "loc": {
          "start": { "line": 40, "column": 46 },
          "end": { "line": 40, "column": 79 }
        },
        "locations": [
          {
            "start": { "line": 40, "column": 46 },
            "end": { "line": 40, "column": 79 }
          }
        ]
      },
      "2": {
        "type": "branch",
        "line": 41,
        "loc": {
          "start": { "line": 41, "column": 23 },
          "end": { "line": 41, "column": 81 }
        },
        "locations": [
          {
            "start": { "line": 41, "column": 23 },
            "end": { "line": 41, "column": 81 }
          }
        ]
      },
      "3": {
        "type": "branch",
        "line": 41,
        "loc": {
          "start": { "line": 41, "column": 46 },
          "end": { "line": 41, "column": 79 }
        },
        "locations": [
          {
            "start": { "line": 41, "column": 46 },
            "end": { "line": 41, "column": 79 }
          }
        ]
      },
      "4": {
        "type": "branch",
        "line": 42,
        "loc": {
          "start": { "line": 42, "column": 28 },
          "end": { "line": 42, "column": 61 }
        },
        "locations": [
          {
            "start": { "line": 42, "column": 28 },
            "end": { "line": 42, "column": 61 }
          }
        ]
      },
      "5": {
        "type": "branch",
        "line": 43,
        "loc": {
          "start": { "line": 43, "column": 28 },
          "end": { "line": 43, "column": 93 }
        },
        "locations": [
          {
            "start": { "line": 43, "column": 28 },
            "end": { "line": 43, "column": 93 }
          }
        ]
      },
      "6": {
        "type": "branch",
        "line": 45,
        "loc": {
          "start": { "line": 45, "column": 19 },
          "end": { "line": 48, "column": 2 }
        },
        "locations": [
          {
            "start": { "line": 45, "column": 19 },
            "end": { "line": 48, "column": 2 }
          }
        ]
      },
      "7": {
        "type": "branch",
        "line": 46,
        "loc": {
          "start": { "line": 46, "column": 15 },
          "end": { "line": 47, "column": 94 }
        },
        "locations": [
          {
            "start": { "line": 46, "column": 15 },
            "end": { "line": 47, "column": 94 }
          }
        ]
      },
      "8": {
        "type": "branch",
        "line": 46,
        "loc": {
          "start": { "line": 46, "column": 22 },
          "end": { "line": 47, "column": 94 }
        },
        "locations": [
          {
            "start": { "line": 46, "column": 22 },
            "end": { "line": 47, "column": 94 }
          }
        ]
      },
      "9": {
        "type": "branch",
        "line": 10,
        "loc": {
          "start": { "line": 10, "column": 181 },
          "end": { "line": 10, "column": 196 }
        },
        "locations": [
          {
            "start": { "line": 10, "column": 181 },
            "end": { "line": 10, "column": 196 }
          }
        ]
      },
      "10": {
        "type": "branch",
        "line": 10,
        "loc": {
          "start": { "line": 10, "column": 206 },
          "end": { "line": 10, "column": 232 }
        },
        "locations": [
          {
            "start": { "line": 10, "column": 206 },
            "end": { "line": 10, "column": 232 }
          }
        ]
      },
      "11": {
        "type": "branch",
        "line": 11,
        "loc": {
          "start": { "line": 11, "column": 16 },
          "end": { "line": 11, "column": 30 }
        },
        "locations": [
          {
            "start": { "line": 11, "column": 16 },
            "end": { "line": 11, "column": 30 }
          }
        ]
      },
      "12": {
        "type": "branch",
        "line": 12,
        "loc": {
          "start": { "line": 12, "column": 181 },
          "end": { "line": 12, "column": 196 }
        },
        "locations": [
          {
            "start": { "line": 12, "column": 181 },
            "end": { "line": 12, "column": 196 }
          }
        ]
      },
      "13": {
        "type": "branch",
        "line": 12,
        "loc": {
          "start": { "line": 12, "column": 206 },
          "end": { "line": 12, "column": 232 }
        },
        "locations": [
          {
            "start": { "line": 12, "column": 206 },
            "end": { "line": 12, "column": 232 }
          }
        ]
      },
      "14": {
        "type": "branch",
        "line": 17,
        "loc": {
          "start": { "line": 17, "column": 21 },
          "end": { "line": 19, "column": 195 }
        },
        "locations": [
          {
            "start": { "line": 17, "column": 21 },
            "end": { "line": 19, "column": 195 }
          }
        ]
      },
      "15": {
        "type": "branch",
        "line": 18,
        "loc": {
          "start": { "line": 18, "column": 201 },
          "end": { "line": 19, "column": 195 }
        },
        "locations": [
          {
            "start": { "line": 18, "column": 201 },
            "end": { "line": 19, "column": 195 }
          }
        ]
      },
      "16": {
        "type": "branch",
        "line": 19,
        "loc": {
          "start": { "line": 19, "column": 154 },
          "end": { "line": 19, "column": 177 }
        },
        "locations": [
          {
            "start": { "line": 19, "column": 154 },
            "end": { "line": 19, "column": 177 }
          }
        ]
      },
      "17": {
        "type": "branch",
        "line": 19,
        "loc": {
          "start": { "line": 19, "column": 186 },
          "end": { "line": 19, "column": 195 }
        },
        "locations": [
          {
            "start": { "line": 19, "column": 186 },
            "end": { "line": 19, "column": 195 }
          }
        ]
      }
    },
    "b": {
      "0": [24],
      "1": [32],
      "2": [24],
      "3": [64],
      "4": [24],
      "5": [24],
      "6": [48],
      "7": [36],
      "8": [12],
      "9": [20],
      "10": [20],
      "11": [21],
      "12": [22],
      "13": [20],
      "14": [22],
      "15": [20],
      "16": [19],
      "17": [2]
    },
    "fnMap": {
      "0": {
        "name": "formatTime",
        "decl": {
          "start": { "line": 45, "column": 19 },
          "end": { "line": 48, "column": 2 }
        },
        "loc": {
          "start": { "line": 45, "column": 19 },
          "end": { "line": 48, "column": 2 }
        },
        "line": 45
      },
      "1": {
        "name": "__vite_ssr_import_3__.createElementBlock.$setup.isReadOnly.__vite_ssr_import_3__.createElementBlock.$setup.isFinished.__vite_ssr_import_3__.createElementBlock.onClick._cache.<computed>._cache.<computed>",
        "decl": {
          "start": { "line": 18, "column": 169 },
          "end": { "line": 18, "column": 192 }
        },
        "loc": {
          "start": { "line": 18, "column": 169 },
          "end": { "line": 18, "column": 192 }
        },
        "line": 18
      },
      "2": {
        "name": "__vite_ssr_import_3__.createElementBlock.$setup.isReadOnly.__vite_ssr_import_3__.createElementBlock.$setup.isFinished.__vite_ssr_import_3__.createElementBlock.onClick._cache.<computed>._cache.<computed>",
        "decl": {
          "start": { "line": 19, "column": 154 },
          "end": { "line": 19, "column": 177 }
        },
        "loc": {
          "start": { "line": 19, "column": 154 },
          "end": { "line": 19, "column": 177 }
        },
        "line": 19
      }
    },
    "f": { "0": 48, "1": 0, "2": 0 }
  },
  "/app/frontend/src/components/MatchList.vue": {
    "path": "/app/frontend/src/components/MatchList.vue",
    "all": false,
    "statementMap": {
      "0": {
        "start": { "line": 1, "column": 0 },
        "end": { "line": 1, "column": 10 }
      },
      "1": {
        "start": { "line": 2, "column": 0 },
        "end": { "line": 2, "column": 9 }
      },
      "2": {
        "start": { "line": 3, "column": 0 },
        "end": { "line": 3, "column": 98 }
      },
      "3": {
        "start": { "line": 4, "column": 0 },
        "end": { "line": 4, "column": 69 }
      },
      "4": {
        "start": { "line": 5, "column": 0 },
        "end": { "line": 5, "column": 80 }
      },
      "5": {
        "start": { "line": 6, "column": 0 },
        "end": { "line": 6, "column": 91 }
      },
      "6": {
        "start": { "line": 7, "column": 0 },
        "end": { "line": 7, "column": 104 }
      },
      "7": {
        "start": { "line": 8, "column": 0 },
        "end": { "line": 8, "column": 140 }
      },
      "8": {
        "start": { "line": 9, "column": 0 },
        "end": { "line": 9, "column": 22 }
      },
      "9": {
        "start": { "line": 10, "column": 0 },
        "end": { "line": 10, "column": 18 }
      },
      "10": {
        "start": { "line": 11, "column": 0 },
        "end": { "line": 11, "column": 14 }
      },
      "11": {
        "start": { "line": 12, "column": 0 },
        "end": { "line": 12, "column": 79 }
      },
      "12": {
        "start": { "line": 13, "column": 0 },
        "end": { "line": 13, "column": 89 }
      },
      "13": {
        "start": { "line": 14, "column": 0 },
        "end": { "line": 14, "column": 111 }
      },
      "14": {
        "start": { "line": 15, "column": 0 },
        "end": { "line": 15, "column": 147 }
      },
      "15": {
        "start": { "line": 16, "column": 0 },
        "end": { "line": 16, "column": 14 }
      },
      "16": {
        "start": { "line": 17, "column": 0 },
        "end": { "line": 17, "column": 10 }
      },
      "20": {
        "start": { "line": 21, "column": 0 },
        "end": { "line": 21, "column": 31 }
      },
      "21": {
        "start": { "line": 22, "column": 0 },
        "end": { "line": 22, "column": 33 }
      },
      "22": {
        "start": { "line": 23, "column": 0 },
        "end": { "line": 23, "column": 38 }
      },
      "24": {
        "start": { "line": 25, "column": 0 },
        "end": { "line": 25, "column": 40 }
      },
      "25": {
        "start": { "line": 26, "column": 0 },
        "end": { "line": 26, "column": 31 }
      },
      "27": {
        "start": { "line": 28, "column": 0 },
        "end": { "line": 28, "column": 24 }
      },
      "29": {
        "start": { "line": 30, "column": 0 },
        "end": { "line": 30, "column": 102 }
      },
      "31": {
        "start": { "line": 32, "column": 0 },
        "end": { "line": 32, "column": 39 }
      },
      "32": {
        "start": { "line": 33, "column": 0 },
        "end": { "line": 33, "column": 43 }
      },
      "34": {
        "start": { "line": 35, "column": 0 },
        "end": { "line": 35, "column": 51 }
      },
      "35": {
        "start": { "line": 36, "column": 0 },
        "end": { "line": 36, "column": 43 }
      },
      "36": {
        "start": { "line": 37, "column": 0 },
        "end": { "line": 37, "column": 32 }
      },
      "37": {
        "start": { "line": 38, "column": 0 },
        "end": { "line": 38, "column": 5 }
      },
      "39": {
        "start": { "line": 40, "column": 0 },
        "end": { "line": 40, "column": 57 }
      },
      "40": {
        "start": { "line": 41, "column": 0 },
        "end": { "line": 41, "column": 68 }
      },
      "41": {
        "start": { "line": 42, "column": 0 },
        "end": { "line": 42, "column": 20 }
      },
      "42": {
        "start": { "line": 43, "column": 0 },
        "end": { "line": 43, "column": 45 }
      },
      "43": {
        "start": { "line": 44, "column": 0 },
        "end": { "line": 44, "column": 9 }
      },
      "44": {
        "start": { "line": 45, "column": 0 },
        "end": { "line": 45, "column": 5 }
      },
      "46": {
        "start": { "line": 47, "column": 0 },
        "end": { "line": 47, "column": 38 }
      },
      "47": {
        "start": { "line": 48, "column": 0 },
        "end": { "line": 48, "column": 140 }
      },
      "48": {
        "start": { "line": 49, "column": 0 },
        "end": { "line": 49, "column": 5 }
      },
      "50": {
        "start": { "line": 51, "column": 0 },
        "end": { "line": 51, "column": 19 }
      },
      "51": {
        "start": { "line": 52, "column": 0 },
        "end": { "line": 52, "column": 3 }
      },
      "53": {
        "start": { "line": 54, "column": 0 },
        "end": { "line": 54, "column": 45 }
      },
      "54": {
        "start": { "line": 55, "column": 0 },
        "end": { "line": 55, "column": 43 }
      },
      "55": {
        "start": { "line": 56, "column": 0 },
        "end": { "line": 56, "column": 160 }
      },
      "56": {
        "start": { "line": 57, "column": 0 },
        "end": { "line": 57, "column": 3 }
      },
      "58": {
        "start": { "line": 59, "column": 0 },
        "end": { "line": 59, "column": 35 }
      },
      "59": {
        "start": { "line": 60, "column": 0 },
        "end": { "line": 60, "column": 27 }
      },
      "60": {
        "start": { "line": 61, "column": 0 },
        "end": { "line": 61, "column": 9 }
      },
      "61": {
        "start": { "line": 62, "column": 0 },
        "end": { "line": 62, "column": 77 }
      },
      "62": {
        "start": { "line": 63, "column": 0 },
        "end": { "line": 63, "column": 120 }
      },
      "63": {
        "start": { "line": 64, "column": 0 },
        "end": { "line": 64, "column": 120 }
      },
      "65": {
        "start": { "line": 66, "column": 0 },
        "end": { "line": 66, "column": 24 }
      },
      "66": {
        "start": { "line": 67, "column": 0 },
        "end": { "line": 67, "column": 44 }
      },
      "67": {
        "start": { "line": 68, "column": 0 },
        "end": { "line": 68, "column": 35 }
      },
      "68": {
        "start": { "line": 69, "column": 0 },
        "end": { "line": 69, "column": 35 }
      },
      "69": {
        "start": { "line": 70, "column": 0 },
        "end": { "line": 70, "column": 48 }
      },
      "70": {
        "start": { "line": 71, "column": 0 },
        "end": { "line": 71, "column": 48 }
      },
      "71": {
        "start": { "line": 72, "column": 0 },
        "end": { "line": 72, "column": 10 }
      },
      "73": {
        "start": { "line": 74, "column": 0 },
        "end": { "line": 74, "column": 78 }
      },
      "74": {
        "start": { "line": 75, "column": 0 },
        "end": { "line": 75, "column": 42 }
      },
      "76": {
        "start": { "line": 77, "column": 0 },
        "end": { "line": 77, "column": 21 }
      },
      "77": {
        "start": { "line": 78, "column": 0 },
        "end": { "line": 78, "column": 37 }
      },
      "78": {
        "start": { "line": 79, "column": 0 },
        "end": { "line": 79, "column": 56 }
      },
      "79": {
        "start": { "line": 80, "column": 0 },
        "end": { "line": 80, "column": 16 }
      },
      "80": {
        "start": { "line": 81, "column": 0 },
        "end": { "line": 81, "column": 84 }
      },
      "81": {
        "start": { "line": 82, "column": 0 },
        "end": { "line": 82, "column": 9 }
      },
      "82": {
        "start": { "line": 83, "column": 0 },
        "end": { "line": 83, "column": 15 }
      },
      "83": {
        "start": { "line": 84, "column": 0 },
        "end": { "line": 84, "column": 32 }
      },
      "84": {
        "start": { "line": 85, "column": 0 },
        "end": { "line": 85, "column": 5 }
      },
      "85": {
        "start": { "line": 86, "column": 0 },
        "end": { "line": 86, "column": 1 }
      },
      "87": {
        "start": { "line": 88, "column": 0 },
        "end": { "line": 88, "column": 29 }
      },
      "88": {
        "start": { "line": 89, "column": 0 },
        "end": { "line": 89, "column": 116 }
      },
      "89": {
        "start": { "line": 90, "column": 0 },
        "end": { "line": 90, "column": 116 }
      },
      "90": {
        "start": { "line": 91, "column": 0 },
        "end": { "line": 91, "column": 33 }
      },
      "91": {
        "start": { "line": 92, "column": 0 },
        "end": { "line": 92, "column": 33 }
      },
      "92": {
        "start": { "line": 93, "column": 0 },
        "end": { "line": 93, "column": 1 }
      }
    },
    "s": {
      "0": 1,
      "1": 1,
      "2": 1,
      "3": 1,
      "4": 1,
      "5": 1,
      "6": 1,
      "7": 1,
      "8": 1,
      "9": 1,
      "10": 1,
      "11": 1,
      "12": 1,
      "13": 1,
      "14": 1,
      "15": 1,
      "16": 1,
      "20": 1,
      "21": 1,
      "22": 1,
      "24": 1,
      "25": 1,
      "27": 1,
      "29": 1,
      "31": 1,
      "32": 16,
      "34": 14,
      "35": 14,
      "36": 17,
      "37": 17,
      "39": 14,
      "40": 20,
      "41": 20,
      "42": 20,
      "43": 20,
      "44": 20,
      "46": 14,
      "47": 17,
      "48": 17,
      "50": 14,
      "51": 1,
      "53": 1,
      "54": 2,
      "55": 2,
      "56": 1,
      "58": 1,
      "59": 1,
      "60": 1,
      "61": 1,
      "62": 1,
      "63": 1,
      "65": 1,
      "66": 1,
      "67": 1,
      "68": 1,
      "69": 1,
      "70": 1,
      "71": 1,
      "73": 1,
      "74": 1,
      "76": 1,
      "77": 0,
      "78": 0,
      "79": 0,
      "80": 0,
      "81": 0,
      "82": 1,
      "83": 1,
      "84": 1,
      "85": 1,
      "87": 1,
      "88": 1,
      "89": 1,
      "90": 1,
      "91": 1,
      "92": 1
    },
    "branchMap": {
      "0": {
        "type": "branch",
        "line": 30,
        "loc": {
          "start": { "line": 30, "column": 34 },
          "end": { "line": 30, "column": 100 }
        },
        "locations": [
          {
            "start": { "line": 30, "column": 34 },
            "end": { "line": 30, "column": 100 }
          }
        ]
      },
      "1": {
        "type": "branch",
        "line": 30,
        "loc": {
          "start": { "line": 30, "column": 58 },
          "end": { "line": 30, "column": 99 }
        },
        "locations": [
          {
            "start": { "line": 30, "column": 58 },
            "end": { "line": 30, "column": 99 }
          }
        ]
      },
      "2": {
        "type": "branch",
        "line": 32,
        "loc": {
          "start": { "line": 32, "column": 32 },
          "end": { "line": 52, "column": 1 }
        },
        "locations": [
          {
            "start": { "line": 32, "column": 32 },
            "end": { "line": 52, "column": 1 }
          }
        ]
      },
      "3": {
        "type": "branch",
        "line": 33,
        "loc": {
          "start": { "line": 33, "column": 33 },
          "end": { "line": 33, "column": 43 }
        },
        "locations": [
          {
            "start": { "line": 33, "column": 33 },
            "end": { "line": 33, "column": 43 }
          }
        ]
      },
      "4": {
        "type": "branch",
        "line": 33,
        "loc": {
          "start": { "line": 33, "column": 41 },
          "end": { "line": 51, "column": 19 }
        },
        "locations": [
          {
            "start": { "line": 33, "column": 41 },
            "end": { "line": 51, "column": 19 }
          }
        ]
      },
      "5": {
        "type": "branch",
        "line": 36,
        "loc": {
          "start": { "line": 36, "column": 42 },
          "end": { "line": 38, "column": 5 }
        },
        "locations": [
          {
            "start": { "line": 36, "column": 42 },
            "end": { "line": 38, "column": 5 }
          }
        ]
      },
      "6": {
        "type": "branch",
        "line": 40,
        "loc": {
          "start": { "line": 40, "column": 56 },
          "end": { "line": 45, "column": 5 }
        },
        "locations": [
          {
            "start": { "line": 40, "column": 56 },
            "end": { "line": 45, "column": 5 }
          }
        ]
      },
      "7": {
        "type": "branch",
        "line": 47,
        "loc": {
          "start": { "line": 47, "column": 37 },
          "end": { "line": 49, "column": 5 }
        },
        "locations": [
          {
            "start": { "line": 47, "column": 37 },
            "end": { "line": 49, "column": 5 }
          }
        ]
      },
      "8": {
        "type": "branch",
        "line": 41,
        "loc": {
          "start": { "line": 41, "column": 39 },
          "end": { "line": 41, "column": 66 }
        },
        "locations": [
          {
            "start": { "line": 41, "column": 39 },
            "end": { "line": 41, "column": 66 }
          }
        ]
      },
      "9": {
        "type": "branch",
        "line": 48,
        "loc": {
          "start": { "line": 48, "column": 32 },
          "end": { "line": 48, "column": 138 }
        },
        "locations": [
          {
            "start": { "line": 48, "column": 32 },
            "end": { "line": 48, "column": 138 }
          }
        ]
      },
      "10": {
        "type": "branch",
        "line": 48,
        "loc": {
          "start": { "line": 48, "column": 64 },
          "end": { "line": 48, "column": 75 }
        },
        "locations": [
          {
            "start": { "line": 48, "column": 64 },
            "end": { "line": 48, "column": 75 }
          }
        ]
      },
      "11": {
        "type": "branch",
        "line": 48,
        "loc": {
          "start": { "line": 48, "column": 96 },
          "end": { "line": 48, "column": 108 }
        },
        "locations": [
          {
            "start": { "line": 48, "column": 96 },
            "end": { "line": 48, "column": 108 }
          }
        ]
      },
      "12": {
        "type": "branch",
        "line": 48,
        "loc": {
          "start": { "line": 48, "column": 101 },
          "end": { "line": 48, "column": 138 }
        },
        "locations": [
          {
            "start": { "line": 48, "column": 101 },
            "end": { "line": 48, "column": 138 }
          }
        ]
      },
      "13": {
        "type": "branch",
        "line": 54,
        "loc": {
          "start": { "line": 54, "column": 38 },
          "end": { "line": 57, "column": 1 }
        },
        "locations": [
          {
            "start": { "line": 54, "column": 38 },
            "end": { "line": 57, "column": 1 }
          }
        ]
      },
      "14": {
        "type": "branch",
        "line": 55,
        "loc": {
          "start": { "line": 55, "column": 33 },
          "end": { "line": 55, "column": 43 }
        },
        "locations": [
          {
            "start": { "line": 55, "column": 33 },
            "end": { "line": 55, "column": 43 }
          }
        ]
      },
      "15": {
        "type": "branch",
        "line": 56,
        "loc": {
          "start": { "line": 56, "column": 52 },
          "end": { "line": 56, "column": 158 }
        },
        "locations": [
          {
            "start": { "line": 56, "column": 52 },
            "end": { "line": 56, "column": 158 }
          }
        ]
      },
      "16": {
        "type": "branch",
        "line": 56,
        "loc": {
          "start": { "line": 56, "column": 84 },
          "end": { "line": 56, "column": 95 }
        },
        "locations": [
          {
            "start": { "line": 56, "column": 84 },
            "end": { "line": 56, "column": 95 }
          }
        ]
      },
      "17": {
        "type": "branch",
        "line": 56,
        "loc": {
          "start": { "line": 56, "column": 116 },
          "end": { "line": 56, "column": 128 }
        },
        "locations": [
          {
            "start": { "line": 56, "column": 116 },
            "end": { "line": 56, "column": 128 }
          }
        ]
      },
      "18": {
        "type": "branch",
        "line": 56,
        "loc": {
          "start": { "line": 56, "column": 121 },
          "end": { "line": 56, "column": 158 }
        },
        "locations": [
          {
            "start": { "line": 56, "column": 121 },
            "end": { "line": 56, "column": 158 }
          }
        ]
      },
      "19": {
        "type": "branch",
        "line": 56,
        "loc": {
          "start": { "line": 56, "column": 130 },
          "end": { "line": 56, "column": 145 }
        },
        "locations": [
          {
            "start": { "line": 56, "column": 130 },
            "end": { "line": 56, "column": 145 }
          }
        ]
      },
      "20": {
        "type": "branch",
        "line": 56,
        "loc": {
          "start": { "line": 56, "column": 147 },
          "end": { "line": 56, "column": 158 }
        },
        "locations": [
          {
            "start": { "line": 56, "column": 147 },
            "end": { "line": 56, "column": 158 }
          }
        ]
      },
      "21": {
        "type": "branch",
        "line": 59,
        "loc": {
          "start": { "line": 59, "column": 0 },
          "end": { "line": 86, "column": 1 }
        },
        "locations": [
          {
            "start": { "line": 59, "column": 0 },
            "end": { "line": 86, "column": 1 }
          }
        ]
      },
      "22": {
        "type": "branch",
        "line": 62,
        "loc": {
          "start": { "line": 62, "column": 30 },
          "end": { "line": 62, "column": 77 }
        },
        "locations": [
          {
            "start": { "line": 62, "column": 30 },
            "end": { "line": 62, "column": 77 }
          }
        ]
      },
      "23": {
        "type": "branch",
        "line": 77,
        "loc": {
          "start": { "line": 77, "column": 4 },
          "end": { "line": 83, "column": 6 }
        },
        "locations": [
          {
            "start": { "line": 77, "column": 4 },
            "end": { "line": 83, "column": 6 }
          }
        ]
      },
      "24": {
        "type": "branch",
        "line": 88,
        "loc": {
          "start": { "line": 88, "column": 0 },
          "end": { "line": 93, "column": 1 }
        },
        "locations": [
          {
            "start": { "line": 88, "column": 0 },
            "end": { "line": 93, "column": 1 }
          }
        ]
      },
      "25": {
        "type": "branch",
        "line": 14,
        "loc": {
          "start": { "line": 14, "column": 50 },
          "end": { "line": 14, "column": 111 }
        },
        "locations": [
          {
            "start": { "line": 14, "column": 50 },
            "end": { "line": 14, "column": 111 }
          }
        ]
      },
      "26": {
        "type": "branch",
        "line": 7,
        "loc": {
          "start": { "line": 7, "column": 43 },
          "end": { "line": 7, "column": 104 }
        },
        "locations": [
          {
            "start": { "line": 7, "column": 43 },
            "end": { "line": 7, "column": 104 }
          }
        ]
      }
    },
    "b": {
      "0": [17],
      "1": [24],
      "2": [16],
      "3": [2],
      "4": [14],
      "5": [17],
      "6": [20],
      "7": [17],
      "8": [26],
      "9": [3],
      "10": [0],
      "11": [0],
      "12": [0],
      "13": [2],
      "14": [0],
      "15": [4],
      "16": [0],
      "17": [0],
      "18": [2],
      "19": [0],
      "20": [0],
      "21": [1],
      "22": [0],
      "23": [0],
      "24": [1],
      "25": [0],
      "26": [0]
    },
    "fnMap": {
      "0": {
        "name": "save",
        "decl": {
          "start": { "line": 59, "column": 0 },
          "end": { "line": 86, "column": 1 }
        },
        "loc": {
          "start": { "line": 59, "column": 0 },
          "end": { "line": 86, "column": 1 }
        },
        "line": 59
      },
      "1": {
        "name": "edit",
        "decl": {
          "start": { "line": 88, "column": 0 },
          "end": { "line": 93, "column": 1 }
        },
        "loc": {
          "start": { "line": 88, "column": 0 },
          "end": { "line": 93, "column": 1 }
        },
        "line": 88
      }
    },
    "f": { "0": 1, "1": 1 }
  },
  "/app/frontend/src/components/RichTextEditor.vue": {
    "path": "/app/frontend/src/components/RichTextEditor.vue",
    "all": false,
    "statementMap": {
      "0": {
        "start": { "line": 1, "column": 0 },
        "end": { "line": 1, "column": 10 }
      },
      "1": {
        "start": { "line": 2, "column": 0 },
        "end": { "line": 2, "column": 70 }
      },
      "2": {
        "start": { "line": 3, "column": 0 },
        "end": { "line": 3, "column": 140 }
      },
      "3": {
        "start": { "line": 4, "column": 0 },
        "end": { "line": 4, "column": 113 }
      },
      "4": {
        "start": { "line": 5, "column": 0 },
        "end": { "line": 5, "column": 743 }
      },
      "5": {
        "start": { "line": 6, "column": 0 },
        "end": { "line": 6, "column": 15 }
      },
      "6": {
        "start": { "line": 7, "column": 0 },
        "end": { "line": 7, "column": 117 }
      },
      "7": {
        "start": { "line": 8, "column": 0 },
        "end": { "line": 8, "column": 204 }
      },
      "8": {
        "start": { "line": 9, "column": 0 },
        "end": { "line": 9, "column": 15 }
      },
      "9": {
        "start": { "line": 10, "column": 0 },
        "end": { "line": 10, "column": 129 }
      },
      "10": {
        "start": { "line": 11, "column": 0 },
        "end": { "line": 11, "column": 333 }
      },
      "11": {
        "start": { "line": 12, "column": 0 },
        "end": { "line": 12, "column": 15 }
      },
      "12": {
        "start": { "line": 13, "column": 0 },
        "end": { "line": 13, "column": 114 }
      },
      "13": {
        "start": { "line": 14, "column": 0 },
        "end": { "line": 14, "column": 446 }
      },
      "14": {
        "start": { "line": 15, "column": 0 },
        "end": { "line": 15, "column": 15 }
      },
      "15": {
        "start": { "line": 16, "column": 0 },
        "end": { "line": 16, "column": 10 }
      },
      "16": {
        "start": { "line": 17, "column": 0 },
        "end": { "line": 17, "column": 8 }
      },
      "17": {
        "start": { "line": 18, "column": 0 },
        "end": { "line": 18, "column": 18 }
      },
      "18": {
        "start": { "line": 19, "column": 0 },
        "end": { "line": 19, "column": 89 }
      },
      "19": {
        "start": { "line": 20, "column": 0 },
        "end": { "line": 20, "column": 28 }
      },
      "20": {
        "start": { "line": 21, "column": 0 },
        "end": { "line": 21, "column": 28 }
      },
      "21": {
        "start": { "line": 22, "column": 0 },
        "end": { "line": 22, "column": 11 }
      },
      "22": {
        "start": { "line": 23, "column": 0 },
        "end": { "line": 23, "column": 8 }
      },
      "26": {
        "start": { "line": 27, "column": 0 },
        "end": { "line": 27, "column": 44 }
      },
      "28": {
        "start": { "line": 29, "column": 0 },
        "end": { "line": 29, "column": 27 }
      },
      "32": {
        "start": { "line": 33, "column": 0 },
        "end": { "line": 33, "column": 48 }
      },
      "34": {
        "start": { "line": 35, "column": 0 },
        "end": { "line": 35, "column": 48 }
      },
      "36": {
        "start": { "line": 37, "column": 0 },
        "end": { "line": 37, "column": 64 }
      },
      "37": {
        "start": { "line": 38, "column": 0 },
        "end": { "line": 38, "column": 46 }
      },
      "38": {
        "start": { "line": 39, "column": 0 },
        "end": { "line": 39, "column": 24 }
      },
      "39": {
        "start": { "line": 40, "column": 0 },
        "end": { "line": 40, "column": 18 }
      },
      "40": {
        "start": { "line": 41, "column": 0 },
        "end": { "line": 41, "column": 1 }
      },
      "42": {
        "start": { "line": 43, "column": 0 },
        "end": { "line": 43, "column": 20 }
      },
      "43": {
        "start": { "line": 44, "column": 0 },
        "end": { "line": 44, "column": 65 }
      },
      "44": {
        "start": { "line": 45, "column": 0 },
        "end": { "line": 45, "column": 12 }
      },
      "45": {
        "start": { "line": 46, "column": 0 },
        "end": { "line": 46, "column": 31 }
      },
      "46": {
        "start": { "line": 47, "column": 0 },
        "end": { "line": 47, "column": 3 }
      },
      "47": {
        "start": { "line": 48, "column": 0 },
        "end": { "line": 48, "column": 1 }
      },
      "49": {
        "start": { "line": 50, "column": 0 },
        "end": { "line": 50, "column": 26 }
      },
      "50": {
        "start": { "line": 51, "column": 0 },
        "end": { "line": 51, "column": 21 }
      },
      "51": {
        "start": { "line": 52, "column": 0 },
        "end": { "line": 52, "column": 54 }
      },
      "52": {
        "start": { "line": 53, "column": 0 },
        "end": { "line": 53, "column": 3 }
      },
      "53": {
        "start": { "line": 54, "column": 0 },
        "end": { "line": 54, "column": 1 }
      },
      "55": {
        "start": { "line": 56, "column": 0 },
        "end": { "line": 56, "column": 17 }
      },
      "56": {
        "start": { "line": 57, "column": 0 },
        "end": { "line": 57, "column": 21 }
      },
      "57": {
        "start": { "line": 58, "column": 0 },
        "end": { "line": 58, "column": 52 }
      },
      "58": {
        "start": { "line": 59, "column": 0 },
        "end": { "line": 59, "column": 3 }
      },
      "59": {
        "start": { "line": 60, "column": 0 },
        "end": { "line": 60, "column": 3 }
      },
      "61": {
        "start": { "line": 62, "column": 0 },
        "end": { "line": 62, "column": 45 }
      },
      "62": {
        "start": { "line": 63, "column": 0 },
        "end": { "line": 63, "column": 62 }
      },
      "63": {
        "start": { "line": 64, "column": 0 },
        "end": { "line": 64, "column": 48 }
      },
      "64": {
        "start": { "line": 65, "column": 0 },
        "end": { "line": 65, "column": 5 }
      },
      "65": {
        "start": { "line": 66, "column": 0 },
        "end": { "line": 66, "column": 3 }
      }
    },
    "s": {
      "0": 1,
      "1": 1,
      "2": 1,
      "3": 1,
      "4": 1,
      "5": 1,
      "6": 1,
      "7": 1,
      "8": 1,
      "9": 1,
      "10": 1,
      "11": 1,
      "12": 1,
      "13": 1,
      "14": 1,
      "15": 1,
      "16": 1,
      "17": 1,
      "18": 1,
      "19": 1,
      "20": 1,
      "21": 1,
      "22": 1,
      "26": 1,
      "28": 1,
      "32": 1,
      "34": 1,
      "36": 0,
      "37": 0,
      "38": 0,
      "39": 0,
      "40": 0,
      "42": 0,
      "43": 0,
      "44": 0,
      "45": 0,
      "46": 0,
      "47": 0,
      "49": 0,
      "50": 0,
      "51": 0,
      "52": 0,
      "53": 0,
      "55": 1,
      "56": 2,
      "57": 2,
      "58": 2,
      "59": 1,
      "61": 1,
      "62": 0,
      "63": 0,
      "64": 0,
      "65": 1
    },
    "branchMap": {
      "0": {
        "type": "branch",
        "line": 56,
        "loc": {
          "start": { "line": 56, "column": 10 },
          "end": { "line": 60, "column": 1 }
        },
        "locations": [
          {
            "start": { "line": 56, "column": 10 },
            "end": { "line": 60, "column": 1 }
          }
        ]
      },
      "1": {
        "type": "branch",
        "line": 58,
        "loc": {
          "start": { "line": 58, "column": 35 },
          "end": { "line": 58, "column": 52 }
        },
        "locations": [
          {
            "start": { "line": 58, "column": 35 },
            "end": { "line": 58, "column": 52 }
          }
        ]
      },
      "2": {
        "type": "branch",
        "line": 62,
        "loc": {
          "start": { "line": 62, "column": 6 },
          "end": { "line": 62, "column": 30 }
        },
        "locations": [
          {
            "start": { "line": 62, "column": 6 },
            "end": { "line": 62, "column": 30 }
          }
        ]
      }
    },
    "b": { "0": [2], "1": [0], "2": [2] },
    "fnMap": {
      "0": {
        "name": "execCmd",
        "decl": {
          "start": { "line": 37, "column": 0 },
          "end": { "line": 41, "column": 1 }
        },
        "loc": {
          "start": { "line": 37, "column": 0 },
          "end": { "line": 41, "column": 1 }
        },
        "line": 37
      },
      "1": {
        "name": "addLink",
        "decl": {
          "start": { "line": 43, "column": 0 },
          "end": { "line": 48, "column": 1 }
        },
        "loc": {
          "start": { "line": 43, "column": 0 },
          "end": { "line": 48, "column": 1 }
        },
        "line": 43
      },
      "2": {
        "name": "updateContent",
        "decl": {
          "start": { "line": 50, "column": 0 },
          "end": { "line": 54, "column": 1 }
        },
        "loc": {
          "start": { "line": 50, "column": 0 },
          "end": { "line": 54, "column": 1 }
        },
        "line": 50
      },
      "3": {
        "name": "__vite_ssr_import_1__.watch.editor.value.innerHTML",
        "decl": {
          "start": { "line": 62, "column": 6 },
          "end": { "line": 62, "column": 30 }
        },
        "loc": {
          "start": { "line": 62, "column": 6 },
          "end": { "line": 62, "column": 30 }
        },
        "line": 62
      },
      "4": {
        "name": "__vite_ssr_import_2__.createElementBlock.__vite_ssr_import_2__.createElementVNode.__vite_ssr_import_2__.createElementVNode.onClick._cache.<computed>._cache.<computed>",
        "decl": {
          "start": { "line": 4, "column": 94 },
          "end": { "line": 4, "column": 113 }
        },
        "loc": {
          "start": { "line": 4, "column": 94 },
          "end": { "line": 4, "column": 113 }
        },
        "line": 4
      },
      "5": {
        "name": "__vite_ssr_import_2__.createElementBlock.__vite_ssr_import_2__.createElementVNode.__vite_ssr_import_2__.createElementVNode.onClick._cache.<computed>._cache.<computed>",
        "decl": {
          "start": { "line": 7, "column": 96 },
          "end": { "line": 7, "column": 117 }
        },
        "loc": {
          "start": { "line": 7, "column": 96 },
          "end": { "line": 7, "column": 117 }
        },
        "line": 7
      },
      "6": {
        "name": "__vite_ssr_import_2__.createElementBlock.__vite_ssr_import_2__.createElementVNode.__vite_ssr_import_2__.createElementVNode.onClick._cache.<computed>._cache.<computed>",
        "decl": {
          "start": { "line": 10, "column": 95 },
          "end": { "line": 10, "column": 129 }
        },
        "loc": {
          "start": { "line": 10, "column": 95 },
          "end": { "line": 10, "column": 129 }
        },
        "line": 10
      }
    },
    "f": { "0": 0, "1": 0, "2": 0, "3": 2, "4": 0, "5": 0, "6": 0 }
  },
  "/app/frontend/src/components/StandingsTable.vue": {
    "path": "/app/frontend/src/components/StandingsTable.vue",
    "all": false,
    "statementMap": {
      "0": {
        "start": { "line": 1, "column": 0 },
        "end": { "line": 1, "column": 10 }
      },
      "1": {
        "start": { "line": 2, "column": 0 },
        "end": { "line": 2, "column": 68 }
      },
      "2": {
        "start": { "line": 3, "column": 0 },
        "end": { "line": 3, "column": 76 }
      },
      "3": {
        "start": { "line": 4, "column": 0 },
        "end": { "line": 4, "column": 37 }
      },
      "4": {
        "start": { "line": 5, "column": 0 },
        "end": { "line": 5, "column": 85 }
      },
      "5": {
        "start": { "line": 6, "column": 0 },
        "end": { "line": 6, "column": 110 }
      },
      "6": {
        "start": { "line": 7, "column": 0 },
        "end": { "line": 7, "column": 24 }
      },
      "7": {
        "start": { "line": 8, "column": 0 },
        "end": { "line": 8, "column": 53 }
      },
      "8": {
        "start": { "line": 9, "column": 0 },
        "end": { "line": 9, "column": 84 }
      },
      "9": {
        "start": { "line": 10, "column": 0 },
        "end": { "line": 10, "column": 54 }
      },
      "10": {
        "start": { "line": 11, "column": 0 },
        "end": { "line": 11, "column": 53 }
      },
      "11": {
        "start": { "line": 12, "column": 0 },
        "end": { "line": 12, "column": 53 }
      },
      "12": {
        "start": { "line": 13, "column": 0 },
        "end": { "line": 13, "column": 53 }
      },
      "13": {
        "start": { "line": 14, "column": 0 },
        "end": { "line": 14, "column": 56 }
      },
      "14": {
        "start": { "line": 15, "column": 0 },
        "end": { "line": 15, "column": 54 }
      },
      "15": {
        "start": { "line": 16, "column": 0 },
        "end": { "line": 16, "column": 55 }
      },
      "16": {
        "start": { "line": 17, "column": 0 },
        "end": { "line": 17, "column": 25 }
      },
      "17": {
        "start": { "line": 18, "column": 0 },
        "end": { "line": 18, "column": 24 }
      },
      "18": {
        "start": { "line": 19, "column": 0 },
        "end": { "line": 19, "column": 23 }
      },
      "19": {
        "start": { "line": 20, "column": 0 },
        "end": { "line": 20, "column": 180 }
      },
      "20": {
        "start": { "line": 21, "column": 0 },
        "end": { "line": 21, "column": 109 }
      },
      "21": {
        "start": { "line": 22, "column": 0 },
        "end": { "line": 22, "column": 172 }
      },
      "22": {
        "start": { "line": 23, "column": 0 },
        "end": { "line": 23, "column": 125 }
      },
      "23": {
        "start": { "line": 24, "column": 0 },
        "end": { "line": 24, "column": 69 }
      },
      "24": {
        "start": { "line": 25, "column": 0 },
        "end": { "line": 25, "column": 67 }
      },
      "25": {
        "start": { "line": 26, "column": 0 },
        "end": { "line": 26, "column": 68 }
      },
      "26": {
        "start": { "line": 27, "column": 0 },
        "end": { "line": 27, "column": 69 }
      },
      "27": {
        "start": { "line": 28, "column": 0 },
        "end": { "line": 28, "column": 95 }
      },
      "28": {
        "start": { "line": 29, "column": 0 },
        "end": { "line": 29, "column": 117 }
      },
      "29": {
        "start": { "line": 30, "column": 0 },
        "end": { "line": 30, "column": 109 }
      },
      "30": {
        "start": { "line": 31, "column": 0 },
        "end": { "line": 31, "column": 25 }
      },
      "31": {
        "start": { "line": 32, "column": 0 },
        "end": { "line": 32, "column": 24 }
      },
      "32": {
        "start": { "line": 33, "column": 0 },
        "end": { "line": 33, "column": 20 }
      },
      "33": {
        "start": { "line": 34, "column": 0 },
        "end": { "line": 34, "column": 14 }
      },
      "34": {
        "start": { "line": 35, "column": 0 },
        "end": { "line": 35, "column": 10 }
      },
      "38": {
        "start": { "line": 39, "column": 0 },
        "end": { "line": 39, "column": 31 }
      },
      "39": {
        "start": { "line": 40, "column": 0 },
        "end": { "line": 40, "column": 33 }
      },
      "42": {
[...]
        "type": "branch",
        "line": 81,
        "loc": {
          "start": { "line": 81, "column": 43 },
          "end": { "line": 81, "column": 65 }
        },
        "locations": [
          {
            "start": { "line": 81, "column": 43 },
            "end": { "line": 81, "column": 65 }
          }
        ]
      },
      "10": {
        "type": "branch",
        "line": 84,
        "loc": {
          "start": { "line": 84, "column": 34 },
          "end": { "line": 89, "column": 1 }
        },
        "locations": [
          {
            "start": { "line": 84, "column": 34 },
            "end": { "line": 89, "column": 1 }
          }
        ]
      },
      "11": {
        "type": "branch",
        "line": 85,
        "loc": {
          "start": { "line": 85, "column": 29 },
          "end": { "line": 85, "column": 65 }
        },
        "locations": [
          {
            "start": { "line": 85, "column": 29 },
            "end": { "line": 85, "column": 65 }
          }
        ]
      },
      "12": {
        "type": "branch",
        "line": 85,
        "loc": {
          "start": { "line": 85, "column": 36 },
          "end": { "line": 87, "column": 48 }
        },
        "locations": [
          {
            "start": { "line": 85, "column": 36 },
            "end": { "line": 87, "column": 48 }
          }
        ]
      },
      "13": {
        "type": "branch",
        "line": 87,
        "loc": {
          "start": { "line": 87, "column": 41 },
          "end": { "line": 87, "column": 66 }
        },
        "locations": [
          {
            "start": { "line": 87, "column": 41 },
            "end": { "line": 87, "column": 66 }
          }
        ]
      },
      "14": {
        "type": "branch",
        "line": 87,
        "loc": {
          "start": { "line": 87, "column": 48 },
          "end": { "line": 88, "column": 56 }
        },
        "locations": [
          {
            "start": { "line": 87, "column": 48 },
            "end": { "line": 88, "column": 56 }
          }
        ]
      },
      "15": {
        "type": "branch",
        "line": 91,
        "loc": {
          "start": { "line": 91, "column": 35 },
          "end": { "line": 96, "column": 1 }
        },
        "locations": [
          {
            "start": { "line": 91, "column": 35 },
            "end": { "line": 96, "column": 1 }
          }
        ]
      },
      "16": {
        "type": "branch",
        "line": 93,
        "loc": {
          "start": { "line": 93, "column": 29 },
          "end": { "line": 93, "column": 76 }
        },
        "locations": [
          {
            "start": { "line": 93, "column": 29 },
            "end": { "line": 93, "column": 76 }
          }
        ]
      },
      "17": {
        "type": "branch",
        "line": 93,
        "loc": {
          "start": { "line": 93, "column": 43 },
          "end": { "line": 94, "column": 45 }
        },
        "locations": [
          {
            "start": { "line": 93, "column": 43 },
            "end": { "line": 94, "column": 45 }
          }
        ]
      },
      "18": {
        "type": "branch",
        "line": 94,
        "loc": {
          "start": { "line": 94, "column": 38 },
          "end": { "line": 94, "column": 97 }
        },
        "locations": [
          {
            "start": { "line": 94, "column": 38 },
            "end": { "line": 94, "column": 97 }
          }
        ]
      },
      "19": {
        "type": "branch",
        "line": 94,
        "loc": {
          "start": { "line": 94, "column": 52 },
          "end": { "line": 95, "column": 53 }
        },
        "locations": [
          {
            "start": { "line": 94, "column": 52 },
            "end": { "line": 95, "column": 53 }
          }
        ]
      },
      "20": {
        "type": "branch",
        "line": 98,
        "loc": {
          "start": { "line": 98, "column": 0 },
          "end": { "line": 104, "column": 1 }
        },
        "locations": [
          {
            "start": { "line": 98, "column": 0 },
            "end": { "line": 104, "column": 1 }
          }
        ]
      },
      "21": {
        "type": "branch",
        "line": 99,
        "loc": {
          "start": { "line": 99, "column": 22 },
          "end": { "line": 99, "column": 56 }
        },
        "locations": [
          {
            "start": { "line": 99, "column": 22 },
            "end": { "line": 99, "column": 56 }
          }
        ]
      },
      "22": {
        "type": "branch",
        "line": 99,
        "loc": {
          "start": { "line": 99, "column": 56 },
          "end": { "line": 103, "column": 5 }
        },
        "locations": [
          {
            "start": { "line": 99, "column": 56 },
            "end": { "line": 103, "column": 5 }
          }
        ]
      },
      "23": {
        "type": "branch",
        "line": 106,
        "loc": {
          "start": { "line": 106, "column": 0 },
          "end": { "line": 108, "column": 1 }
        },
        "locations": [
          {
            "start": { "line": 106, "column": 0 },
            "end": { "line": 108, "column": 1 }
          }
        ]
      },
      "24": {
        "type": "branch",
        "line": 110,
        "loc": {
          "start": { "line": 110, "column": 0 },
          "end": { "line": 130, "column": 1 }
        },
        "locations": [
          {
            "start": { "line": 110, "column": 0 },
            "end": { "line": 130, "column": 1 }
          }
        ]
      },
      "25": {
        "type": "branch",
        "line": 111,
        "loc": {
          "start": { "line": 111, "column": 29 },
          "end": { "line": 118, "column": 36 }
        },
        "locations": [
          {
            "start": { "line": 111, "column": 29 },
            "end": { "line": 118, "column": 36 }
          }
        ]
      },
      "26": {
        "type": "branch",
        "line": 118,
        "loc": {
          "start": { "line": 118, "column": 30 },
          "end": { "line": 118, "column": 77 }
        },
        "locations": [
          {
            "start": { "line": 118, "column": 30 },
            "end": { "line": 118, "column": 77 }
          }
        ]
      },
      "27": {
        "type": "branch",
        "line": 118,
        "loc": {
          "start": { "line": 118, "column": 75 },
          "end": { "line": 121, "column": 13 }
        },
        "locations": [
          {
            "start": { "line": 118, "column": 75 },
            "end": { "line": 121, "column": 13 }
          }
        ]
      },
      "28": {
        "type": "branch",
        "line": 121,
        "loc": {
          "start": { "line": 121, "column": 4 },
          "end": { "line": 127, "column": 6 }
        },
        "locations": [
          {
            "start": { "line": 121, "column": 4 },
            "end": { "line": 127, "column": 6 }
          }
        ]
      },
      "29": {
        "type": "branch",
        "line": 127,
        "loc": {
          "start": { "line": 127, "column": 4 },
          "end": { "line": 129, "column": 5 }
        },
        "locations": [
          {
            "start": { "line": 127, "column": 4 },
            "end": { "line": 129, "column": 5 }
          }
        ]
      },
      "30": {
        "type": "branch",
        "line": 132,
        "loc": {
          "start": { "line": 132, "column": 0 },
          "end": { "line": 157, "column": 1 }
        },
        "locations": [
          {
            "start": { "line": 132, "column": 0 },
            "end": { "line": 157, "column": 1 }
          }
        ]
      },
      "31": {
        "type": "branch",
        "line": 134,
        "loc": {
          "start": { "line": 134, "column": 13 },
          "end": { "line": 134, "column": 20 }
        },
        "locations": [
          {
            "start": { "line": 134, "column": 13 },
            "end": { "line": 134, "column": 20 }
          }
        ]
      },
      "32": {
        "type": "branch",
        "line": 139,
        "loc": {
          "start": { "line": 139, "column": 29 },
          "end": { "line": 145, "column": 5 }
        },
        "locations": [
          {
            "start": { "line": 139, "column": 29 },
            "end": { "line": 145, "column": 5 }
          }
        ]
      },
      "33": {
        "type": "branch",
        "line": 147,
        "loc": {
          "start": { "line": 147, "column": 51 },
          "end": { "line": 156, "column": 5 }
        },
        "locations": [
          {
            "start": { "line": 147, "column": 51 },
            "end": { "line": 156, "column": 5 }
          }
        ]
      },
      "34": {
        "type": "branch",
        "line": 9,
        "loc": {
          "start": { "line": 9, "column": 83 },
          "end": { "line": 9, "column": 86 }
        },
        "locations": [
          {
            "start": { "line": 9, "column": 83 },
            "end": { "line": 9, "column": 86 }
          }
        ]
      },
      "35": {
        "type": "branch",
        "line": 12,
        "loc": {
          "start": { "line": 12, "column": 208 },
          "end": { "line": 12, "column": 230 }
        },
        "locations": [
          {
            "start": { "line": 12, "column": 208 },
            "end": { "line": 12, "column": 230 }
          }
        ]
      },
      "36": {
        "type": "branch",
        "line": 17,
        "loc": {
          "start": { "line": 17, "column": 141 },
          "end": { "line": 17, "column": 161 }
        },
        "locations": [
          {
            "start": { "line": 17, "column": 141 },
            "end": { "line": 17, "column": 161 }
          }
        ]
      },
      "37": {
        "type": "branch",
        "line": 18,
        "loc": {
          "start": { "line": 18, "column": 112 },
          "end": { "line": 18, "column": 136 }
        },
        "locations": [
          {
            "start": { "line": 18, "column": 112 },
            "end": { "line": 18, "column": 136 }
          }
        ]
      },
      "38": {
        "type": "branch",
        "line": 22,
        "loc": {
          "start": { "line": 22, "column": 180 },
          "end": { "line": 22, "column": 206 }
        },
        "locations": [
          {
            "start": { "line": 22, "column": 180 },
            "end": { "line": 22, "column": 206 }
          }
        ]
      },
      "39": {
        "type": "branch",
        "line": 26,
        "loc": {
          "start": { "line": 26, "column": 197 },
          "end": { "line": 26, "column": 223 }
        },
        "locations": [
          {
            "start": { "line": 26, "column": 197 },
            "end": { "line": 26, "column": 223 }
          }
        ]
      },
      "40": {
        "type": "branch",
        "line": 32,
        "loc": {
          "start": { "line": 32, "column": 19 },
          "end": { "line": 33, "column": 94 }
        },
        "locations": [
          {
            "start": { "line": 32, "column": 19 },
            "end": { "line": 33, "column": 94 }
          }
        ]
      },
      "41": {
        "type": "branch",
        "line": 33,
        "loc": {
          "start": { "line": 33, "column": 90 },
          "end": { "line": 33, "column": 94 }
        },
        "locations": [
          {
            "start": { "line": 33, "column": 90 },
            "end": { "line": 33, "column": 94 }
          }
        ]
      },
      "42": {
        "type": "branch",
        "line": 38,
        "loc": {
          "start": { "line": 38, "column": 163 },
          "end": { "line": 38, "column": 192 }
        },
        "locations": [
          {
            "start": { "line": 38, "column": 163 },
            "end": { "line": 38, "column": 192 }
          }
        ]
      },
      "43": {
        "type": "branch",
        "line": 41,
        "loc": {
          "start": { "line": 41, "column": 164 },
          "end": { "line": 41, "column": 194 }
        },
        "locations": [
          {
            "start": { "line": 41, "column": 164 },
            "end": { "line": 41, "column": 194 }
          }
        ]
      },
      "44": {
        "type": "branch",
        "line": 54,
        "loc": {
          "start": { "line": 54, "column": 35 },
          "end": { "line": 54, "column": 38 }
        },
        "locations": [
          {
            "start": { "line": 54, "column": 35 },
            "end": { "line": 54, "column": 38 }
          }
        ]
      },
      "45": {
        "type": "branch",
        "line": 17,
        "loc": {
          "start": { "line": 17, "column": 141 },
          "end": { "line": 17, "column": 161 }
        },
        "locations": [
          {
            "start": { "line": 17, "column": 141 },
            "end": { "line": 17, "column": 161 }
          }
        ]
      },
      "46": {
        "type": "branch",
        "line": 18,
        "loc": {
          "start": { "line": 18, "column": 112 },
          "end": { "line": 18, "column": 136 }
        },
        "locations": [
          {
            "start": { "line": 18, "column": 112 },
            "end": { "line": 18, "column": 136 }
          }
        ]
      },
      "47": {
        "type": "branch",
        "line": 22,
        "loc": {
          "start": { "line": 22, "column": 180 },
          "end": { "line": 22, "column": 206 }
        },
        "locations": [
          {
            "start": { "line": 22, "column": 180 },
            "end": { "line": 22, "column": 206 }
          }
        ]
      },
      "48": {
        "type": "branch",
        "line": 26,
        "loc": {
          "start": { "line": 26, "column": 197 },
          "end": { "line": 26, "column": 223 }
        },
        "locations": [
          {
            "start": { "line": 26, "column": 197 },
            "end": { "line": 26, "column": 223 }
          }
        ]
      },
      "49": {
        "type": "branch",
        "line": 41,
        "loc": {
          "start": { "line": 41, "column": 164 },
          "end": { "line": 41, "column": 194 }
        },
        "locations": [
          {
            "start": { "line": 41, "column": 164 },
            "end": { "line": 41, "column": 194 }
          }
        ]
      }
    },
    "b": {
      "0": [10],
      "1": [0],
      "2": [13],
      "3": [13],
      "4": [2],
      "5": [11],
      "6": [2],
      "7": [9],
      "8": [18],
      "9": [9],
      "10": [13],
      "11": [2],
      "12": [11],
      "13": [0],
      "14": [11],
      "15": [13],
      "16": [2],
      "17": [11],
      "18": [9],
      "19": [2],
      "20": [2],
      "21": [1],
      "22": [1],
      "23": [1],
      "24": [2],
      "25": [1],
      "26": [0],
      "27": [1],
      "28": [0],
      "29": [1],
      "30": [2],
      "31": [0],
      "32": [1],
      "33": [2],
      "34": [0],
      "35": [0],
      "36": [10],
      "37": [10],
      "38": [10],
      "39": [10],
      "40": [2],
      "41": [12],
      "42": [10],
      "43": [10],
      "44": [0],
      "45": [1],
      "46": [1],
      "47": [1],
      "48": [1],
      "49": [1]
    },
    "fnMap": {
      "0": {
        "name": "navigateRounds",
        "decl": {
          "start": { "line": 98, "column": 0 },
          "end": { "line": 104, "column": 1 }
        },
        "loc": {
          "start": { "line": 98, "column": 0 },
          "end": { "line": 104, "column": 1 }
        },
        "line": 98
      },
      "1": {
        "name": "setMatchViewMode",
        "decl": {
          "start": { "line": 106, "column": 0 },
          "end": { "line": 108, "column": 1 }
        },
        "loc": {
          "start": { "line": 106, "column": 0 },
          "end": { "line": 108, "column": 1 }
        },
        "line": 106
      },
      "2": {
        "name": "handleActionButtonClick",
        "decl": {
          "start": { "line": 110, "column": 0 },
          "end": { "line": 130, "column": 1 }
        },
        "loc": {
          "start": { "line": 110, "column": 0 },
          "end": { "line": 130, "column": 1 }
        },
        "line": 110
      },
      "3": {
        "name": "copyLink",
        "decl": {
          "start": { "line": 132, "column": 0 },
          "end": { "line": 157, "column": 1 }
        },
        "loc": {
          "start": { "line": 132, "column": 0 },
          "end": { "line": 157, "column": 1 }
        },
        "line": 132
      },
      "4": {
        "name": "$setup.state.config.__vite_ssr_import_8__.createElementBlock.__vite_ssr_import_8__.createElementVNode.__vite_ssr_import_8__.createElementVNode.__vite_ssr_import_8__.createElementVNode.__vite_ssr_import_8__.createElementVNode.onClick._cache.<computed>._cache.<computed>",
        "decl": {
          "start": { "line": 17, "column": 141 },
          "end": { "line": 17, "column": 161 }
        },
        "loc": {
          "start": { "line": 17, "column": 141 },
          "end": { "line": 17, "column": 161 }
        },
        "line": 17
      },
      "5": {
        "name": "$setup.state.config.__vite_ssr_import_8__.createElementBlock.__vite_ssr_import_8__.createElementVNode.__vite_ssr_import_8__.createElementVNode.__vite_ssr_import_8__.createElementVNode.__vite_ssr_import_8__.createElementVNode.onClick._cache.<computed>._cache.<computed>",
        "decl": {
          "start": { "line": 18, "column": 112 },
          "end": { "line": 18, "column": 136 }
        },
        "loc": {
          "start": { "line": 18, "column": 112 },
          "end": { "line": 18, "column": 136 }
        },
        "line": 18
      },
      "6": {
        "name": "$setup.state.config.__vite_ssr_import_8__.createElementBlock.__vite_ssr_import_8__.createElementVNode.__vite_ssr_import_8__.createElementVNode.__vite_ssr_import_8__.createElementVNode.onClick._cache.<computed>._cache.<computed>",
        "decl": {
          "start": { "line": 22, "column": 180 },
          "end": { "line": 22, "column": 206 }
        },
        "loc": {
          "start": { "line": 22, "column": 180 },
          "end": { "line": 22, "column": 206 }
        },
        "line": 22
      },
      "7": {
        "name": "$setup.state.config.__vite_ssr_import_8__.createElementBlock.__vite_ssr_import_8__.createElementVNode.__vite_ssr_import_8__.createElementVNode.__vite_ssr_import_8__.createElementVNode.onClick._cache.<computed>._cache.<computed>",
        "decl": {
          "start": { "line": 26, "column": 197 },
          "end": { "line": 26, "column": 223 }
        },
        "loc": {
          "start": { "line": 26, "column": 197 },
          "end": { "line": 26, "column": 223 }
        },
        "line": 26
      },
      "8": {
        "name": "$setup.state.config.__vite_ssr_import_8__.createElementBlock.__vite_ssr_import_8__.createElementVNode.__vite_ssr_import_8__.createElementVNode.__vite_ssr_import_8__.createElementVNode.onClick._cache.<computed>._cache.<computed>",
        "decl": {
          "start": { "line": 38, "column": 163 },
          "end": { "line": 38, "column": 192 }
        },
        "loc": {
          "start": { "line": 38, "column": 163 },
          "end": { "line": 38, "column": 192 }
        },
        "line": 38
      },
      "9": {
        "name": "$setup.state.config.__vite_ssr_import_8__.createElementBlock.__vite_ssr_import_8__.createElementVNode.__vite_ssr_import_8__.createElementVNode.__vite_ssr_import_8__.createElementVNode.onClick._cache.<computed>._cache.<computed>",
        "decl": {
          "start": { "line": 41, "column": 164 },
          "end": { "line": 41, "column": 194 }
        },
        "loc": {
          "start": { "line": 41, "column": 164 },
          "end": { "line": 41, "column": 194 }
        },
        "line": 41
      }
    },
    "f": {
      "0": 2,
      "1": 1,
      "2": 2,
      "3": 2,
      "4": 1,
      "5": 1,
      "6": 1,
      "7": 1,
      "8": 0,
      "9": 1
    }
  }
}
