{"/app/frontend/eslint.config.js": {"path":"/app/frontend/eslint.config.js","all":true,"statementMap":{"0":{"start":{"line":1,"column":0},"end":{"line":1,"column":28}},"1":{"start":{"line":2,"column":0},"end":{"line":2,"column":41}},"2":{"start":{"line":3,"column":0},"end":{"line":3,"column":42}},"3":{"start":{"line":4,"column":0},"end":{"line":4,"column":52}},"4":{"start":{"line":5,"column":0},"end":{"line":5,"column":30}},"6":{"start":{"line":7,"column":0},"end":{"line":7,"column":31}},"7":{"start":{"line":8,"column":0},"end":{"line":8,"column":3}},"8":{"start":{"line":9,"column":0},"end":{"line":9,"column":14}},"9":{"start":{"line":10,"column":0},"end":{"line":10,"column":56}},"10":{"start":{"line":11,"column":0},"end":{"line":11,"column":41}},"11":{"start":{"line":12,"column":0},"end":{"line":12,"column":6}},"12":{"start":{"line":13,"column":0},"end":{"line":13,"column":4}},"13":{"start":{"line":14,"column":0},"end":{"line":14,"column":25}},"14":{"start":{"line":15,"column":0},"end":{"line":15,"column":45}},"15":{"start":{"line":16,"column":0},"end":{"line":16,"column":43}},"16":{"start":{"line":17,"column":0},"end":{"line":17,"column":3}},"17":{"start":{"line":18,"column":0},"end":{"line":18,"column":22}},"18":{"start":{"line":19,"column":0},"end":{"line":19,"column":22}},"19":{"start":{"line":20,"column":0},"end":{"line":20,"column":29}},"20":{"start":{"line":21,"column":0},"end":{"line":21,"column":45}},"21":{"start":{"line":22,"column":0},"end":{"line":22,"column":38}},"22":{"start":{"line":23,"column":0},"end":{"line":23,"column":8}},"23":{"start":{"line":24,"column":0},"end":{"line":24,"column":6}},"24":{"start":{"line":25,"column":0},"end":{"line":25,"column":4}},"25":{"start":{"line":26,"column":0},"end":{"line":26,"column":17}},"26":{"start":{"line":27,"column":0},"end":{"line":27,"column":3}},"27":{"start":{"line":28,"column":0},"end":{"line":28,"column":22}},"28":{"start":{"line":29,"column":0},"end":{"line":29,"column":18}},"29":{"start":{"line":30,"column":0},"end":{"line":30,"column":31}},"30":{"start":{"line":31,"column":0},"end":{"line":31,"column":28}},"31":{"start":{"line":32,"column":0},"end":{"line":32,"column":9}},"32":{"start":{"line":33,"column":0},"end":{"line":33,"column":6}},"33":{"start":{"line":34,"column":0},"end":{"line":34,"column":12}},"34":{"start":{"line":35,"column":0},"end":{"line":35,"column":75}},"35":{"start":{"line":36,"column":0},"end":{"line":36,"column":76}},"36":{"start":{"line":37,"column":0},"end":{"line":37,"column":6}},"37":{"start":{"line":38,"column":0},"end":{"line":38,"column":4}},"38":{"start":{"line":39,"column":0},"end":{"line":39,"column":3}},"39":{"start":{"line":40,"column":0},"end":{"line":40,"column":49}},"40":{"start":{"line":41,"column":0},"end":{"line":41,"column":12}},"41":{"start":{"line":42,"column":0},"end":{"line":42,"column":29}},"42":{"start":{"line":43,"column":0},"end":{"line":43,"column":6}},"43":{"start":{"line":44,"column":0},"end":{"line":44,"column":4}},"44":{"start":{"line":45,"column":0},"end":{"line":45,"column":3}},"45":{"start":{"line":46,"column":0},"end":{"line":46,"column":24}},"46":{"start":{"line":47,"column":0},"end":{"line":47,"column":22}},"47":{"start":{"line":48,"column":0},"end":{"line":48,"column":22}},"48":{"start":{"line":49,"column":0},"end":{"line":49,"column":32}},"49":{"start":{"line":50,"column":0},"end":{"line":50,"column":7}},"50":{"start":{"line":51,"column":0},"end":{"line":51,"column":6}},"51":{"start":{"line":52,"column":0},"end":{"line":52,"column":4}},"52":{"start":{"line":53,"column":0},"end":{"line":53,"column":3}},"53":{"start":{"line":54,"column":0},"end":{"line":54,"column":28}},"54":{"start":{"line":55,"column":0},"end":{"line":55,"column":12}},"55":{"start":{"line":56,"column":0},"end":{"line":56,"column":50}},"56":{"start":{"line":57,"column":0},"end":{"line":57,"column":49}},"57":{"start":{"line":58,"column":0},"end":{"line":58,"column":58}},"58":{"start":{"line":59,"column":0},"end":{"line":59,"column":5}},"59":{"start":{"line":60,"column":0},"end":{"line":60,"column":4}},"60":{"start":{"line":61,"column":0},"end":{"line":61,"column":3}},"61":{"start":{"line":62,"column":0},"end":{"line":62,"column":27}},"62":{"start":{"line":63,"column":0},"end":{"line":63,"column":12}},"63":{"start":{"line":64,"column":0},"end":{"line":64,"column":50}},"64":{"start":{"line":65,"column":0},"end":{"line":65,"column":53}},"65":{"start":{"line":66,"column":0},"end":{"line":66,"column":5}},"66":{"start":{"line":67,"column":0},"end":{"line":67,"column":3}},"67":{"start":{"line":68,"column":0},"end":{"line":68,"column":2}}},"s":{"0":0,"1":0,"2":0,"3":0,"4":0,"6":0,"7":0,"8":0,"9":0,"10":0,"11":0,"12":0,"13":0,"14":0,"15":0,"16":0,"17":0,"18":0,"19":0,"20":0,"21":0,"22":0,"23":0,"24":0,"25":0,"26":0,"27":0,"28":0,"29":0,"30":0,"31":0,"32":0,"33":0,"34":0,"35":0,"36":0,"37":0,"38":0,"39":0,"40":0,"41":0,"42":0,"43":0,"44":0,"45":0,"46":0,"47":0,"48":0,"49":0,"50":0,"51":0,"52":0,"53":0,"54":0,"55":0,"56":0,"57":0,"58":0,"59":0,"60":0,"61":0,"62":0,"63":0,"64":0,"65":0,"66":0,"67":0},"branchMap":{"0":{"type":"branch","line":1,"loc":{"start":{"line":1,"column":1599},"end":{"line":68,"column":2}},"locations":[{"start":{"line":1,"column":1599},"end":{"line":68,"column":2}}]}},"b":{"0":[0]},"fnMap":{"0":{"name":"(empty-report)","decl":{"start":{"line":1,"column":1599},"end":{"line":68,"column":2}},"loc":{"start":{"line":1,"column":1599},"end":{"line":68,"column":2}},"line":1}},"f":{"0":0}}
,"/app/frontend/src/App.vue": {"path":"/app/frontend/src/App.vue","all":false,"statementMap":{"1":{"start":{"line":2,"column":0},"end":{"line":2,"column":40}},"2":{"start":{"line":3,"column":0},"end":{"line":3,"column":56}},"3":{"start":{"line":4,"column":0},"end":{"line":4,"column":72}},"5":{"start":{"line":6,"column":0},"end":{"line":6,"column":10}},"6":{"start":{"line":7,"column":0},"end":{"line":7,"column":10}},"7":{"start":{"line":8,"column":0},"end":{"line":8,"column":21}},"8":{"start":{"line":9,"column":0},"end":{"line":9,"column":68}},"9":{"start":{"line":10,"column":0},"end":{"line":10,"column":6}},"10":{"start":{"line":11,"column":0},"end":{"line":11,"column":54}},"11":{"start":{"line":12,"column":0},"end":{"line":12,"column":19}},"12":{"start":{"line":13,"column":0},"end":{"line":13,"column":75}},"13":{"start":{"line":14,"column":0},"end":{"line":14,"column":6}},"14":{"start":{"line":15,"column":0},"end":{"line":15,"column":8}},"15":{"start":{"line":16,"column":0},"end":{"line":16,"column":42}},"16":{"start":{"line":17,"column":0},"end":{"line":17,"column":77}},"18":{"start":{"line":19,"column":0},"end":{"line":19,"column":67}},"20":{"start":{"line":21,"column":0},"end":{"line":21,"column":11}},"21":{"start":{"line":22,"column":0},"end":{"line":22,"column":53}},"24":{"start":{"line":25,"column":0},"end":{"line":25,"column":10}},"25":{"start":{"line":26,"column":0},"end":{"line":26,"column":8}},"26":{"start":{"line":27,"column":0},"end":{"line":27,"column":16}},"27":{"start":{"line":28,"column":0},"end":{"line":28,"column":102}},"28":{"start":{"line":29,"column":0},"end":{"line":29,"column":26}},"29":{"start":{"line":30,"column":0},"end":{"line":30,"column":7}},"30":{"start":{"line":31,"column":0},"end":{"line":31,"column":10}},"31":{"start":{"line":32,"column":0},"end":{"line":32,"column":8}},"35":{"start":{"line":36,"column":0},"end":{"line":36,"column":32}},"36":{"start":{"line":37,"column":0},"end":{"line":37,"column":65}},"37":{"start":{"line":38,"column":0},"end":{"line":38,"column":51}},"38":{"start":{"line":39,"column":0},"end":{"line":39,"column":61}},"40":{"start":{"line":41,"column":0},"end":{"line":41,"column":24}}},"s":{"1":1,"2":1,"3":1,"5":1,"6":6,"7":6,"8":6,"9":2,"10":4,"11":3,"12":3,"13":2,"14":1,"15":1,"16":1,"18":1,"20":1,"21":1,"24":1,"25":1,"26":1,"27":1,"28":1,"29":1,"30":1,"31":1,"35":1,"36":1,"37":1,"38":1,"40":1},"branchMap":{"0":{"type":"branch","line":6,"loc":{"start":{"line":6,"column":6},"end":{"line":29,"column":26}},"locations":[{"start":{"line":6,"column":6},"end":{"line":29,"column":26}}]},"1":{"type":"branch","line":9,"loc":{"start":{"line":9,"column":29},"end":{"line":9,"column":68}},"locations":[{"start":{"line":9,"column":29},"end":{"line":9,"column":68}}]},"2":{"type":"branch","line":9,"loc":{"start":{"line":9,"column":52},"end":{"line":10,"column":6}},"locations":[{"start":{"line":9,"column":52},"end":{"line":10,"column":6}}]},"3":{"type":"branch","line":11,"loc":{"start":{"line":11,"column":-1},"end":{"line":29,"column":26}},"locations":[{"start":{"line":11,"column":-1},"end":{"line":29,"column":26}}]},"4":{"type":"branch","line":11,"loc":{"start":{"line":11,"column":38},"end":{"line":11,"column":54}},"locations":[{"start":{"line":11,"column":38},"end":{"line":11,"column":54}}]},"5":{"type":"branch","line":12,"loc":{"start":{"line":12,"column":-1},"end":{"line":29,"column":26}},"locations":[{"start":{"line":12,"column":-1},"end":{"line":29,"column":26}}]},"6":{"type":"branch","line":13,"loc":{"start":{"line":13,"column":29},"end":{"line":13,"column":75}},"locations":[{"start":{"line":13,"column":29},"end":{"line":13,"column":75}}]},"7":{"type":"branch","line":13,"loc":{"start":{"line":13,"column":59},"end":{"line":14,"column":6}},"locations":[{"start":{"line":13,"column":59},"end":{"line":14,"column":6}}]},"8":{"type":"branch","line":15,"loc":{"start":{"line":15,"column":-1},"end":{"line":29,"column":26}},"locations":[{"start":{"line":15,"column":-1},"end":{"line":29,"column":26}}]},"9":{"type":"branch","line":29,"loc":{"start":{"line":29,"column":23},"end":{"line":29,"column":26}},"locations":[{"start":{"line":29,"column":23},"end":{"line":29,"column":26}}]}},"b":{"0":[6],"1":[5],"2":[2],"3":[4],"4":[1],"5":[3],"6":[2],"7":[2],"8":[1],"9":[0]},"fnMap":{},"f":{}}
,"/app/frontend/src/api.ts": {"path":"/app/frontend/src/api.ts","all":false,"statementMap":{"0":{"start":{"line":1,"column":0},"end":{"line":1,"column":31}},"3":{"start":{"line":4,"column":0},"end":{"line":4,"column":23}},"9":{"start":{"line":10,"column":0},"end":{"line":10,"column":66}},"10":{"start":{"line":11,"column":0},"end":{"line":11,"column":21}},"11":{"start":{"line":12,"column":0},"end":{"line":12,"column":52}},"12":{"start":{"line":13,"column":0},"end":{"line":13,"column":72}},"13":{"start":{"line":14,"column":0},"end":{"line":14,"column":3}},"14":{"start":{"line":15,"column":0},"end":{"line":15,"column":39}},"15":{"start":{"line":16,"column":0},"end":{"line":16,"column":1}},"17":{"start":{"line":18,"column":0},"end":{"line":18,"column":39}},"18":{"start":{"line":19,"column":0},"end":{"line":19,"column":38}},"19":{"start":{"line":20,"column":0},"end":{"line":20,"column":24}},"20":{"start":{"line":21,"column":0},"end":{"line":21,"column":58}},"21":{"start":{"line":22,"column":0},"end":{"line":22,"column":19}},"22":{"start":{"line":23,"column":0},"end":{"line":23,"column":52}},"23":{"start":{"line":24,"column":0},"end":{"line":24,"column":37}},"24":{"start":{"line":25,"column":0},"end":{"line":25,"column":5}},"25":{"start":{"line":26,"column":0},"end":{"line":26,"column":46}},"26":{"start":{"line":27,"column":0},"end":{"line":27,"column":1}},"28":{"start":{"line":29,"column":0},"end":{"line":29,"column":38}},"29":{"start":{"line":30,"column":0},"end":{"line":30,"column":13}},"30":{"start":{"line":31,"column":0},"end":{"line":31,"column":56}},"31":{"start":{"line":32,"column":0},"end":{"line":32,"column":24}},"32":{"start":{"line":33,"column":0},"end":{"line":33,"column":70}},"33":{"start":{"line":34,"column":0},"end":{"line":34,"column":19}},"34":{"start":{"line":35,"column":0},"end":{"line":35,"column":52}},"35":{"start":{"line":36,"column":0},"end":{"line":36,"column":36}},"36":{"start":{"line":37,"column":0},"end":{"line":37,"column":5}},"37":{"start":{"line":38,"column":0},"end":{"line":38,"column":46}},"38":{"start":{"line":39,"column":0},"end":{"line":39,"column":1}},"40":{"start":{"line":41,"column":0},"end":{"line":41,"column":35}},"41":{"start":{"line":42,"column":0},"end":{"line":42,"column":13}},"42":{"start":{"line":43,"column":0},"end":{"line":43,"column":11}},"49":{"start":{"line":50,"column":0},"end":{"line":50,"column":24}},"50":{"start":{"line":51,"column":0},"end":{"line":51,"column":72}},"51":{"start":{"line":52,"column":0},"end":{"line":52,"column":19}},"52":{"start":{"line":53,"column":0},"end":{"line":53,"column":52}},"53":{"start":{"line":54,"column":0},"end":{"line":54,"column":33}},"54":{"start":{"line":55,"column":0},"end":{"line":55,"column":5}},"55":{"start":{"line":56,"column":0},"end":{"line":56,"column":46}},"56":{"start":{"line":57,"column":0},"end":{"line":57,"column":1}},"58":{"start":{"line":59,"column":0},"end":{"line":59,"column":74}},"59":{"start":{"line":60,"column":0},"end":{"line":60,"column":75}},"60":{"start":{"line":61,"column":0},"end":{"line":61,"column":19}},"61":{"start":{"line":62,"column":0},"end":{"line":62,"column":5}},"62":{"start":{"line":63,"column":0},"end":{"line":63,"column":46}},"63":{"start":{"line":64,"column":0},"end":{"line":64,"column":1}},"65":{"start":{"line":66,"column":0},"end":{"line":66,"column":45}},"66":{"start":{"line":67,"column":0},"end":{"line":67,"column":13}},"67":{"start":{"line":68,"column":0},"end":{"line":68,"column":47}},"68":{"start":{"line":69,"column":0},"end":{"line":69,"column":24}},"69":{"start":{"line":70,"column":0},"end":{"line":70,"column":71}},"70":{"start":{"line":71,"column":0},"end":{"line":71,"column":18}},"71":{"start":{"line":72,"column":0},"end":{"line":72,"column":52}},"72":{"start":{"line":73,"column":0},"end":{"line":73,"column":37}},"73":{"start":{"line":74,"column":0},"end":{"line":74,"column":5}},"74":{"start":{"line":75,"column":0},"end":{"line":75,"column":46}},"75":{"start":{"line":76,"column":0},"end":{"line":76,"column":1}},"77":{"start":{"line":78,"column":0},"end":{"line":78,"column":78}},"78":{"start":{"line":79,"column":0},"end":{"line":79,"column":12}},"79":{"start":{"line":80,"column":0},"end":{"line":80,"column":80}},"80":{"start":{"line":81,"column":0},"end":{"line":81,"column":16}},"81":{"start":{"line":82,"column":0},"end":{"line":82,"column":3}},"82":{"start":{"line":83,"column":0},"end":{"line":83,"column":7}},"83":{"start":{"line":84,"column":0},"end":{"line":84,"column":65}},"84":{"start":{"line":85,"column":0},"end":{"line":85,"column":23}},"85":{"start":{"line":86,"column":0},"end":{"line":86,"column":36}},"86":{"start":{"line":87,"column":0},"end":{"line":87,"column":23}},"87":{"start":{"line":88,"column":0},"end":{"line":88,"column":19}},"88":{"start":{"line":89,"column":0},"end":{"line":89,"column":54}},"89":{"start":{"line":90,"column":0},"end":{"line":90,"column":17}},"90":{"start":{"line":91,"column":0},"end":{"line":91,"column":10}},"91":{"start":{"line":92,"column":0},"end":{"line":92,"column":14}},"92":{"start":{"line":93,"column":0},"end":{"line":93,"column":85}},"93":{"start":{"line":94,"column":0},"end":{"line":94,"column":7}},"94":{"start":{"line":95,"column":0},"end":{"line":95,"column":18}},"95":{"start":{"line":96,"column":0},"end":{"line":96,"column":5}},"96":{"start":{"line":97,"column":0},"end":{"line":97,"column":49}},"97":{"start":{"line":98,"column":0},"end":{"line":98,"column":15}},"98":{"start":{"line":99,"column":0},"end":{"line":99,"column":46}},"99":{"start":{"line":100,"column":0},"end":{"line":100,"column":19}},"100":{"start":{"line":101,"column":0},"end":{"line":101,"column":15}},"101":{"start":{"line":102,"column":0},"end":{"line":102,"column":66}},"102":{"start":{"line":103,"column":0},"end":{"line":103,"column":13}},"103":{"start":{"line":104,"column":0},"end":{"line":104,"column":6}},"104":{"start":{"line":105,"column":0},"end":{"line":105,"column":16}},"105":{"start":{"line":106,"column":0},"end":{"line":106,"column":3}},"106":{"start":{"line":107,"column":0},"end":{"line":107,"column":1}}},"s":{"0":1,"3":1,"9":6,"10":6,"11":1,"12":1,"13":1,"14":5,"15":5,"17":2,"18":2,"19":2,"20":2,"21":2,"22":2,"23":2,"24":2,"25":2,"26":2,"28":1,"29":1,"30":1,"31":1,"32":1,"33":1,"34":1,"35":1,"36":1,"37":1,"38":1,"40":1,"41":1,"42":1,"49":1,"50":1,"51":1,"52":1,"53":1,"54":1,"55":1,"56":1,"58":1,"59":1,"60":1,"61":1,"62":1,"63":1,"65":1,"66":1,"67":1,"68":1,"69":1,"70":1,"71":1,"72":1,"73":1,"74":1,"75":1,"77":5,"78":5,"79":1,"80":1,"81":1,"82":4,"83":4,"84":5,"85":2,"86":1,"87":1,"88":1,"89":1,"90":1,"91":1,"92":1,"93":1,"94":2,"95":2,"96":1,"97":1,"98":1,"99":1,"100":1,"101":1,"102":1,"103":1,"104":1,"105":1,"106":5},"branchMap":{"0":{"type":"branch","line":10,"loc":{"start":{"line":10,"column":0},"end":{"line":16,"column":1}},"locations":[{"start":{"line":10,"column":0},"end":{"line":16,"column":1}}]},"1":{"type":"branch","line":11,"loc":{"start":{"line":11,"column":20},"end":{"line":14,"column":3}},"locations":[{"start":{"line":11,"column":20},"end":{"line":14,"column":3}}]},"2":{"type":"branch","line":13,"loc":{"start":{"line":13,"column":26},"end":{"line":13,"column":70}},"locations":[{"start":{"line":13,"column":26},"end":{"line":13,"column":70}}]},"3":{"type":"branch","line":14,"loc":{"start":{"line":14,"column":2},"end":{"line":16,"column":1}},"locations":[{"start":{"line":14,"column":2},"end":{"line":16,"column":1}}]},"4":{"type":"branch","line":18,"loc":{"start":{"line":18,"column":0},"end":{"line":27,"column":1}},"locations":[{"start":{"line":18,"column":0},"end":{"line":27,"column":1}}]},"5":{"type":"branch","line":29,"loc":{"start":{"line":29,"column":0},"end":{"line":39,"column":1}},"locations":[{"start":{"line":29,"column":0},"end":{"line":39,"column":1}}]},"6":{"type":"branch","line":41,"loc":{"start":{"line":41,"column":0},"end":{"line":57,"column":1}},"locations":[{"start":{"line":41,"column":0},"end":{"line":57,"column":1}}]},"7":{"type":"branch","line":59,"loc":{"start":{"line":59,"column":0},"end":{"line":64,"column":1}},"locations":[{"start":{"line":59,"column":0},"end":{"line":64,"column":1}}]},"8":{"type":"branch","line":66,"loc":{"start":{"line":66,"column":0},"end":{"line":76,"column":1}},"locations":[{"start":{"line":66,"column":0},"end":{"line":76,"column":1}}]},"9":{"type":"branch","line":78,"loc":{"start":{"line":78,"column":0},"end":{"line":107,"column":1}},"locations":[{"start":{"line":78,"column":0},"end":{"line":107,"column":1}}]},"10":{"type":"branch","line":79,"loc":{"start":{"line":79,"column":11},"end":{"line":82,"column":3}},"locations":[{"start":{"line":79,"column":11},"end":{"line":82,"column":3}}]},"11":{"type":"branch","line":82,"loc":{"start":{"line":82,"column":2},"end":{"line":84,"column":65}},"locations":[{"start":{"line":82,"column":2},"end":{"line":84,"column":65}}]},"12":{"type":"branch","line":84,"loc":{"start":{"line":84,"column":63},"end":{"line":85,"column":22}},"locations":[{"start":{"line":84,"column":63},"end":{"line":85,"column":22}}]},"13":{"type":"branch","line":85,"loc":{"start":{"line":85,"column":22},"end":{"line":96,"column":5}},"locations":[{"start":{"line":85,"column":22},"end":{"line":96,"column":5}}]},"14":{"type":"branch","line":86,"loc":{"start":{"line":86,"column":35},"end":{"line":94,"column":7}},"locations":[{"start":{"line":86,"column":35},"end":{"line":94,"column":7}}]},"15":{"type":"branch","line":96,"loc":{"start":{"line":96,"column":4},"end":{"line":106,"column":3}},"locations":[{"start":{"line":96,"column":4},"end":{"line":106,"column":3}}]}},"b":{"0":[6],"1":[1],"2":[0],"3":[5],"4":[2],"5":[1],"6":[1],"7":[1],"8":[1],"9":[5],"10":[1],"11":[4],"12":[3],"13":[2],"14":[1],"15":[1]},"fnMap":{"0":{"name":"handleResponse","decl":{"start":{"line":10,"column":0},"end":{"line":16,"column":1}},"loc":{"start":{"line":10,"column":0},"end":{"line":16,"column":1}},"line":10},"1":{"name":"createTournament","decl":{"start":{"line":18,"column":0},"end":{"line":27,"column":1}},"loc":{"start":{"line":18,"column":0},"end":{"line":27,"column":1}},"line":18},"2":{"name":"startTournament","decl":{"start":{"line":29,"column":0},"end":{"line":39,"column":1}},"loc":{"start":{"line":29,"column":0},"end":{"line":39,"column":1}},"line":29},"3":{"name":"recordResult","decl":{"start":{"line":41,"column":0},"end":{"line":57,"column":1}},"loc":{"start":{"line":41,"column":0},"end":{"line":57,"column":1}},"line":41},"4":{"name":"generateNextRound","decl":{"start":{"line":59,"column":0},"end":{"line":64,"column":1}},"loc":{"start":{"line":59,"column":0},"end":{"line":64,"column":1}},"line":59},"5":{"name":"updateTournamentConfig","decl":{"start":{"line":66,"column":0},"end":{"line":76,"column":1}},"loc":{"start":{"line":66,"column":0},"end":{"line":76,"column":1}},"line":66},"6":{"name":"loadTournament","decl":{"start":{"line":78,"column":0},"end":{"line":107,"column":1}},"loc":{"start":{"line":78,"column":0},"end":{"line":107,"column":1}},"line":78}},"f":{"0":6,"1":2,"2":1,"3":1,"4":1,"5":1,"6":5}}
,"/app/frontend/src/store.ts": {"path":"/app/frontend/src/store.ts","all":false,"statementMap":{"0":{"start":{"line":1,"column":0},"end":{"line":1,"column":31}},"3":{"start":{"line":4,"column":0},"end":{"line":4,"column":32}},"4":{"start":{"line":5,"column":0},"end":{"line":5,"column":20}},"5":{"start":{"line":6,"column":0},"end":{"line":6,"column":19}},"6":{"start":{"line":7,"column":0},"end":{"line":7,"column":25}},"7":{"start":{"line":8,"column":0},"end":{"line":8,"column":12}},"8":{"start":{"line":9,"column":0},"end":{"line":9,"column":13}},"9":{"start":{"line":10,"column":0},"end":{"line":10,"column":13}},"10":{"start":{"line":11,"column":0},"end":{"line":11,"column":18}},"11":{"start":{"line":12,"column":0},"end":{"line":12,"column":18}},"12":{"start":{"line":13,"column":0},"end":{"line":13,"column":25}},"13":{"start":{"line":14,"column":0},"end":{"line":14,"column":19}},"14":{"start":{"line":15,"column":0},"end":{"line":15,"column":11}},"15":{"start":{"line":16,"column":0},"end":{"line":16,"column":13}},"16":{"start":{"line":17,"column":0},"end":{"line":17,"column":38}},"17":{"start":{"line":18,"column":0},"end":{"line":18,"column":15}},"18":{"start":{"line":19,"column":0},"end":{"line":19,"column":34}},"19":{"start":{"line":20,"column":0},"end":{"line":20,"column":53}},"20":{"start":{"line":21,"column":0},"end":{"line":21,"column":6}},"21":{"start":{"line":22,"column":0},"end":{"line":22,"column":38}},"22":{"start":{"line":23,"column":0},"end":{"line":23,"column":17}},"23":{"start":{"line":24,"column":0},"end":{"line":24,"column":17}},"24":{"start":{"line":25,"column":0},"end":{"line":25,"column":21}},"25":{"start":{"line":26,"column":0},"end":{"line":26,"column":17}},"26":{"start":{"line":27,"column":0},"end":{"line":27,"column":22}},"27":{"start":{"line":28,"column":0},"end":{"line":28,"column":21}},"28":{"start":{"line":29,"column":0},"end":{"line":29,"column":54}},"29":{"start":{"line":30,"column":0},"end":{"line":30,"column":23}},"30":{"start":{"line":31,"column":0},"end":{"line":31,"column":4}},"31":{"start":{"line":32,"column":0},"end":{"line":32,"column":27}},"32":{"start":{"line":33,"column":0},"end":{"line":33,"column":2}},"34":{"start":{"line":35,"column":0},"end":{"line":35,"column":31}},"41":{"start":{"line":42,"column":0},"end":{"line":42,"column":4}},"42":{"start":{"line":43,"column":0},"end":{"line":43,"column":62}},"44":{"start":{"line":45,"column":0},"end":{"line":45,"column":22}},"46":{"start":{"line":47,"column":0},"end":{"line":47,"column":48}},"47":{"start":{"line":48,"column":0},"end":{"line":48,"column":4}},"49":{"start":{"line":50,"column":0},"end":{"line":50,"column":23}},"50":{"start":{"line":51,"column":0},"end":{"line":51,"column":35}},"51":{"start":{"line":52,"column":0},"end":{"line":52,"column":4}},"52":{"start":{"line":53,"column":0},"end":{"line":53,"column":22}},"53":{"start":{"line":54,"column":0},"end":{"line":54,"column":34}},"54":{"start":{"line":55,"column":0},"end":{"line":55,"column":4}},"55":{"start":{"line":56,"column":0},"end":{"line":56,"column":28}},"56":{"start":{"line":57,"column":0},"end":{"line":57,"column":40}},"57":{"start":{"line":58,"column":0},"end":{"line":58,"column":4}},"58":{"start":{"line":59,"column":0},"end":{"line":59,"column":16}},"59":{"start":{"line":60,"column":0},"end":{"line":60,"column":70}},"60":{"start":{"line":61,"column":0},"end":{"line":61,"column":4}},"61":{"start":{"line":62,"column":0},"end":{"line":62,"column":3}}},"s":{"0":1,"3":1,"4":1,"5":1,"6":1,"7":1,"8":1,"9":1,"10":1,"11":1,"12":1,"13":1,"14":1,"15":1,"16":1,"17":1,"18":1,"19":1,"20":1,"21":1,"22":1,"23":1,"24":1,"25":1,"26":1,"27":1,"28":1,"29":1,"30":1,"31":1,"32":1,"34":1,"41":1,"42":1,"44":1,"46":4,"47":4,"49":1,"50":2,"51":2,"52":1,"53":10,"54":10,"55":1,"56":2,"57":2,"58":1,"59":34,"60":34,"61":1},"branchMap":{"0":{"type":"branch","line":45,"loc":{"start":{"line":45,"column":2},"end":{"line":48,"column":4}},"locations":[{"start":{"line":45,"column":2},"end":{"line":48,"column":4}}]},"1":{"type":"branch","line":50,"loc":{"start":{"line":50,"column":2},"end":{"line":52,"column":4}},"locations":[{"start":{"line":50,"column":2},"end":{"line":52,"column":4}}]},"2":{"type":"branch","line":53,"loc":{"start":{"line":53,"column":2},"end":{"line":55,"column":4}},"locations":[{"start":{"line":53,"column":2},"end":{"line":55,"column":4}}]},"3":{"type":"branch","line":56,"loc":{"start":{"line":56,"column":2},"end":{"line":58,"column":4}},"locations":[{"start":{"line":56,"column":2},"end":{"line":58,"column":4}}]},"4":{"type":"branch","line":59,"loc":{"start":{"line":59,"column":2},"end":{"line":61,"column":4}},"locations":[{"start":{"line":59,"column":2},"end":{"line":61,"column":4}}]}},"b":{"0":[4],"1":[2],"2":[10],"3":[2],"4":[34]},"fnMap":{"0":{"name":"setState","decl":{"start":{"line":45,"column":2},"end":{"line":48,"column":4}},"loc":{"start":{"line":45,"column":2},"end":{"line":48,"column":4}},"line":45},"1":{"name":"setReadOnly","decl":{"start":{"line":50,"column":2},"end":{"line":52,"column":4}},"loc":{"start":{"line":50,"column":2},"end":{"line":52,"column":4}},"line":50},"2":{"name":"setLoading","decl":{"start":{"line":53,"column":2},"end":{"line":55,"column":4}},"loc":{"start":{"line":53,"column":2},"end":{"line":55,"column":4}},"line":53},"3":{"name":"setEditingConfig","decl":{"start":{"line":56,"column":2},"end":{"line":58,"column":4}},"loc":{"start":{"line":56,"column":2},"end":{"line":58,"column":4}},"line":56},"4":{"name":"resetState","decl":{"start":{"line":59,"column":2},"end":{"line":61,"column":4}},"loc":{"start":{"line":59,"column":2},"end":{"line":61,"column":4}},"line":59}},"f":{"0":4,"1":2,"2":10,"3":2,"4":34}}
,"/app/frontend/src/components/MatchCard.vue": {"path":"/app/frontend/src/components/MatchCard.vue","all":false,"statementMap":{"1":{"start":{"line":2,"column":0},"end":{"line":2,"column":63}},"2":{"start":{"line":3,"column":0},"end":{"line":3,"column":75}},"3":{"start":{"line":4,"column":0},"end":{"line":4,"column":66}},"4":{"start":{"line":5,"column":0},"end":{"line":5,"column":61}},"5":{"start":{"line":6,"column":0},"end":{"line":6,"column":10}},"6":{"start":{"line":7,"column":0},"end":{"line":7,"column":8}},"7":{"start":{"line":8,"column":0},"end":{"line":8,"column":82}},"9":{"start":{"line":10,"column":0},"end":{"line":10,"column":10}},"10":{"start":{"line":11,"column":0},"end":{"line":11,"column":25}},"11":{"start":{"line":12,"column":0},"end":{"line":12,"column":35}},"12":{"start":{"line":13,"column":0},"end":{"line":13,"column":49}},"13":{"start":{"line":14,"column":0},"end":{"line":14,"column":8}},"14":{"start":{"line":15,"column":0},"end":{"line":15,"column":74}},"15":{"start":{"line":16,"column":0},"end":{"line":16,"column":18}},"16":{"start":{"line":17,"column":0},"end":{"line":17,"column":15}},"17":{"start":{"line":18,"column":0},"end":{"line":18,"column":43}},"18":{"start":{"line":19,"column":0},"end":{"line":19,"column":14}},"19":{"start":{"line":20,"column":0},"end":{"line":20,"column":52}},"20":{"start":{"line":21,"column":0},"end":{"line":21,"column":23}},"21":{"start":{"line":22,"column":0},"end":{"line":22,"column":17}},"22":{"start":{"line":23,"column":0},"end":{"line":23,"column":88}},"23":{"start":{"line":24,"column":0},"end":{"line":24,"column":37}},"24":{"start":{"line":25,"column":0},"end":{"line":25,"column":46}},"25":{"start":{"line":26,"column":0},"end":{"line":26,"column":10}},"26":{"start":{"line":27,"column":0},"end":{"line":27,"column":22}},"27":{"start":{"line":28,"column":0},"end":{"line":28,"column":14}},"28":{"start":{"line":29,"column":0},"end":{"line":29,"column":52}},"29":{"start":{"line":30,"column":0},"end":{"line":30,"column":23}},"30":{"start":{"line":31,"column":0},"end":{"line":31,"column":17}},"31":{"start":{"line":32,"column":0},"end":{"line":32,"column":88}},"32":{"start":{"line":33,"column":0},"end":{"line":33,"column":37}},"33":{"start":{"line":34,"column":0},"end":{"line":34,"column":46}},"34":{"start":{"line":35,"column":0},"end":{"line":35,"column":10}},"35":{"start":{"line":36,"column":0},"end":{"line":36,"column":12}},"36":{"start":{"line":37,"column":0},"end":{"line":37,"column":73}},"37":{"start":{"line":38,"column":0},"end":{"line":38,"column":18}},"38":{"start":{"line":39,"column":0},"end":{"line":39,"column":15}},"39":{"start":{"line":40,"column":0},"end":{"line":40,"column":10}},"40":{"start":{"line":41,"column":0},"end":{"line":41,"column":25}},"41":{"start":{"line":42,"column":0},"end":{"line":42,"column":35}},"42":{"start":{"line":43,"column":0},"end":{"line":43,"column":49}},"43":{"start":{"line":44,"column":0},"end":{"line":44,"column":8}},"44":{"start":{"line":45,"column":0},"end":{"line":45,"column":10}},"45":{"start":{"line":46,"column":0},"end":{"line":46,"column":62}},"46":{"start":{"line":47,"column":0},"end":{"line":47,"column":13}},"47":{"start":{"line":48,"column":0},"end":{"line":48,"column":25}},"48":{"start":{"line":49,"column":0},"end":{"line":49,"column":132}},"49":{"start":{"line":50,"column":0},"end":{"line":50,"column":36}},"50":{"start":{"line":51,"column":0},"end":{"line":51,"column":7}},"52":{"start":{"line":53,"column":0},"end":{"line":53,"column":15}},"53":{"start":{"line":54,"column":0},"end":{"line":54,"column":13}},"55":{"start":{"line":56,"column":0},"end":{"line":56,"column":128}},"56":{"start":{"line":57,"column":0},"end":{"line":57,"column":36}},"57":{"start":{"line":58,"column":0},"end":{"line":58,"column":7}},"59":{"start":{"line":60,"column":0},"end":{"line":60,"column":15}},"60":{"start":{"line":61,"column":0},"end":{"line":61,"column":10}},"61":{"start":{"line":62,"column":0},"end":{"line":62,"column":8}},"65":{"start":{"line":66,"column":0},"end":{"line":66,"column":31}},"66":{"start":{"line":67,"column":0},"end":{"line":67,"column":33}},"69":{"start":{"line":70,"column":0},"end":{"line":70,"column":27}},"73":{"start":{"line":74,"column":0},"end":{"line":74,"column":26}},"78":{"start":{"line":79,"column":0},"end":{"line":79,"column":24}},"80":{"start":{"line":81,"column":0},"end":{"line":81,"column":23}},"81":{"start":{"line":82,"column":0},"end":{"line":82,"column":62}},"82":{"start":{"line":83,"column":0},"end":{"line":83,"column":2}},"83":{"start":{"line":84,"column":0},"end":{"line":84,"column":23}},"84":{"start":{"line":85,"column":0},"end":{"line":85,"column":62}},"85":{"start":{"line":86,"column":0},"end":{"line":86,"column":2}},"86":{"start":{"line":87,"column":0},"end":{"line":87,"column":63}},"87":{"start":{"line":88,"column":0},"end":{"line":88,"column":28}},"88":{"start":{"line":89,"column":0},"end":{"line":89,"column":67}},"89":{"start":{"line":90,"column":0},"end":{"line":90,"column":2}},"91":{"start":{"line":92,"column":0},"end":{"line":92,"column":37}},"92":{"start":{"line":93,"column":0},"end":{"line":93,"column":28}},"93":{"start":{"line":94,"column":0},"end":{"line":94,"column":53}},"94":{"start":{"line":95,"column":0},"end":{"line":95,"column":20}},"95":{"start":{"line":96,"column":0},"end":{"line":96,"column":22}},"96":{"start":{"line":97,"column":0},"end":{"line":97,"column":5}},"97":{"start":{"line":98,"column":0},"end":{"line":98,"column":2}}},"s":{"1":1,"2":1,"3":1,"4":1,"5":1,"6":1,"7":1,"9":1,"10":1,"11":1,"12":1,"13":1,"14":1,"15":1,"16":1,"17":1,"18":1,"19":1,"20":1,"21":1,"22":1,"23":1,"24":1,"25":1,"26":1,"27":1,"28":1,"29":1,"30":1,"31":1,"32":1,"33":1,"34":1,"35":1,"36":1,"37":1,"38":1,"39":1,"40":1,"41":1,"42":1,"43":1,"44":1,"45":1,"46":31,"47":31,"48":31,"49":31,"50":31,"52":31,"53":29,"55":29,"56":29,"57":29,"59":29,"60":1,"61":1,"65":1,"66":1,"69":1,"73":1,"78":1,"80":1,"81":1,"82":1,"83":1,"84":1,"85":1,"86":1,"87":1,"88":1,"89":1,"91":1,"92":66,"93":21,"94":21,"95":21,"96":21,"97":66},"branchMap":{"0":{"type":"branch","line":82,"loc":{"start":{"line":82,"column":2},"end":{"line":82,"column":62}},"locations":[{"start":{"line":82,"column":2},"end":{"line":82,"column":62}}]},"1":{"type":"branch","line":82,"loc":{"start":{"line":82,"column":25},"end":{"line":82,"column":60}},"locations":[{"start":{"line":82,"column":25},"end":{"line":82,"column":60}}]},"2":{"type":"branch","line":85,"loc":{"start":{"line":85,"column":2},"end":{"line":85,"column":62}},"locations":[{"start":{"line":85,"column":2},"end":{"line":85,"column":62}}]},"3":{"type":"branch","line":85,"loc":{"start":{"line":85,"column":25},"end":{"line":85,"column":60}},"locations":[{"start":{"line":85,"column":25},"end":{"line":85,"column":60}}]},"4":{"type":"branch","line":87,"loc":{"start":{"line":87,"column":28},"end":{"line":87,"column":61}},"locations":[{"start":{"line":87,"column":28},"end":{"line":87,"column":61}}]},"5":{"type":"branch","line":89,"loc":{"start":{"line":89,"column":2},"end":{"line":89,"column":67}},"locations":[{"start":{"line":89,"column":2},"end":{"line":89,"column":67}}]},"6":{"type":"branch","line":92,"loc":{"start":{"line":92,"column":19},"end":{"line":98,"column":2}},"locations":[{"start":{"line":92,"column":19},"end":{"line":98,"column":2}}]},"7":{"type":"branch","line":93,"loc":{"start":{"line":93,"column":13},"end":{"line":97,"column":5}},"locations":[{"start":{"line":93,"column":13},"end":{"line":97,"column":5}}]},"8":{"type":"branch","line":93,"loc":{"start":{"line":93,"column":20},"end":{"line":97,"column":5}},"locations":[{"start":{"line":93,"column":20},"end":{"line":97,"column":5}}]},"9":{"type":"branch","line":24,"loc":{"start":{"line":24,"column":24},"end":{"line":24,"column":37}},"locations":[{"start":{"line":24,"column":24},"end":{"line":24,"column":37}}]},"10":{"type":"branch","line":25,"loc":{"start":{"line":25,"column":21},"end":{"line":25,"column":46}},"locations":[{"start":{"line":25,"column":21},"end":{"line":25,"column":46}}]},"11":{"type":"branch","line":27,"loc":{"start":{"line":27,"column":8},"end":{"line":27,"column":22}},"locations":[{"start":{"line":27,"column":8},"end":{"line":27,"column":22}}]},"12":{"type":"branch","line":33,"loc":{"start":{"line":33,"column":24},"end":{"line":33,"column":37}},"locations":[{"start":{"line":33,"column":24},"end":{"line":33,"column":37}}]},"13":{"type":"branch","line":34,"loc":{"start":{"line":34,"column":21},"end":{"line":34,"column":46}},"locations":[{"start":{"line":34,"column":21},"end":{"line":34,"column":46}}]},"14":{"type":"branch","line":46,"loc":{"start":{"line":46,"column":16},"end":{"line":60,"column":15}},"locations":[{"start":{"line":46,"column":16},"end":{"line":60,"column":15}}]},"15":{"type":"branch","line":53,"loc":{"start":{"line":53,"column":6},"end":{"line":60,"column":15}},"locations":[{"start":{"line":53,"column":6},"end":{"line":60,"column":15}}]},"16":{"type":"branch","line":57,"loc":{"start":{"line":57,"column":14},"end":{"line":57,"column":36}},"locations":[{"start":{"line":57,"column":14},"end":{"line":57,"column":36}}]},"17":{"type":"branch","line":60,"loc":{"start":{"line":60,"column":6},"end":{"line":60,"column":15}},"locations":[{"start":{"line":60,"column":6},"end":{"line":60,"column":15}}]}},"b":{"0":[33],"1":[47],"2":[33],"3":[94],"4":[33],"5":[33],"6":[66],"7":[45],"8":[21],"9":[29],"10":[29],"11":[30],"12":[31],"13":[29],"14":[31],"15":[29],"16":[28],"17":[2]},"fnMap":{"0":{"name":"formatTime","decl":{"start":{"line":92,"column":19},"end":{"line":98,"column":2}},"loc":{"start":{"line":92,"column":19},"end":{"line":98,"column":2}},"line":92},"1":{"name":"$setup.isReadOnly.$setup.isFinished.onClick._cache.<computed>._cache.<computed>","decl":{"start":{"line":50,"column":14},"end":{"line":50,"column":36}},"loc":{"start":{"line":50,"column":14},"end":{"line":50,"column":36}},"line":50},"2":{"name":"$setup.isReadOnly.$setup.isFinished.onClick._cache.<computed>._cache.<computed>","decl":{"start":{"line":57,"column":14},"end":{"line":57,"column":36}},"loc":{"start":{"line":57,"column":14},"end":{"line":57,"column":36}},"line":57}},"f":{"0":66,"1":0,"2":0}}
,"/app/frontend/src/components/MatchList.vue": {"path":"/app/frontend/src/components/MatchList.vue","all":false,"statementMap":{"1":{"start":{"line":2,"column":0},"end":{"line":2,"column":7}},"2":{"start":{"line":3,"column":0},"end":{"line":3,"column":8}},"3":{"start":{"line":4,"column":0},"end":{"line":4,"column":44}},"4":{"start":{"line":5,"column":0},"end":{"line":5,"column":51}},"6":{"start":{"line":7,"column":0},"end":{"line":7,"column":63}},"7":{"start":{"line":8,"column":0},"end":{"line":8,"column":72}},"8":{"start":{"line":9,"column":0},"end":{"line":9,"column":57}},"9":{"start":{"line":10,"column":0},"end":{"line":10,"column":31}},"10":{"start":{"line":11,"column":0},"end":{"line":11,"column":15}},"11":{"start":{"line":12,"column":0},"end":{"line":12,"column":75}},"13":{"start":{"line":14,"column":0},"end":{"line":14,"column":16}},"14":{"start":{"line":15,"column":0},"end":{"line":15,"column":20}},"15":{"start":{"line":16,"column":0},"end":{"line":16,"column":34}},"16":{"start":{"line":17,"column":0},"end":{"line":17,"column":54}},"17":{"start":{"line":18,"column":0},"end":{"line":18,"column":26}},"18":{"start":{"line":19,"column":0},"end":{"line":19,"column":24}},"19":{"start":{"line":20,"column":0},"end":{"line":20,"column":24}},"20":{"start":{"line":21,"column":0},"end":{"line":21,"column":12}},"21":{"start":{"line":22,"column":0},"end":{"line":22,"column":14}},"22":{"start":{"line":23,"column":0},"end":{"line":23,"column":12}},"23":{"start":{"line":24,"column":0},"end":{"line":24,"column":10}},"24":{"start":{"line":25,"column":0},"end":{"line":25,"column":75}},"25":{"start":{"line":26,"column":0},"end":{"line":26,"column":53}},"27":{"start":{"line":28,"column":0},"end":{"line":28,"column":11}},"28":{"start":{"line":29,"column":0},"end":{"line":29,"column":10}},"29":{"start":{"line":30,"column":0},"end":{"line":30,"column":48}},"30":{"start":{"line":31,"column":0},"end":{"line":31,"column":41}},"31":{"start":{"line":32,"column":0},"end":{"line":32,"column":7}},"33":{"start":{"line":34,"column":0},"end":{"line":34,"column":12}},"34":{"start":{"line":35,"column":0},"end":{"line":35,"column":16}},"35":{"start":{"line":36,"column":0},"end":{"line":36,"column":45}},"36":{"start":{"line":37,"column":0},"end":{"line":37,"column":50}},"37":{"start":{"line":38,"column":0},"end":{"line":38,"column":22}},"38":{"start":{"line":39,"column":0},"end":{"line":39,"column":20}},"39":{"start":{"line":40,"column":0},"end":{"line":40,"column":20}},"40":{"start":{"line":41,"column":0},"end":{"line":41,"column":8}},"41":{"start":{"line":42,"column":0},"end":{"line":42,"column":10}},"42":{"start":{"line":43,"column":0},"end":{"line":43,"column":8}},"46":{"start":{"line":47,"column":0},"end":{"line":47,"column":31}},"47":{"start":{"line":48,"column":0},"end":{"line":48,"column":33}},"48":{"start":{"line":49,"column":0},"end":{"line":49,"column":38}},"50":{"start":{"line":51,"column":0},"end":{"line":51,"column":40}},"51":{"start":{"line":52,"column":0},"end":{"line":52,"column":31}},"53":{"start":{"line":54,"column":0},"end":{"line":54,"column":24}},"55":{"start":{"line":56,"column":0},"end":{"line":56,"column":39}},"56":{"start":{"line":57,"column":0},"end":{"line":57,"column":64}},"57":{"start":{"line":58,"column":0},"end":{"line":58,"column":2}},"59":{"start":{"line":60,"column":0},"end":{"line":60,"column":39}},"60":{"start":{"line":61,"column":0},"end":{"line":61,"column":41}},"62":{"start":{"line":63,"column":0},"end":{"line":63,"column":49}},"63":{"start":{"line":64,"column":0},"end":{"line":64,"column":41}},"64":{"start":{"line":65,"column":0},"end":{"line":65,"column":28}},"65":{"start":{"line":66,"column":0},"end":{"line":66,"column":3}},"67":{"start":{"line":68,"column":0},"end":{"line":68,"column":55}},"68":{"start":{"line":69,"column":0},"end":{"line":69,"column":66}},"69":{"start":{"line":70,"column":0},"end":{"line":70,"column":16}},"70":{"start":{"line":71,"column":0},"end":{"line":71,"column":39}},"71":{"start":{"line":72,"column":0},"end":{"line":72,"column":5}},"72":{"start":{"line":73,"column":0},"end":{"line":73,"column":3}},"74":{"start":{"line":75,"column":0},"end":{"line":75,"column":36}},"75":{"start":{"line":76,"column":0},"end":{"line":76,"column":28}},"76":{"start":{"line":77,"column":0},"end":{"line":77,"column":15}},"77":{"start":{"line":78,"column":0},"end":{"line":78,"column":72}},"78":{"start":{"line":79,"column":0},"end":{"line":79,"column":39}},"79":{"start":{"line":80,"column":0},"end":{"line":80,"column":6}},"80":{"start":{"line":81,"column":0},"end":{"line":81,"column":3}},"82":{"start":{"line":83,"column":0},"end":{"line":83,"column":17}},"83":{"start":{"line":84,"column":0},"end":{"line":84,"column":3}},"85":{"start":{"line":86,"column":0},"end":{"line":86,"column":45}},"86":{"start":{"line":87,"column":0},"end":{"line":87,"column":41}},"87":{"start":{"line":88,"column":0},"end":{"line":88,"column":50}},"88":{"start":{"line":89,"column":0},"end":{"line":89,"column":13}},"89":{"start":{"line":90,"column":0},"end":{"line":90,"column":70}},"90":{"start":{"line":91,"column":0},"end":{"line":91,"column":37}},"91":{"start":{"line":92,"column":0},"end":{"line":92,"column":4}},"92":{"start":{"line":93,"column":0},"end":{"line":93,"column":3}},"94":{"start":{"line":95,"column":0},"end":{"line":95,"column":35}},"95":{"start":{"line":96,"column":0},"end":{"line":96,"column":25}},"96":{"start":{"line":97,"column":0},"end":{"line":97,"column":7}},"97":{"start":{"line":98,"column":0},"end":{"line":98,"column":73}},"98":{"start":{"line":99,"column":0},"end":{"line":99,"column":48}},"99":{"start":{"line":100,"column":0},"end":{"line":100,"column":52}},"100":{"start":{"line":101,"column":0},"end":{"line":101,"column":26}},"101":{"start":{"line":102,"column":0},"end":{"line":102,"column":48}},"102":{"start":{"line":103,"column":0},"end":{"line":103,"column":52}},"103":{"start":{"line":104,"column":0},"end":{"line":104,"column":26}},"105":{"start":{"line":106,"column":0},"end":{"line":106,"column":20}},"106":{"start":{"line":107,"column":0},"end":{"line":107,"column":38}},"107":{"start":{"line":108,"column":0},"end":{"line":108,"column":29}},"108":{"start":{"line":109,"column":0},"end":{"line":109,"column":29}},"109":{"start":{"line":110,"column":0},"end":{"line":110,"column":42}},"110":{"start":{"line":111,"column":0},"end":{"line":111,"column":42}},"111":{"start":{"line":112,"column":0},"end":{"line":112,"column":6}},"113":{"start":{"line":114,"column":0},"end":{"line":114,"column":74}},"114":{"start":{"line":115,"column":0},"end":{"line":115,"column":38}},"115":{"start":{"line":116,"column":0},"end":{"line":116,"column":19}},"116":{"start":{"line":117,"column":0},"end":{"line":117,"column":33}},"117":{"start":{"line":118,"column":0},"end":{"line":118,"column":55}},"118":{"start":{"line":119,"column":0},"end":{"line":119,"column":12}},"119":{"start":{"line":120,"column":0},"end":{"line":120,"column":83}},"120":{"start":{"line":121,"column":0},"end":{"line":121,"column":5}},"121":{"start":{"line":122,"column":0},"end":{"line":122,"column":13}},"122":{"start":{"line":123,"column":0},"end":{"line":123,"column":28}},"123":{"start":{"line":124,"column":0},"end":{"line":124,"column":3}},"124":{"start":{"line":125,"column":0},"end":{"line":125,"column":1}},"126":{"start":{"line":127,"column":0},"end":{"line":127,"column":29}},"127":{"start":{"line":128,"column":0},"end":{"line":128,"column":46}},"128":{"start":{"line":129,"column":0},"end":{"line":129,"column":50}},"129":{"start":{"line":130,"column":0},"end":{"line":130,"column":24}},"130":{"start":{"line":131,"column":0},"end":{"line":131,"column":46}},"131":{"start":{"line":132,"column":0},"end":{"line":132,"column":50}},"132":{"start":{"line":133,"column":0},"end":{"line":133,"column":24}},"133":{"start":{"line":134,"column":0},"end":{"line":134,"column":31}},"134":{"start":{"line":135,"column":0},"end":{"line":135,"column":31}},"135":{"start":{"line":136,"column":0},"end":{"line":136,"column":1}},"137":{"start":{"line":138,"column":0},"end":{"line":138,"column":14}},"138":{"start":{"line":139,"column":0},"end":{"line":139,"column":17}},"139":{"start":{"line":140,"column":0},"end":{"line":140,"column":23}},"140":{"start":{"line":141,"column":0},"end":{"line":141,"column":3}}},"s":{"1":1,"2":1,"3":1,"4":1,"6":1,"7":1,"8":1,"9":1,"10":1,"11":1,"13":0,"14":1,"15":1,"16":1,"17":1,"18":1,"19":1,"20":1,"21":1,"22":1,"23":1,"24":1,"25":1,"27":1,"28":1,"29":1,"30":0,"31":0,"33":0,"34":1,"35":1,"36":1,"37":1,"38":1,"39":1,"40":1,"41":1,"42":1,"46":1,"47":1,"48":1,"50":1,"51":1,"53":1,"55":1,"56":19,"57":1,"59":1,"60":19,"62":17,"63":17,"64":23,"65":23,"67":17,"68":29,"69":29,"70":29,"71":29,"72":29,"74":17,"75":23,"76":23,"77":6,"78":0,"79":23,"80":23,"82":17,"83":1,"85":1,"86":2,"87":2,"88":2,"89":4,"90":2,"91":2,"92":1,"94":1,"95":1,"96":1,"97":1,"98":1,"99":1,"100":1,"101":1,"102":1,"103":1,"105":1,"106":1,"107":1,"108":1,"109":1,"110":1,"111":1,"113":1,"114":1,"115":1,"116":0,"117":0,"118":0,"119":0,"120":0,"121":1,"122":1,"123":1,"124":1,"126":1,"127":1,"128":1,"129":1,"130":1,"131":1,"132":1,"133":1,"134":1,"135":1,"137":1,"138":1,"139":1,"140":1},"branchMap":{"0":{"type":"branch","line":56,"loc":{"start":{"line":56,"column":34},"end":{"line":57,"column":64}},"locations":[{"start":{"line":56,"column":34},"end":{"line":57,"column":64}}]},"1":{"type":"branch","line":57,"loc":{"start":{"line":57,"column":20},"end":{"line":57,"column":63}},"locations":[{"start":{"line":57,"column":20},"end":{"line":57,"column":63}}]},"2":{"type":"branch","line":60,"loc":{"start":{"line":60,"column":32},"end":{"line":84,"column":1}},"locations":[{"start":{"line":60,"column":32},"end":{"line":84,"column":1}}]},"3":{"type":"branch","line":61,"loc":{"start":{"line":61,"column":31},"end":{"line":61,"column":41}},"locations":[{"start":{"line":61,"column":31},"end":{"line":61,"column":41}}]},"4":{"type":"branch","line":61,"loc":{"start":{"line":61,"column":39},"end":{"line":83,"column":17}},"locations":[{"start":{"line":61,"column":39},"end":{"line":83,"column":17}}]},"5":{"type":"branch","line":64,"loc":{"start":{"line":64,"column":40},"end":{"line":66,"column":3}},"locations":[{"start":{"line":64,"column":40},"end":{"line":66,"column":3}}]},"6":{"type":"branch","line":68,"loc":{"start":{"line":68,"column":54},"end":{"line":73,"column":3}},"locations":[{"start":{"line":68,"column":54},"end":{"line":73,"column":3}}]},"7":{"type":"branch","line":75,"loc":{"start":{"line":75,"column":35},"end":{"line":81,"column":3}},"locations":[{"start":{"line":75,"column":35},"end":{"line":81,"column":3}}]},"8":{"type":"branch","line":69,"loc":{"start":{"line":69,"column":35},"end":{"line":69,"column":64}},"locations":[{"start":{"line":69,"column":35},"end":{"line":69,"column":64}}]},"9":{"type":"branch","line":77,"loc":{"start":{"line":77,"column":6},"end":{"line":79,"column":39}},"locations":[{"start":{"line":77,"column":6},"end":{"line":79,"column":39}}]},"10":{"type":"branch","line":78,"loc":{"start":{"line":78,"column":30},"end":{"line":78,"column":41}},"locations":[{"start":{"line":78,"column":30},"end":{"line":78,"column":41}}]},"11":{"type":"branch","line":78,"loc":{"start":{"line":78,"column":62},"end":{"line":78,"column":72}},"locations":[{"start":{"line":78,"column":62},"end":{"line":78,"column":72}}]},"12":{"type":"branch","line":78,"loc":{"start":{"line":78,"column":67},"end":{"line":79,"column":39}},"locations":[{"start":{"line":78,"column":67},"end":{"line":79,"column":39}}]},"13":{"type":"branch","line":86,"loc":{"start":{"line":86,"column":38},"end":{"line":93,"column":1}},"locations":[{"start":{"line":86,"column":38},"end":{"line":93,"column":1}}]},"14":{"type":"branch","line":87,"loc":{"start":{"line":87,"column":31},"end":{"line":87,"column":41}},"locations":[{"start":{"line":87,"column":31},"end":{"line":87,"column":41}}]},"15":{"type":"branch","line":89,"loc":{"start":{"line":89,"column":4},"end":{"line":91,"column":37}},"locations":[{"start":{"line":89,"column":4},"end":{"line":91,"column":37}}]},"16":{"type":"branch","line":90,"loc":{"start":{"line":90,"column":28},"end":{"line":90,"column":39}},"locations":[{"start":{"line":90,"column":28},"end":{"line":90,"column":39}}]},"17":{"type":"branch","line":90,"loc":{"start":{"line":90,"column":60},"end":{"line":90,"column":70}},"locations":[{"start":{"line":90,"column":60},"end":{"line":90,"column":70}}]},"18":{"type":"branch","line":90,"loc":{"start":{"line":90,"column":65},"end":{"line":91,"column":37}},"locations":[{"start":{"line":90,"column":65},"end":{"line":91,"column":37}}]},"19":{"type":"branch","line":91,"loc":{"start":{"line":91,"column":9},"end":{"line":91,"column":24}},"locations":[{"start":{"line":91,"column":9},"end":{"line":91,"column":24}}]},"20":{"type":"branch","line":91,"loc":{"start":{"line":91,"column":26},"end":{"line":91,"column":37}},"locations":[{"start":{"line":91,"column":26},"end":{"line":91,"column":37}}]},"21":{"type":"branch","line":95,"loc":{"start":{"line":95,"column":0},"end":{"line":125,"column":1}},"locations":[{"start":{"line":95,"column":0},"end":{"line":125,"column":1}}]},"22":{"type":"branch","line":98,"loc":{"start":{"line":98,"column":26},"end":{"line":98,"column":73}},"locations":[{"start":{"line":98,"column":26},"end":{"line":98,"column":73}}]},"23":{"type":"branch","line":116,"loc":{"start":{"line":116,"column":2},"end":{"line":122,"column":4}},"locations":[{"start":{"line":116,"column":2},"end":{"line":122,"column":4}}]},"24":{"type":"branch","line":127,"loc":{"start":{"line":127,"column":0},"end":{"line":136,"column":1}},"locations":[{"start":{"line":127,"column":0},"end":{"line":136,"column":1}}]},"25":{"type":"branch","line":30,"loc":{"start":{"line":30,"column":41},"end":{"line":34,"column":12}},"locations":[{"start":{"line":30,"column":41},"end":{"line":34,"column":12}}]},"26":{"type":"branch","line":12,"loc":{"start":{"line":12,"column":33},"end":{"line":14,"column":16}},"locations":[{"start":{"line":12,"column":33},"end":{"line":14,"column":16}}]}},"b":{"0":[19],"1":[26],"2":[19],"3":[2],"4":[17],"5":[23],"6":[29],"7":[23],"8":[41],"9":[6],"10":[0],"11":[0],"12":[0],"13":[2],"14":[0],"15":[4],"16":[0],"17":[0],"18":[2],"19":[0],"20":[0],"21":[1],"22":[0],"23":[0],"24":[1],"25":[0],"26":[0]},"fnMap":{"0":{"name":"save","decl":{"start":{"line":95,"column":0},"end":{"line":125,"column":1}},"loc":{"start":{"line":95,"column":0},"end":{"line":125,"column":1}},"line":95},"1":{"name":"edit","decl":{"start":{"line":127,"column":0},"end":{"line":136,"column":1}},"loc":{"start":{"line":127,"column":0},"end":{"line":136,"column":1}},"line":127}},"f":{"0":1,"1":1}}
,"/app/frontend/src/components/RichTextEditor.vue": {"path":"/app/frontend/src/components/RichTextEditor.vue","all":false,"statementMap":{"1":{"start":{"line":2,"column":0},"end":{"line":2,"column":70}},"2":{"start":{"line":3,"column":0},"end":{"line":3,"column":8}},"3":{"start":{"line":4,"column":0},"end":{"line":4,"column":136}},"5":{"start":{"line":6,"column":0},"end":{"line":6,"column":13}},"6":{"start":{"line":7,"column":0},"end":{"line":7,"column":20}},"7":{"start":{"line":8,"column":0},"end":{"line":8,"column":68}},"8":{"start":{"line":9,"column":0},"end":{"line":9,"column":32}},"10":{"start":{"line":11,"column":0},"end":{"line":11,"column":69}},"11":{"start":{"line":12,"column":0},"end":{"line":12,"column":15}},"12":{"start":{"line":13,"column":0},"end":{"line":13,"column":666}},"13":{"start":{"line":14,"column":0},"end":{"line":14,"column":18}},"14":{"start":{"line":15,"column":0},"end":{"line":15,"column":14}},"15":{"start":{"line":16,"column":0},"end":{"line":16,"column":15}},"16":{"start":{"line":17,"column":0},"end":{"line":17,"column":13}},"17":{"start":{"line":18,"column":0},"end":{"line":18,"column":22}},"18":{"start":{"line":19,"column":0},"end":{"line":19,"column":68}},"19":{"start":{"line":20,"column":0},"end":{"line":20,"column":34}},"21":{"start":{"line":22,"column":0},"end":{"line":22,"column":69}},"22":{"start":{"line":23,"column":0},"end":{"line":23,"column":15}},"23":{"start":{"line":24,"column":0},"end":{"line":24,"column":127}},"24":{"start":{"line":25,"column":0},"end":{"line":25,"column":18}},"25":{"start":{"line":26,"column":0},"end":{"line":26,"column":14}},"26":{"start":{"line":27,"column":0},"end":{"line":27,"column":15}},"27":{"start":{"line":28,"column":0},"end":{"line":28,"column":13}},"28":{"start":{"line":29,"column":0},"end":{"line":29,"column":21}},"29":{"start":{"line":30,"column":0},"end":{"line":30,"column":68}},"30":{"start":{"line":31,"column":0},"end":{"line":31,"column":47}},"32":{"start":{"line":33,"column":0},"end":{"line":33,"column":69}},"33":{"start":{"line":34,"column":0},"end":{"line":34,"column":15}},"34":{"start":{"line":35,"column":0},"end":{"line":35,"column":256}},"35":{"start":{"line":36,"column":0},"end":{"line":36,"column":18}},"36":{"start":{"line":37,"column":0},"end":{"line":37,"column":14}},"37":{"start":{"line":38,"column":0},"end":{"line":38,"column":15}},"38":{"start":{"line":39,"column":0},"end":{"line":39,"column":13}},"39":{"start":{"line":40,"column":0},"end":{"line":40,"column":29}},"40":{"start":{"line":41,"column":0},"end":{"line":41,"column":68}},"41":{"start":{"line":42,"column":0},"end":{"line":42,"column":24}},"43":{"start":{"line":44,"column":0},"end":{"line":44,"column":69}},"44":{"start":{"line":45,"column":0},"end":{"line":45,"column":15}},"45":{"start":{"line":46,"column":0},"end":{"line":46,"column":369}},"46":{"start":{"line":47,"column":0},"end":{"line":47,"column":18}},"47":{"start":{"line":48,"column":0},"end":{"line":48,"column":14}},"48":{"start":{"line":49,"column":0},"end":{"line":49,"column":15}},"49":{"start":{"line":50,"column":0},"end":{"line":50,"column":10}},"50":{"start":{"line":51,"column":0},"end":{"line":51,"column":8}},"51":{"start":{"line":52,"column":0},"end":{"line":52,"column":14}},"52":{"start":{"line":53,"column":0},"end":{"line":53,"column":18}},"53":{"start":{"line":54,"column":0},"end":{"line":54,"column":89}},"54":{"start":{"line":55,"column":0},"end":{"line":55,"column":28}},"55":{"start":{"line":56,"column":0},"end":{"line":56,"column":28}},"56":{"start":{"line":57,"column":0},"end":{"line":57,"column":11}},"57":{"start":{"line":58,"column":0},"end":{"line":58,"column":8}},"61":{"start":{"line":62,"column":0},"end":{"line":62,"column":44}},"63":{"start":{"line":64,"column":0},"end":{"line":64,"column":27}},"68":{"start":{"line":69,"column":0},"end":{"line":69,"column":48}},"70":{"start":{"line":71,"column":0},"end":{"line":71,"column":48}},"72":{"start":{"line":73,"column":0},"end":{"line":73,"column":51}},"73":{"start":{"line":74,"column":0},"end":{"line":74,"column":46}},"74":{"start":{"line":75,"column":0},"end":{"line":75,"column":24}},"75":{"start":{"line":76,"column":0},"end":{"line":76,"column":18}},"76":{"start":{"line":77,"column":0},"end":{"line":77,"column":1}},"78":{"start":{"line":79,"column":0},"end":{"line":79,"column":20}},"79":{"start":{"line":80,"column":0},"end":{"line":80,"column":65}},"80":{"start":{"line":81,"column":0},"end":{"line":81,"column":12}},"81":{"start":{"line":82,"column":0},"end":{"line":82,"column":31}},"82":{"start":{"line":83,"column":0},"end":{"line":83,"column":3}},"83":{"start":{"line":84,"column":0},"end":{"line":84,"column":1}},"85":{"start":{"line":86,"column":0},"end":{"line":86,"column":26}},"86":{"start":{"line":87,"column":0},"end":{"line":87,"column":21}},"87":{"start":{"line":88,"column":0},"end":{"line":88,"column":54}},"88":{"start":{"line":89,"column":0},"end":{"line":89,"column":3}},"89":{"start":{"line":90,"column":0},"end":{"line":90,"column":1}},"91":{"start":{"line":92,"column":0},"end":{"line":92,"column":17}},"92":{"start":{"line":93,"column":0},"end":{"line":93,"column":21}},"93":{"start":{"line":94,"column":0},"end":{"line":94,"column":52}},"94":{"start":{"line":95,"column":0},"end":{"line":95,"column":3}},"95":{"start":{"line":96,"column":0},"end":{"line":96,"column":3}},"97":{"start":{"line":98,"column":0},"end":{"line":98,"column":6}},"98":{"start":{"line":99,"column":0},"end":{"line":99,"column":25}},"99":{"start":{"line":100,"column":0},"end":{"line":100,"column":17}},"100":{"start":{"line":101,"column":0},"end":{"line":101,"column":62}},"101":{"start":{"line":102,"column":0},"end":{"line":102,"column":46}},"102":{"start":{"line":103,"column":0},"end":{"line":103,"column":5}},"103":{"start":{"line":104,"column":0},"end":{"line":104,"column":3}},"104":{"start":{"line":105,"column":0},"end":{"line":105,"column":2}}},"s":{"1":1,"2":1,"3":1,"5":1,"6":1,"7":1,"8":1,"10":1,"11":1,"12":1,"13":1,"14":1,"15":1,"16":1,"17":1,"18":1,"19":1,"21":1,"22":1,"23":1,"24":1,"25":1,"26":1,"27":1,"28":1,"29":1,"30":1,"32":1,"33":1,"34":1,"35":1,"36":1,"37":1,"38":1,"39":1,"40":1,"41":1,"43":1,"44":1,"45":1,"46":1,"47":1,"48":1,"49":1,"50":1,"51":1,"52":1,"53":1,"54":1,"55":1,"56":1,"57":1,"61":1,"63":1,"68":1,"70":1,"72":0,"73":0,"74":0,"75":0,"76":0,"78":0,"79":0,"80":0,"81":0,"82":0,"83":0,"85":0,"86":0,"87":0,"88":0,"89":0,"91":1,"92":2,"93":2,"94":2,"95":1,"97":1,"98":1,"99":1,"100":0,"101":0,"102":0,"103":0,"104":1},"branchMap":{"0":{"type":"branch","line":92,"loc":{"start":{"line":92,"column":10},"end":{"line":96,"column":1}},"locations":[{"start":{"line":92,"column":10},"end":{"line":96,"column":1}}]},"1":{"type":"branch","line":94,"loc":{"start":{"line":94,"column":35},"end":{"line":94,"column":52}},"locations":[{"start":{"line":94,"column":35},"end":{"line":94,"column":52}}]},"2":{"type":"branch","line":99,"loc":{"start":{"line":99,"column":2},"end":{"line":99,"column":25}},"locations":[{"start":{"line":99,"column":2},"end":{"line":99,"column":25}}]}},"b":{"0":[2],"1":[0],"2":[2]},"fnMap":{"0":{"name":"execCmd","decl":{"start":{"line":73,"column":0},"end":{"line":77,"column":1}},"loc":{"start":{"line":73,"column":0},"end":{"line":77,"column":1}},"line":73},"1":{"name":"addLink","decl":{"start":{"line":79,"column":0},"end":{"line":84,"column":1}},"loc":{"start":{"line":79,"column":0},"end":{"line":84,"column":1}},"line":79},"2":{"name":"updateContent","decl":{"start":{"line":86,"column":0},"end":{"line":90,"column":1}},"loc":{"start":{"line":86,"column":0},"end":{"line":90,"column":1}},"line":86},"3":{"name":"editor.value.innerHTML","decl":{"start":{"line":99,"column":2},"end":{"line":99,"column":25}},"loc":{"start":{"line":99,"column":2},"end":{"line":99,"column":25}},"line":99},"4":{"name":"onClick._cache.<computed>._cache.<computed>","decl":{"start":{"line":9,"column":14},"end":{"line":9,"column":32}},"loc":{"start":{"line":9,"column":14},"end":{"line":9,"column":32}},"line":9},"5":{"name":"onClick._cache.<computed>._cache.<computed>","decl":{"start":{"line":20,"column":14},"end":{"line":20,"column":34}},"loc":{"start":{"line":20,"column":14},"end":{"line":20,"column":34}},"line":20},"6":{"name":"onClick._cache.<computed>._cache.<computed>","decl":{"start":{"line":31,"column":14},"end":{"line":31,"column":47}},"loc":{"start":{"line":31,"column":14},"end":{"line":31,"column":47}},"line":31}},"f":{"0":0,"1":0,"2":0,"3":2,"4":0,"5":0,"6":0}}
,"/app/frontend/src/components/StandingsTable.vue": {"path":"/app/frontend/src/components/StandingsTable.vue","all":false,"statementMap":{"1":{"start":{"line":2,"column":0},"end":{"line":2,"column":66}},"2":{"start":{"line":3,"column":0},"end":{"line":3,"column":72}},"3":{"start":{"line":4,"column":0},"end":{"line":4,"column":33}},"4":{"start":{"line":5,"column":0},"end":{"line":5,"column":79}},"5":{"start":{"line":6,"column":0},"end":{"line":6,"column":14}},"6":{"start":{"line":7,"column":0},"end":{"line":7,"column":96}},"8":{"start":{"line":9,"column":0},"end":{"line":9,"column":14}},"9":{"start":{"line":10,"column":0},"end":{"line":10,"column":41}},"10":{"start":{"line":11,"column":0},"end":{"line":11,"column":72}},"11":{"start":{"line":12,"column":0},"end":{"line":12,"column":42}},"12":{"start":{"line":13,"column":0},"end":{"line":13,"column":41}},"13":{"start":{"line":14,"column":0},"end":{"line":14,"column":41}},"14":{"start":{"line":15,"column":0},"end":{"line":15,"column":41}},"15":{"start":{"line":16,"column":0},"end":{"line":16,"column":44}},"16":{"start":{"line":17,"column":0},"end":{"line":17,"column":42}},"17":{"start":{"line":18,"column":0},"end":{"line":18,"column":43}},"18":{"start":{"line":19,"column":0},"end":{"line":19,"column":15}},"19":{"start":{"line":20,"column":0},"end":{"line":20,"column":16}},"20":{"start":{"line":21,"column":0},"end":{"line":21,"column":15}},"21":{"start":{"line":22,"column":0},"end":{"line":22,"column":13}},"22":{"start":{"line":23,"column":0},"end":{"line":23,"column":48}},"23":{"start":{"line":24,"column":0},"end":{"line":24,"column":26}},"24":{"start":{"line":25,"column":0},"end":{"line":25,"column":115}},"26":{"start":{"line":27,"column":0},"end":{"line":27,"column":77}},"27":{"start":{"line":28,"column":0},"end":{"line":28,"column":29}},"28":{"start":{"line":29,"column":0},"end":{"line":29,"column":17}},"29":{"start":{"line":30,"column":0},"end":{"line":30,"column":55}},"30":{"start":{"line":31,"column":0},"end":{"line":31,"column":18}},"31":{"start":{"line":32,"column":0},"end":{"line":32,"column":32}},"32":{"start":{"line":33,"column":0},"end":{"line":33,"column":42}},"33":{"start":{"line":34,"column":0},"end":{"line":34,"column":65}},"34":{"start":{"line":35,"column":0},"end":{"line":35,"column":16}},"35":{"start":{"line":36,"column":0},"end":{"line":36,"column":17}},"36":{"start":{"line":37,"column":0},"end":{"line":37,"column":15}},"37":{"start":{"line":38,"column":0},"end":{"line":38,"column":90}},"39":{"start":{"line":40,"column":0},"end":{"line":40,"column":29}},"40":{"start":{"line":41,"column":0},"end":{"line":41,"column":17}},"41":{"start":{"line":42,"column":0},"end":{"line":42,"column":57}},"42":{"start":{"line":43,"column":0},"end":{"line":43,"column":55}},"43":{"start":{"line":44,"column":0},"end":{"line":44,"column":56}},"44":{"start":{"line":45,"column":0},"end":{"line":45,"column":57}},"45":{"start":{"line":46,"column":0},"end":{"line":46,"column":35}},"46":{"start":{"line":47,"column":0},"end":{"line":47,"column":57}},"47":{"start":{"line":48,"column":0},"end":{"line":48,"column":17}},"48":{"start":{"line":49,"column":0},"end":{"line":49,"column":35}},"49":{"start":{"line":50,"column":0},"end":{"line":50,"column":79}},"50":{"start":{"line":51,"column":0},"end":{"line":51,"column":17}},"51":{"start":{"line":52,"column":0},"end":{"line":52,"column":75}},"52":{"start":{"line":53,"column":0},"end":{"line":53,"column":31}},"53":{"start":{"line":54,"column":0},"end":{"line":54,"column":17}},"54":{"start":{"line":55,"column":0},"end":{"line":55,"column":15}},"55":{"start":{"line":56,"column":0},"end":{"line":56,"column":16}},"56":{"start":{"line":57,"column":0},"end":{"line":57,"column":14}},"57":{"start":{"line":58,"column":0},"end":{"line":58,"column":10}},"58":{"start":{"line":59,"column":0},"end":{"line":59,"column":8}},"62":{"start":{"line":63,"column":0},"end":{"line":63,"column":31}},"63":{"start":{"line":64,"column":0},"end":{"line":64,"column":33}},"66":{"start":{"line":67,"column":0},"end":{"line":67,"column":27}},"71":{"start":{"line":72,"column":0},"end":{"line":72,"column":24}},"73":{"start":{"line":74,"column":0},"end":{"line":74,"column":36}},"74":{"start":{"line":75,"column":0},"end":{"line":75,"column":22}},"75":{"start":{"line":76,"column":0},"end":{"line":76,"column":55}},"76":{"start":{"line":77,"column":0},"end":{"line":77,"column":50}},"77":{"start":{"line":78,"column":0},"end":{"line":78,"column":10}},"78":{"start":{"line":79,"column":0},"end":{"line":79,"column":27}},"79":{"start":{"line":80,"column":0},"end":{"line":80,"column":30}},"80":{"start":{"line":81,"column":0},"end":{"line":81,"column":46}},"81":{"start":{"line":82,"column":0},"end":{"line":82,"column":34}},"82":{"start":{"line":83,"column":0},"end":{"line":83,"column":36}},"83":{"start":{"line":84,"column":0},"end":{"line":84,"column":6}},"84":{"start":{"line":85,"column":0},"end":{"line":85,"column":3}}},"s":{"1":1,"2":1,"3":1,"4":1,"5":1,"6":1,"8":1,"9":1,"10":1,"11":1,"12":1,"13":1,"14":1,"15":1,"16":1,"17":1,"18":1,"19":1,"20":1,"21":1,"22":1,"23":1,"24":1,"26":1,"27":1,"28":1,"29":1,"30":1,"31":1,"32":1,"33":1,"34":1,"35":1,"36":1,"37":1,"39":1,"40":1,"41":1,"42":1,"43":1,"44":1,"45":1,"46":1,"47":1,"48":1,"49":1,"50":1,"51":1,"52":1,"53":1,"54":1,"55":1,"56":1,"57":1,"58":1,"62":1,"63":1,"66":1,"71":1,"73":1,"74":11,"75":11,"76":11,"77":11,"78":11,"79":22,"80":18,"81":12,"82":10,"83":11,"84":1},"branchMap":{"0":{"type":"branch","line":74,"loc":{"start":{"line":74,"column":29},"end":{"line":85,"column":1}},"locations":[{"start":{"line":74,"column":29},"end":{"line":85,"column":1}}]},"1":{"type":"branch","line":76,"loc":{"start":{"line":76,"column":9},"end":{"line":76,"column":54}},"locations":[{"start":{"line":76,"column":9},"end":{"line":76,"column":54}}]},"2":{"type":"branch","line":76,"loc":{"start":{"line":76,"column":34},"end":{"line":76,"column":52}},"locations":[{"start":{"line":76,"column":34},"end":{"line":76,"column":52}}]},"3":{"type":"branch","line":79,"loc":{"start":{"line":79,"column":6},"end":{"line":83,"column":36}},"locations":[{"start":{"line":79,"column":6},"end":{"line":83,"column":36}}]},"4":{"type":"branch","line":80,"loc":{"start":{"line":80,"column":21},"end":{"line":81,"column":46}},"locations":[{"start":{"line":80,"column":21},"end":{"line":81,"column":46}}]},"5":{"type":"branch","line":81,"loc":{"start":{"line":81,"column":29},"end":{"line":82,"column":34}},"locations":[{"start":{"line":81,"column":29},"end":{"line":82,"column":34}}]},"6":{"type":"branch","line":82,"loc":{"start":{"line":82,"column":23},"end":{"line":83,"column":36}},"locations":[{"start":{"line":82,"column":23},"end":{"line":83,"column":36}}]},"7":{"type":"branch","line":50,"loc":{"start":{"line":50,"column":36},"end":{"line":50,"column":57}},"locations":[{"start":{"line":50,"column":36},"end":{"line":50,"column":57}}]},"8":{"type":"branch","line":50,"loc":{"start":{"line":50,"column":36},"end":{"line":50,"column":57}},"locations":[{"start":{"line":50,"column":36},"end":{"line":50,"column":57}}]}},"b":{"0":[11],"1":[27],"2":[57],"3":[22],"4":[18],"5":[12],"6":[10],"7":[11],"8":[16]},"fnMap":{},"f":{}}
,"/app/frontend/src/components/TeamSetup.vue": {"path":"/app/frontend/src/components/TeamSetup.vue","all":false,"statementMap":{"1":{"start":{"line":2,"column":0},"end":{"line":2,"column":66}},"2":{"start":{"line":3,"column":0},"end":{"line":3,"column":7}},"3":{"start":{"line":4,"column":0},"end":{"line":4,"column":82}},"4":{"start":{"line":5,"column":0},"end":{"line":5,"column":5}},"6":{"start":{"line":7,"column":0},"end":{"line":7,"column":9}},"7":{"start":{"line":8,"column":0},"end":{"line":8,"column":27}},"8":{"start":{"line":9,"column":0},"end":{"line":9,"column":10}},"9":{"start":{"line":10,"column":0},"end":{"line":10,"column":40}},"10":{"start":{"line":11,"column":0},"end":{"line":11,"column":20}},"11":{"start":{"line":12,"column":0},"end":{"line":12,"column":84}},"13":{"start":{"line":14,"column":0},"end":{"line":14,"column":26}},"14":{"start":{"line":15,"column":0},"end":{"line":15,"column":16}},"15":{"start":{"line":16,"column":0},"end":{"line":16,"column":40}},"16":{"start":{"line":17,"column":0},"end":{"line":17,"column":80}},"17":{"start":{"line":18,"column":0},"end":{"line":18,"column":42}},"18":{"start":{"line":19,"column":0},"end":{"line":19,"column":11}},"19":{"start":{"line":20,"column":0},"end":{"line":20,"column":16}},"20":{"start":{"line":21,"column":0},"end":{"line":21,"column":39}},"21":{"start":{"line":22,"column":0},"end":{"line":22,"column":32}},"22":{"start":{"line":23,"column":0},"end":{"line":23,"column":23}},"23":{"start":{"line":24,"column":0},"end":{"line":24,"column":202}},"24":{"start":{"line":25,"column":0},"end":{"line":25,"column":12}},"25":{"start":{"line":26,"column":0},"end":{"line":26,"column":14}},"26":{"start":{"line":27,"column":0},"end":{"line":27,"column":59}},"27":{"start":{"line":28,"column":0},"end":{"line":28,"column":14}},"28":{"start":{"line":29,"column":0},"end":{"line":29,"column":39}},"29":{"start":{"line":30,"column":0},"end":{"line":30,"column":26}},"30":{"start":{"line":31,"column":0},"end":{"line":31,"column":86}},"32":{"start":{"line":33,"column":0},"end":{"line":33,"column":45}},"33":{"start":{"line":34,"column":0},"end":{"line":34,"column":18}},"34":{"start":{"line":35,"column":0},"end":{"line":35,"column":39}},"35":{"start":{"line":36,"column":0},"end":{"line":36,"column":31}},"36":{"start":{"line":37,"column":0},"end":{"line":37,"column":59}},"37":{"start":{"line":38,"column":0},"end":{"line":38,"column":16}},"38":{"start":{"line":39,"column":0},"end":{"line":39,"column":20}},"39":{"start":{"line":40,"column":0},"end":{"line":40,"column":27}},"40":{"start":{"line":41,"column":0},"end":{"line":41,"column":30}},"41":{"start":{"line":42,"column":0},"end":{"line":42,"column":47}},"42":{"start":{"line":43,"column":0},"end":{"line":43,"column":67}},"43":{"start":{"line":44,"column":0},"end":{"line":44,"column":16}},"44":{"start":{"line":45,"column":0},"end":{"line":45,"column":20}},"45":{"start":{"line":46,"column":0},"end":{"line":46,"column":18}},"46":{"start":{"line":47,"column":0},"end":{"line":47,"column":33}},"47":{"start":{"line":48,"column":0},"end":{"line":48,"column":25}},"48":{"start":{"line":49,"column":0},"end":{"line":49,"column":168}},"49":{"start":{"line":50,"column":0},"end":{"line":50,"column":14}},"50":{"start":{"line":51,"column":0},"end":{"line":51,"column":16}},"51":{"start":{"line":52,"column":0},"end":{"line":52,"column":14}},"52":{"start":{"line":53,"column":0},"end":{"line":53,"column":12}},"53":{"start":{"line":54,"column":0},"end":{"line":54,"column":10}},"54":{"start":{"line":55,"column":0},"end":{"line":55,"column":69}},"55":{"start":{"line":56,"column":0},"end":{"line":56,"column":13}},"56":{"start":{"line":57,"column":0},"end":{"line":57,"column":104}},"57":{"start":{"line":58,"column":0},"end":{"line":58,"column":27}},"58":{"start":{"line":59,"column":0},"end":{"line":59,"column":7}},"60":{"start":{"line":61,"column":0},"end":{"line":61,"column":15}},"61":{"start":{"line":62,"column":0},"end":{"line":62,"column":13}},"62":{"start":{"line":63,"column":0},"end":{"line":63,"column":104}},"63":{"start":{"line":64,"column":0},"end":{"line":64,"column":22}},"64":{"start":{"line":65,"column":0},"end":{"line":65,"column":7}},"66":{"start":{"line":67,"column":0},"end":{"line":67,"column":15}},"67":{"start":{"line":68,"column":0},"end":{"line":68,"column":10}},"68":{"start":{"line":69,"column":0},"end":{"line":69,"column":8}},"72":{"start":{"line":73,"column":0},"end":{"line":73,"column":37}},"73":{"start":{"line":74,"column":0},"end":{"line":74,"column":33}},"74":{"start":{"line":75,"column":0},"end":{"line":75,"column":41}},"75":{"start":{"line":76,"column":0},"end":{"line":76,"column":31}},"78":{"start":{"line":79,"column":0},"end":{"line":79,"column":24}},"79":{"start":{"line":80,"column":0},"end":{"line":80,"column":36}},"81":{"start":{"line":82,"column":0},"end":{"line":82,"column":17}},"82":{"start":{"line":83,"column":0},"end":{"line":83,"column":22}},"83":{"start":{"line":84,"column":0},"end":{"line":84,"column":52}},"84":{"start":{"line":85,"column":0},"end":{"line":85,"column":62}},"85":{"start":{"line":86,"column":0},"end":{"line":86,"column":67}},"86":{"start":{"line":87,"column":0},"end":{"line":87,"column":95}},"88":{"start":{"line":89,"column":0},"end":{"line":89,"column":30}},"89":{"start":{"line":90,"column":0},"end":{"line":90,"column":22}},"90":{"start":{"line":91,"column":0},"end":{"line":91,"column":16}},"91":{"start":{"line":92,"column":0},"end":{"line":92,"column":6}},"93":{"start":{"line":94,"column":0},"end":{"line":94,"column":58}},"94":{"start":{"line":95,"column":0},"end":{"line":95,"column":24}},"95":{"start":{"line":96,"column":0},"end":{"line":96,"column":24}},"96":{"start":{"line":97,"column":0},"end":{"line":97,"column":48}},"97":{"start":{"line":98,"column":0},"end":{"line":98,"column":17}},"98":{"start":{"line":99,"column":0},"end":{"line":99,"column":37}},"99":{"start":{"line":100,"column":0},"end":{"line":100,"column":9}},"100":{"start":{"line":101,"column":0},"end":{"line":101,"column":20}},"101":{"start":{"line":102,"column":0},"end":{"line":102,"column":5}},"102":{"start":{"line":103,"column":0},"end":{"line":103,"column":29}},"103":{"start":{"line":104,"column":0},"end":{"line":104,"column":3}},"104":{"start":{"line":105,"column":0},"end":{"line":105,"column":3}},"106":{"start":{"line":107,"column":0},"end":{"line":107,"column":58}},"107":{"start":{"line":108,"column":0},"end":{"line":108,"column":50}},"108":{"start":{"line":109,"column":0},"end":{"line":109,"column":33}},"109":{"start":{"line":110,"column":0},"end":{"line":110,"column":20}},"111":{"start":{"line":112,"column":0},"end":{"line":112,"column":34}},"112":{"start":{"line":113,"column":0},"end":{"line":113,"column":26}},"113":{"start":{"line":114,"column":0},"end":{"line":114,"column":43}},"114":{"start":{"line":115,"column":0},"end":{"line":115,"column":50}},"115":{"start":{"line":116,"column":0},"end":{"line":116,"column":4}},"116":{"start":{"line":117,"column":0},"end":{"line":117,"column":29}},"117":{"start":{"line":118,"column":0},"end":{"line":118,"column":1}},"119":{"start":{"line":120,"column":0},"end":{"line":120,"column":23}},"120":{"start":{"line":121,"column":0},"end":{"line":121,"column":31}},"121":{"start":{"line":122,"column":0},"end":{"line":122,"column":1}},"123":{"start":{"line":124,"column":0},"end":{"line":124,"column":24}},"124":{"start":{"line":125,"column":0},"end":{"line":125,"column":25}},"125":{"start":{"line":126,"column":0},"end":{"line":126,"column":7}},"126":{"start":{"line":127,"column":0},"end":{"line":127,"column":73}},"128":{"start":{"line":129,"column":0},"end":{"line":129,"column":56}},"129":{"start":{"line":130,"column":0},"end":{"line":130,"column":34}},"130":{"start":{"line":131,"column":0},"end":{"line":131,"column":24}},"131":{"start":{"line":132,"column":0},"end":{"line":132,"column":26}},"132":{"start":{"line":133,"column":0},"end":{"line":133,"column":24}},"133":{"start":{"line":134,"column":0},"end":{"line":134,"column":9}},"134":{"start":{"line":135,"column":0},"end":{"line":135,"column":6}},"136":{"start":{"line":137,"column":0},"end":{"line":137,"column":44}},"137":{"start":{"line":138,"column":0},"end":{"line":138,"column":66}},"138":{"start":{"line":139,"column":0},"end":{"line":139,"column":5}},"140":{"start":{"line":141,"column":0},"end":{"line":141,"column":52}},"141":{"start":{"line":142,"column":0},"end":{"line":142,"column":22}},"142":{"start":{"line":143,"column":0},"end":{"line":143,"column":18}},"143":{"start":{"line":144,"column":0},"end":{"line":144,"column":6}},"144":{"start":{"line":145,"column":0},"end":{"line":145,"column":38}},"145":{"start":{"line":146,"column":0},"end":{"line":146,"column":19}},"146":{"start":{"line":147,"column":0},"end":{"line":147,"column":33}},"147":{"start":{"line":148,"column":0},"end":{"line":148,"column":55}},"148":{"start":{"line":149,"column":0},"end":{"line":149,"column":12}},"149":{"start":{"line":150,"column":0},"end":{"line":150,"column":83}},"150":{"start":{"line":151,"column":0},"end":{"line":151,"column":5}},"151":{"start":{"line":152,"column":0},"end":{"line":152,"column":13}},"152":{"start":{"line":153,"column":0},"end":{"line":153,"column":28}},"153":{"start":{"line":154,"column":0},"end":{"line":154,"column":3}},"154":{"start":{"line":155,"column":0},"end":{"line":155,"column":1}},"156":{"start":{"line":157,"column":0},"end":{"line":157,"column":14}},"157":{"start":{"line":158,"column":0},"end":{"line":158,"column":9}},"158":{"start":{"line":159,"column":0},"end":{"line":159,"column":3}}},"s":{"1":1,"2":1,"3":1,"4":1,"6":1,"7":1,"8":1,"9":1,"10":1,"11":1,"13":1,"14":1,"15":1,"16":1,"17":1,"18":1,"19":1,"20":1,"21":0,"22":1,"23":1,"24":1,"25":1,"26":1,"27":1,"28":1,"29":1,"30":1,"32":1,"33":1,"34":1,"35":1,"36":1,"37":1,"38":1,"39":1,"40":1,"41":1,"42":1,"43":1,"44":1,"45":1,"46":1,"47":1,"48":1,"49":1,"50":1,"51":1,"52":1,"53":1,"54":1,"55":1,"56":1,"57":1,"58":1,"60":1,"61":1,"62":1,"63":1,"64":1,"66":1,"67":1,"68":1,"72":1,"73":1,"74":1,"75":1,"78":1,"79":1,"81":1,"82":6,"83":6,"84":12,"85":12,"86":12,"88":12,"89":12,"90":12,"91":12,"93":12,"94":28,"95":28,"96":28,"97":28,"98":28,"99":28,"100":28,"101":28,"102":12,"103":12,"104":1,"106":0,"107":0,"108":0,"109":0,"111":0,"112":0,"113":0,"114":0,"115":0,"116":0,"117":0,"119":1,"120":1,"121":1,"123":2,"124":2,"125":2,"126":2,"128":2,"129":4,"130":8,"131":8,"132":8,"133":4,"134":2,"136":2,"137":1,"138":1,"140":1,"141":1,"142":1,"143":1,"144":1,"145":1,"146":1,"147":1,"148":1,"149":0,"150":0,"151":2,"152":2,"153":2,"154":2,"156":1,"157":1,"158":1},"branchMap":{"0":{"type":"branch","line":82,"loc":{"start":{"line":82,"column":10},"end":{"line":105,"column":1}},"locations":[{"start":{"line":82,"column":10},"end":{"line":105,"column":1}}]},"1":{"type":"branch","line":84,"loc":{"start":{"line":84,"column":51},"end":{"line":104,"column":3}},"locations":[{"start":{"line":84,"column":51},"end":{"line":104,"column":3}}]},"2":{"type":"branch","line":94,"loc":{"start":{"line":94,"column":57},"end":{"line":102,"column":5}},"locations":[{"start":{"line":94,"column":57},"end":{"line":102,"column":5}}]},"3":{"type":"branch","line":120,"loc":{"start":{"line":120,"column":0},"end":{"line":122,"column":1}},"locations":[{"start":{"line":120,"column":0},"end":{"line":122,"column":1}}]},"4":{"type":"branch","line":124,"loc":{"start":{"line":124,"column":0},"end":{"line":155,"column":1}},"locations":[{"start":{"line":124,"column":0},"end":{"line":155,"column":1}}]},"5":{"type":"branch","line":127,"loc":{"start":{"line":127,"column":26},"end":{"line":127,"column":73}},"locations":[{"start":{"line":127,"column":26},"end":{"line":127,"column":73}}]},"6":{"type":"branch","line":137,"loc":{"start":{"line":137,"column":43},"end":{"line":152,"column":4}},"locations":[{"start":{"line":137,"column":43},"end":{"line":152,"column":4}}]},"7":{"type":"branch","line":149,"loc":{"start":{"line":149,"column":4},"end":{"line":151,"column":5}},"locations":[{"start":{"line":149,"column":4},"end":{"line":151,"column":5}}]},"8":{"type":"branch","line":129,"loc":{"start":{"line":129,"column":46},"end":{"line":134,"column":9}},"locations":[{"start":{"line":129,"column":46},"end":{"line":134,"column":9}}]},"9":{"type":"branch","line":130,"loc":{"start":{"line":130,"column":22},"end":{"line":134,"column":8}},"locations":[{"start":{"line":130,"column":22},"end":{"line":134,"column":8}}]},"10":{"type":"branch","line":137,"loc":{"start":{"line":137,"column":26},"end":{"line":137,"column":40}},"locations":[{"start":{"line":137,"column":26},"end":{"line":137,"column":40}}]}},"b":{"0":[6],"1":[12],"2":[28],"3":[1],"4":[2],"5":[0],"6":[1],"7":[0],"8":[4],"9":[8],"10":[5]},"fnMap":{"0":{"name":"handleImageUpload","decl":{"start":{"line":107,"column":0},"end":{"line":118,"column":1}},"loc":{"start":{"line":107,"column":0},"end":{"line":118,"column":1}},"line":107},"1":{"name":"editConfig","decl":{"start":{"line":120,"column":0},"end":{"line":122,"column":1}},"loc":{"start":{"line":120,"column":0},"end":{"line":122,"colum
[...]
":{"start":{"line":152,"column":0},"end":{"line":152,"column":30}},"152":{"start":{"line":153,"column":0},"end":{"line":153,"column":15}},"153":{"start":{"line":154,"column":0},"end":{"line":154,"column":10}},"154":{"start":{"line":155,"column":0},"end":{"line":155,"column":8}},"158":{"start":{"line":159,"column":0},"end":{"line":159,"column":31}},"159":{"start":{"line":160,"column":0},"end":{"line":160,"column":34}},"160":{"start":{"line":161,"column":0},"end":{"line":161,"column":33}},"161":{"start":{"line":162,"column":0},"end":{"line":162,"column":43}},"162":{"start":{"line":163,"column":0},"end":{"line":163,"column":50}},"163":{"start":{"line":164,"column":0},"end":{"line":164,"column":40}},"164":{"start":{"line":165,"column":0},"end":{"line":165,"column":31}},"166":{"start":{"line":167,"column":0},"end":{"line":167,"column":24}},"168":{"start":{"line":169,"column":0},"end":{"line":169,"column":45}},"169":{"start":{"line":170,"column":0},"end":{"line":170,"column":60}},"170":{"start":{"line":171,"column":0},"end":{"line":171,"column":3}},"172":{"start":{"line":173,"column":0},"end":{"line":173,"column":78}},"174":{"start":{"line":175,"column":0},"end":{"line":175,"column":47}},"175":{"start":{"line":176,"column":0},"end":{"line":176,"column":40}},"176":{"start":{"line":177,"column":0},"end":{"line":177,"column":45}},"177":{"start":{"line":178,"column":0},"end":{"line":178,"column":47}},"178":{"start":{"line":179,"column":0},"end":{"line":179,"column":4}},"179":{"start":{"line":180,"column":0},"end":{"line":180,"column":37}},"180":{"start":{"line":181,"column":0},"end":{"line":181,"column":67}},"181":{"start":{"line":182,"column":0},"end":{"line":182,"column":3}},"183":{"start":{"line":184,"column":0},"end":{"line":184,"column":41}},"184":{"start":{"line":185,"column":0},"end":{"line":185,"column":63}},"185":{"start":{"line":186,"column":0},"end":{"line":186,"column":51}},"186":{"start":{"line":187,"column":0},"end":{"line":187,"column":64}},"187":{"start":{"line":188,"column":0},"end":{"line":188,"column":54}},"188":{"start":{"line":189,"column":0},"end":{"line":189,"column":3}},"190":{"start":{"line":191,"column":0},"end":{"line":191,"column":42}},"191":{"start":{"line":192,"column":0},"end":{"line":192,"column":14}},"192":{"start":{"line":193,"column":0},"end":{"line":193,"column":105}},"193":{"start":{"line":194,"column":0},"end":{"line":194,"column":74}},"194":{"start":{"line":195,"column":0},"end":{"line":195,"column":35}},"195":{"start":{"line":196,"column":0},"end":{"line":196,"column":63}},"196":{"start":{"line":197,"column":0},"end":{"line":197,"column":51}},"197":{"start":{"line":198,"column":0},"end":{"line":198,"column":3}},"199":{"start":{"line":200,"column":0},"end":{"line":200,"column":53}},"200":{"start":{"line":201,"column":0},"end":{"line":201,"column":55}},"201":{"start":{"line":202,"column":0},"end":{"line":202,"column":25}},"202":{"start":{"line":203,"column":0},"end":{"line":203,"column":79}},"203":{"start":{"line":204,"column":0},"end":{"line":204,"column":25}},"204":{"start":{"line":205,"column":0},"end":{"line":205,"column":3}},"205":{"start":{"line":206,"column":0},"end":{"line":206,"column":1}},"207":{"start":{"line":208,"column":0},"end":{"line":208,"column":53}},"208":{"start":{"line":209,"column":0},"end":{"line":209,"column":29}},"209":{"start":{"line":210,"column":0},"end":{"line":210,"column":1}},"211":{"start":{"line":212,"column":0},"end":{"line":212,"column":42}},"212":{"start":{"line":213,"column":0},"end":{"line":213,"column":28}},"213":{"start":{"line":214,"column":0},"end":{"line":214,"column":44}},"214":{"start":{"line":215,"column":0},"end":{"line":215,"column":11}},"215":{"start":{"line":216,"column":0},"end":{"line":216,"column":3}},"217":{"start":{"line":218,"column":0},"end":{"line":218,"column":25}},"218":{"start":{"line":219,"column":0},"end":{"line":219,"column":7}},"219":{"start":{"line":220,"column":0},"end":{"line":220,"column":73}},"220":{"start":{"line":221,"column":0},"end":{"line":221,"column":71}},"221":{"start":{"line":222,"column":0},"end":{"line":222,"column":38}},"222":{"start":{"line":223,"column":0},"end":{"line":223,"column":19}},"223":{"start":{"line":224,"column":0},"end":{"line":224,"column":33}},"224":{"start":{"line":225,"column":0},"end":{"line":225,"column":55}},"225":{"start":{"line":226,"column":0},"end":{"line":226,"column":12}},"226":{"start":{"line":227,"column":0},"end":{"line":227,"column":83}},"227":{"start":{"line":228,"column":0},"end":{"line":228,"column":5}},"228":{"start":{"line":229,"column":0},"end":{"line":229,"column":13}},"229":{"start":{"line":230,"column":0},"end":{"line":230,"column":28}},"230":{"start":{"line":231,"column":0},"end":{"line":231,"column":3}},"231":{"start":{"line":232,"column":0},"end":{"line":232,"column":1}},"233":{"start":{"line":234,"column":0},"end":{"line":234,"column":46}},"234":{"start":{"line":235,"column":0},"end":{"line":235,"column":29}},"235":{"start":{"line":236,"column":0},"end":{"line":236,"column":18}},"237":{"start":{"line":238,"column":0},"end":{"line":238,"column":25}},"238":{"start":{"line":239,"column":0},"end":{"line":239,"column":29}},"240":{"start":{"line":241,"column":0},"end":{"line":241,"column":28}},"241":{"start":{"line":242,"column":0},"end":{"line":242,"column":57}},"242":{"start":{"line":243,"column":0},"end":{"line":243,"column":47}},"243":{"start":{"line":244,"column":0},"end":{"line":244,"column":10}},"244":{"start":{"line":245,"column":0},"end":{"line":245,"column":62}},"245":{"start":{"line":246,"column":0},"end":{"line":246,"column":43}},"246":{"start":{"line":247,"column":0},"end":{"line":247,"column":3}},"248":{"start":{"line":249,"column":0},"end":{"line":249,"column":61}},"249":{"start":{"line":250,"column":0},"end":{"line":250,"column":20}},"250":{"start":{"line":251,"column":0},"end":{"line":251,"column":18}},"251":{"start":{"line":252,"column":0},"end":{"line":252,"column":26}},"252":{"start":{"line":253,"column":0},"end":{"line":253,"column":22}},"253":{"start":{"line":254,"column":0},"end":{"line":254,"column":28}},"254":{"start":{"line":255,"column":0},"end":{"line":255,"column":31}},"255":{"start":{"line":256,"column":0},"end":{"line":256,"column":18}},"256":{"start":{"line":257,"column":0},"end":{"line":257,"column":7}},"257":{"start":{"line":258,"column":0},"end":{"line":258,"column":5}},"258":{"start":{"line":259,"column":0},"end":{"line":259,"column":1}}},"s":{"1":1,"2":1,"3":1,"4":1,"5":1,"6":1,"7":1,"8":1,"9":1,"10":1,"11":1,"12":1,"14":1,"15":1,"16":1,"17":1,"18":1,"19":1,"21":1,"22":1,"23":1,"24":1,"25":1,"26":1,"27":1,"28":1,"29":1,"31":1,"32":1,"33":1,"34":1,"35":1,"36":1,"37":1,"38":1,"39":1,"41":1,"42":1,"43":1,"44":1,"45":1,"47":1,"48":1,"49":1,"50":1,"51":1,"52":1,"54":1,"55":1,"56":1,"57":1,"59":1,"60":1,"61":1,"62":1,"63":1,"65":1,"66":1,"67":1,"68":1,"69":1,"70":1,"71":1,"72":1,"73":1,"74":1,"75":1,"76":1,"77":1,"78":1,"79":1,"81":1,"82":1,"83":1,"84":1,"85":1,"87":1,"88":1,"89":1,"90":1,"91":1,"92":1,"93":1,"94":1,"95":1,"96":1,"98":1,"99":1,"100":2,"102":2,"105":2,"106":1,"108":1,"109":1,"110":1,"111":1,"112":1,"113":1,"114":1,"115":1,"116":1,"118":1,"119":1,"120":1,"121":1,"122":1,"123":1,"124":1,"126":1,"127":1,"128":1,"130":1,"131":1,"132":1,"133":1,"134":1,"135":1,"136":1,"137":1,"138":1,"140":1,"141":1,"142":1,"143":1,"145":1,"146":1,"147":1,"148":1,"149":1,"151":1,"152":1,"153":1,"154":1,"158":1,"159":1,"160":1,"161":1,"162":1,"163":1,"164":1,"166":1,"168":1,"169":10,"170":1,"172":1,"174":1,"175":13,"176":11,"177":11,"178":11,"179":13,"180":9,"181":1,"183":1,"184":13,"185":11,"186":13,"187":11,"188":1,"190":1,"191":13,"192":13,"193":13,"194":11,"195":13,"196":2,"197":1,"199":2,"200":2,"201":1,"202":1,"203":1,"204":1,"205":2,"207":1,"208":1,"209":1,"211":2,"212":2,"213":1,"214":1,"215":1,"217":1,"218":1,"219":2,"220":1,"221":1,"222":2,"223":0,"224":0,"225":0,"226":0,"227":0,"228":2,"229":1,"230":1,"231":2,"233":2,"234":2,"235":2,"237":2,"238":2,"240":2,"241":1,"242":1,"243":1,"244":1,"245":1,"246":1,"248":2,"249":2,"250":2,"251":2,"252":2,"253":2,"254":2,"255":2,"256":2,"257":2,"258":2},"branchMap":{"0":{"type":"branch","line":169,"loc":{"start":{"line":169,"column":38},"end":{"line":171,"column":1}},"locations":[{"start":{"line":169,"column":38},"end":{"line":171,"column":1}}]},"1":{"type":"branch","line":170,"loc":{"start":{"line":170,"column":41},"end":{"line":170,"column":58}},"locations":[{"start":{"line":170,"column":41},"end":{"line":170,"column":58}}]},"2":{"type":"branch","line":173,"loc":{"start":{"line":173,"column":31},"end":{"line":173,"column":76}},"locations":[{"start":{"line":173,"column":31},"end":{"line":173,"column":76}}]},"3":{"type":"branch","line":175,"loc":{"start":{"line":175,"column":40},"end":{"line":182,"column":1}},"locations":[{"start":{"line":175,"column":40},"end":{"line":182,"column":1}}]},"4":{"type":"branch","line":176,"loc":{"start":{"line":176,"column":27},"end":{"line":176,"column":40}},"locations":[{"start":{"line":176,"column":27},"end":{"line":176,"column":40}}]},"5":{"type":"branch","line":176,"loc":{"start":{"line":176,"column":34},"end":{"line":180,"column":32}},"locations":[{"start":{"line":176,"column":34},"end":{"line":180,"column":32}}]},"6":{"type":"branch","line":180,"loc":{"start":{"line":180,"column":25},"end":{"line":180,"column":37}},"locations":[{"start":{"line":180,"column":25},"end":{"line":180,"column":37}}]},"7":{"type":"branch","line":180,"loc":{"start":{"line":180,"column":32},"end":{"line":181,"column":67}},"locations":[{"start":{"line":180,"column":32},"end":{"line":181,"column":67}}]},"8":{"type":"branch","line":178,"loc":{"start":{"line":178,"column":4},"end":{"line":178,"column":47}},"locations":[{"start":{"line":178,"column":4},"end":{"line":178,"column":47}}]},"9":{"type":"branch","line":181,"loc":{"start":{"line":181,"column":41},"end":{"line":181,"column":65}},"locations":[{"start":{"line":181,"column":41},"end":{"line":181,"column":65}}]},"10":{"type":"branch","line":184,"loc":{"start":{"line":184,"column":34},"end":{"line":189,"column":1}},"locations":[{"start":{"line":184,"column":34},"end":{"line":189,"column":1}}]},"11":{"type":"branch","line":185,"loc":{"start":{"line":185,"column":27},"end":{"line":185,"column":63}},"locations":[{"start":{"line":185,"column":27},"end":{"line":185,"column":63}}]},"12":{"type":"branch","line":185,"loc":{"start":{"line":185,"column":34},"end":{"line":187,"column":46}},"locations":[{"start":{"line":185,"column":34},"end":{"line":187,"column":46}}]},"13":{"type":"branch","line":187,"loc":{"start":{"line":187,"column":39},"end":{"line":187,"column":64}},"locations":[{"start":{"line":187,"column":39},"end":{"line":187,"column":64}}]},"14":{"type":"branch","line":187,"loc":{"start":{"line":187,"column":46},"end":{"line":188,"column":54}},"locations":[{"start":{"line":187,"column":46},"end":{"line":188,"column":54}}]},"15":{"type":"branch","line":191,"loc":{"start":{"line":191,"column":35},"end":{"line":198,"column":1}},"locations":[{"start":{"line":191,"column":35},"end":{"line":198,"column":1}}]},"16":{"type":"branch","line":194,"loc":{"start":{"line":194,"column":27},"end":{"line":194,"column":74}},"locations":[{"start":{"line":194,"column":27},"end":{"line":194,"column":74}}]},"17":{"type":"branch","line":194,"loc":{"start":{"line":194,"column":41},"end":{"line":196,"column":11}},"locations":[{"start":{"line":194,"column":41},"end":{"line":196,"column":11}}]},"18":{"type":"branch","line":196,"loc":{"start":{"line":196,"column":4},"end":{"line":196,"column":63}},"locations":[{"start":{"line":196,"column":4},"end":{"line":196,"column":63}}]},"19":{"type":"branch","line":196,"loc":{"start":{"line":196,"column":18},"end":{"line":197,"column":51}},"locations":[{"start":{"line":196,"column":18},"end":{"line":197,"column":51}}]},"20":{"type":"branch","line":200,"loc":{"start":{"line":200,"column":0},"end":{"line":206,"column":1}},"locations":[{"start":{"line":200,"column":0},"end":{"line":206,"column":1}}]},"21":{"type":"branch","line":201,"loc":{"start":{"line":201,"column":20},"end":{"line":201,"column":54}},"locations":[{"start":{"line":201,"column":20},"end":{"line":201,"column":54}}]},"22":{"type":"branch","line":201,"loc":{"start":{"line":201,"column":54},"end":{"line":205,"column":3}},"locations":[{"start":{"line":201,"column":54},"end":{"line":205,"column":3}}]},"23":{"type":"branch","line":208,"loc":{"start":{"line":208,"column":0},"end":{"line":210,"column":1}},"locations":[{"start":{"line":208,"column":0},"end":{"line":210,"column":1}}]},"24":{"type":"branch","line":212,"loc":{"start":{"line":212,"column":0},"end":{"line":232,"column":1}},"locations":[{"start":{"line":212,"column":0},"end":{"line":232,"column":1}}]},"25":{"type":"branch","line":213,"loc":{"start":{"line":213,"column":27},"end":{"line":220,"column":32}},"locations":[{"start":{"line":213,"column":27},"end":{"line":220,"column":32}}]},"26":{"type":"branch","line":220,"loc":{"start":{"line":220,"column":26},"end":{"line":220,"column":73}},"locations":[{"start":{"line":220,"column":26},"end":{"line":220,"column":73}}]},"27":{"type":"branch","line":220,"loc":{"start":{"line":220,"column":71},"end":{"line":223,"column":11}},"locations":[{"start":{"line":220,"column":71},"end":{"line":223,"column":11}}]},"28":{"type":"branch","line":223,"loc":{"start":{"line":223,"column":2},"end":{"line":229,"column":4}},"locations":[{"start":{"line":223,"column":2},"end":{"line":229,"column":4}}]},"29":{"type":"branch","line":229,"loc":{"start":{"line":229,"column":2},"end":{"line":231,"column":3}},"locations":[{"start":{"line":229,"column":2},"end":{"line":231,"column":3}}]},"30":{"type":"branch","line":234,"loc":{"start":{"line":234,"column":0},"end":{"line":259,"column":1}},"locations":[{"start":{"line":234,"column":0},"end":{"line":259,"column":1}}]},"31":{"type":"branch","line":236,"loc":{"start":{"line":236,"column":11},"end":{"line":236,"column":18}},"locations":[{"start":{"line":236,"column":11},"end":{"line":236,"column":18}}]},"32":{"type":"branch","line":241,"loc":{"start":{"line":241,"column":27},"end":{"line":247,"column":3}},"locations":[{"start":{"line":241,"column":27},"end":{"line":247,"column":3}}]},"33":{"type":"branch","line":249,"loc":{"start":{"line":249,"column":54},"end":{"line":258,"column":3}},"locations":[{"start":{"line":249,"column":54},"end":{"line":258,"column":3}}]},"34":{"type":"branch","line":22,"loc":{"start":{"line":22,"column":75},"end":{"line":22,"column":78}},"locations":[{"start":{"line":22,"column":75},"end":{"line":22,"column":78}}]},"35":{"type":"branch","line":27,"loc":{"start":{"line":27,"column":16},"end":{"line":27,"column":37}},"locations":[{"start":{"line":27,"column":16},"end":{"line":27,"column":37}}]},"36":{"type":"branch","line":39,"loc":{"start":{"line":39,"column":18},"end":{"line":39,"column":37}},"locations":[{"start":{"line":39,"column":18},"end":{"line":39,"column":37}}]},"37":{"type":"branch","line":45,"loc":{"start":{"line":45,"column":18},"end":{"line":45,"column":41}},"locations":[{"start":{"line":45,"column":18},"end":{"line":45,"column":41}}]},"38":{"type":"branch","line":58,"loc":{"start":{"line":58,"column":16},"end":{"line":58,"column":41}},"locations":[{"start":{"line":58,"column":16},"end":{"line":58,"column":41}}]},"39":{"type":"branch","line":80,"loc":{"start":{"line":80,"column":16},"end":{"line":80,"column":41}},"locations":[{"start":{"line":80,"column":16},"end":{"line":80,"column":41}}]},"40":{"type":"branch","line":100,"loc":{"start":{"line":100,"column":12},"end":{"line":106,"column":10}},"locations":[{"start":{"line":100,"column":12},"end":{"line":106,"column":10}}]},"41":{"type":"branch","line":106,"loc":{"start":{"line":106,"column":6},"end":{"line":106,"column":10}},"locations":[{"start":{"line":106,"column":6},"end":{"line":106,"column":10}}]},"42":{"type":"branch","line":116,"loc":{"start":{"line":116,"column":16},"end":{"line":116,"column":44}},"locations":[{"start":{"line":116,"column":16},"end":{"line":116,"column":44}}]},"43":{"type":"branch","line":124,"loc":{"start":{"line":124,"column":16},"end":{"line":124,"column":45}},"locations":[{"start":{"line":124,"column":16},"end":{"line":124,"column":45}}]},"44":{"type":"branch","line":152,"loc":{"start":{"line":152,"column":27},"end":{"line":152,"column":30}},"locations":[{"start":{"line":152,"column":27},"end":{"line":152,"column":30}}]},"45":{"type":"branch","line":39,"loc":{"start":{"line":39,"column":18},"end":{"line":39,"column":37}},"locations":[{"start":{"line":39,"column":18},"end":{"line":39,"column":37}}]},"46":{"type":"branch","line":45,"loc":{"start":{"line":45,"column":18},"end":{"line":45,"column":41}},"locations":[{"start":{"line":45,"column":18},"end":{"line":45,"column":41}}]},"47":{"type":"branch","line":58,"loc":{"start":{"line":58,"column":16},"end":{"line":58,"column":41}},"locations":[{"start":{"line":58,"column":16},"end":{"line":58,"column":41}}]},"48":{"type":"branch","line":80,"loc":{"start":{"line":80,"column":16},"end":{"line":80,"column":41}},"locations":[{"start":{"line":80,"column":16},"end":{"line":80,"column":41}}]},"49":{"type":"branch","line":124,"loc":{"start":{"line":124,"column":16},"end":{"line":124,"column":45}},"locations":[{"start":{"line":124,"column":16},"end":{"line":124,"column":45}}]}},"b":{"0":[10],"1":[0],"2":[13],"3":[13],"4":[2],"5":[11],"6":[2],"7":[9],"8":[18],"9":[9],"10":[13],"11":[2],"12":[11],"13":[0],"14":[11],"15":[13],"16":[2],"17":[11],"18":[9],"19":[2],"20":[2],"21":[1],"22":[1],"23":[1],"24":[2],"25":[1],"26":[0],"27":[1],"28":[0],"29":[1],"30":[2],"31":[0],"32":[1],"33":[2],"34":[0],"35":[0],"36":[10],"37":[10],"38":[10],"39":[10],"40":[2],"41":[12],"42":[10],"43":[10],"44":[0],"45":[1],"46":[1],"47":[1],"48":[1],"49":[1]},"fnMap":{"0":{"name":"navigateRounds","decl":{"start":{"line":200,"column":0},"end":{"line":206,"column":1}},"loc":{"start":{"line":200,"column":0},"end":{"line":206,"column":1}},"line":200},"1":{"name":"setMatchViewMode","decl":{"start":{"line":208,"column":0},"end":{"line":210,"column":1}},"loc":{"start":{"line":208,"column":0},"end":{"line":210,"column":1}},"line":208},"2":{"name":"handleActionButtonClick","decl":{"start":{"line":212,"column":0},"end":{"line":232,"column":1}},"loc":{"start":{"line":212,"column":0},"end":{"line":232,"column":1}},"line":212},"3":{"name":"copyLink","decl":{"start":{"line":234,"column":0},"end":{"line":259,"column":1}},"loc":{"start":{"line":234,"column":0},"end":{"line":259,"column":1}},"line":234},"4":{"name":"$setup.state.config.onClick._cache.<computed>._cache.<computed>","decl":{"start":{"line":39,"column":18},"end":{"line":39,"column":37}},"loc":{"start":{"line":39,"column":18},"end":{"line":39,"column":37}},"line":39},"5":{"name":"$setup.state.config.onClick._cache.<computed>._cache.<computed>","decl":{"start":{"line":45,"column":18},"end":{"line":45,"column":41}},"loc":{"start":{"line":45,"column":18},"end":{"line":45,"column":41}},"line":45},"6":{"name":"$setup.state.config.onClick._cache.<computed>._cache.<computed>","decl":{"start":{"line":58,"column":16},"end":{"line":58,"column":41}},"loc":{"start":{"line":58,"column":16},"end":{"line":58,"column":41}},"line":58},"7":{"name":"$setup.state.config.onClick._cache.<computed>._cache.<computed>","decl":{"start":{"line":80,"column":16},"end":{"line":80,"column":41}},"loc":{"start":{"line":80,"column":16},"end":{"line":80,"column":41}},"line":80},"8":{"name":"$setup.state.config.onClick._cache.<computed>._cache.<computed>","decl":{"start":{"line":116,"column":16},"end":{"line":116,"column":44}},"loc":{"start":{"line":116,"column":16},"end":{"line":116,"column":44}},"line":116},"9":{"name":"$setup.state.config.onClick._cache.<computed>._cache.<computed>","decl":{"start":{"line":124,"column":16},"end":{"line":124,"column":45}},"loc":{"start":{"line":124,"column":16},"end":{"line":124,"column":45}},"line":124}},"f":{"0":2,"1":1,"2":2,"3":2,"4":1,"5":1,"6":1,"7":1,"8":0,"9":1}}
}
