TN:
SF:eslint.config.js
FN:1,(empty-report)
FNF:1
FNH:0
FNDA:0,(empty-report)
DA:1,0
DA:2,0
DA:3,0
DA:4,0
DA:5,0
DA:7,0
DA:8,0
DA:9,0
DA:10,0
DA:11,0
DA:12,0
DA:13,0
DA:14,0
DA:15,0
DA:16,0
DA:17,0
DA:18,0
DA:19,0
DA:20,0
DA:21,0
DA:22,0
DA:23,0
DA:24,0
DA:25,0
DA:26,0
DA:27,0
DA:28,0
DA:29,0
DA:30,0
DA:31,0
DA:32,0
DA:33,0
DA:34,0
DA:35,0
DA:36,0
DA:37,0
DA:38,0
DA:39,0
DA:40,0
DA:41,0
DA:42,0
DA:43,0
DA:44,0
DA:45,0
DA:46,0
DA:47,0
DA:48,0
DA:49,0
DA:50,0
DA:51,0
DA:52,0
DA:53,0
DA:54,0
DA:55,0
DA:56,0
DA:57,0
DA:58,0
DA:59,0
DA:60,0
DA:61,0
DA:62,0
DA:63,0
DA:64,0
DA:65,0
DA:66,0
DA:67,0
DA:68,0
LF:67
LH:0
BRDA:1,0,0,0
BRF:1
BRH:0
end_of_record
TN:
SF:src/App.vue
FNF:0
FNH:0
DA:2,1
DA:3,1
DA:4,1
DA:6,1
DA:7,6
DA:8,6
DA:9,6
DA:10,2
DA:11,4
DA:12,3
DA:13,3
DA:14,2
DA:15,1
DA:16,1
DA:17,1
DA:19,1
DA:21,1
DA:22,1
DA:25,1
DA:26,1
DA:27,1
DA:28,1
DA:29,1
DA:30,1
DA:31,1
DA:32,1
DA:36,1
DA:37,1
DA:38,1
DA:39,1
DA:41,1
LF:31
LH:31
BRDA:6,0,0,6
BRDA:9,1,0,5
BRDA:9,2,0,2
BRDA:11,3,0,4
BRDA:11,4,0,1
BRDA:12,5,0,3
BRDA:13,6,0,2
BRDA:13,7,0,2
BRDA:15,8,0,1
BRDA:29,9,0,0
BRF:10
BRH:9
end_of_record
TN:
SF:src/api.ts
FN:10,handleResponse
FN:18,createTournament
FN:29,startTournament
FN:41,recordResult
FN:59,generateNextRound
FN:66,updateTournamentConfig
FN:78,loadTournament
FNF:7
FNH:7
FNDA:6,handleResponse
FNDA:2,createTournament
FNDA:1,startTournament
FNDA:1,recordResult
FNDA:1,generateNextRound
FNDA:1,updateTournamentConfig
FNDA:5,loadTournament
DA:1,1
DA:4,1
DA:10,6
DA:11,6
DA:12,1
DA:13,1
DA:14,1
DA:15,5
DA:16,5
DA:18,2
DA:19,2
DA:20,2
DA:21,2
DA:22,2
DA:23,2
DA:24,2
DA:25,2
DA:26,2
DA:27,2
DA:29,1
DA:30,1
DA:31,1
DA:32,1
DA:33,1
DA:34,1
DA:35,1
DA:36,1
DA:37,1
DA:38,1
DA:39,1
DA:41,1
DA:42,1
DA:43,1
DA:50,1
DA:51,1
DA:52,1
DA:53,1
DA:54,1
DA:55,1
DA:56,1
DA:57,1
DA:59,1
DA:60,1
DA:61,1
DA:62,1
DA:63,1
DA:64,1
DA:66,1
DA:67,1
DA:68,1
DA:69,1
DA:70,1
DA:71,1
DA:72,1
DA:73,1
DA:74,1
DA:75,1
DA:76,1
DA:78,5
DA:79,5
DA:80,1
DA:81,1
DA:82,1
DA:83,4
DA:84,4
DA:85,5
DA:86,2
DA:87,1
DA:88,1
DA:89,1
DA:90,1
DA:91,1
DA:92,1
DA:93,1
DA:94,1
DA:95,2
DA:96,2
DA:97,1
DA:98,1
DA:99,1
DA:100,1
DA:101,1
DA:102,1
DA:103,1
DA:104,1
DA:105,1
DA:106,1
DA:107,5
LF:88
LH:88
BRDA:10,0,0,6
BRDA:11,1,0,1
BRDA:13,2,0,0
BRDA:14,3,0,5
BRDA:18,4,0,2
BRDA:29,5,0,1
BRDA:41,6,0,1
BRDA:59,7,0,1
BRDA:66,8,0,1
BRDA:78,9,0,5
BRDA:79,10,0,1
BRDA:82,11,0,4
BRDA:84,12,0,3
BRDA:85,13,0,2
BRDA:86,14,0,1
BRDA:96,15,0,1
BRF:16
BRH:15
end_of_record
TN:
SF:src/store.ts
FN:45,setState
FN:50,setReadOnly
FN:53,setLoading
FN:56,setEditingConfig
FN:59,resetState
FNF:5
FNH:5
FNDA:4,setState
FNDA:2,setReadOnly
FNDA:10,setLoading
FNDA:2,setEditingConfig
FNDA:34,resetState
DA:1,1
DA:4,1
DA:5,1
DA:6,1
DA:7,1
DA:8,1
DA:9,1
DA:10,1
DA:11,1
DA:12,1
DA:13,1
DA:14,1
DA:15,1
DA:16,1
DA:17,1
DA:18,1
DA:19,1
DA:20,1
DA:21,1
DA:22,1
DA:23,1
DA:24,1
DA:25,1
DA:26,1
DA:27,1
DA:28,1
DA:29,1
DA:30,1
DA:31,1
DA:32,1
DA:33,1
DA:35,1
DA:42,1
DA:43,1
DA:45,1
DA:47,4
DA:48,4
DA:50,1
DA:51,2
DA:52,2
DA:53,1
DA:54,10
DA:55,10
DA:56,1
DA:57,2
DA:58,2
DA:59,1
DA:60,34
DA:61,34
DA:62,1
LF:50
LH:50
BRDA:45,0,0,4
BRDA:50,1,0,2
BRDA:53,2,0,10
BRDA:56,3,0,2
BRDA:59,4,0,34
BRF:5
BRH:5
end_of_record
TN:
SF:src/components/MatchCard.vue
FN:92,formatTime
FN:50,$setup.isReadOnly.$setup.isFinished.onClick._cache.<computed>._cache.<computed>
FN:57,$setup.isReadOnly.$setup.isFinished.onClick._cache.<computed>._cache.<computed>
FNF:3
FNH:1
FNDA:66,formatTime
FNDA:0,$setup.isReadOnly.$setup.isFinished.onClick._cache.<computed>._cache.<computed>
FNDA:0,$setup.isReadOnly.$setup.isFinished.onClick._cache.<computed>._cache.<computed>
DA:2,1
DA:3,1
DA:4,1
DA:5,1
DA:6,1
DA:7,1
DA:8,1
DA:10,1
DA:11,1
DA:12,1
DA:13,1
DA:14,1
DA:15,1
DA:16,1
DA:17,1
DA:18,1
DA:19,1
DA:20,1
DA:21,1
DA:22,1
DA:23,1
DA:24,1
DA:25,1
DA:26,1
DA:27,1
DA:28,1
DA:29,1
DA:30,1
DA:31,1
DA:32,1
DA:33,1
DA:34,1
DA:35,1
DA:36,1
DA:37,1
DA:38,1
DA:39,1
DA:40,1
DA:41,1
DA:42,1
DA:43,1
DA:44,1
DA:45,1
DA:46,1
DA:47,31
DA:48,31
DA:49,31
DA:50,31
DA:51,31
DA:53,31
DA:54,29
DA:56,29
DA:57,29
DA:58,29
DA:60,29
DA:61,1
DA:62,1
DA:66,1
DA:67,1
DA:70,1
DA:74,1
DA:79,1
DA:81,1
DA:82,1
DA:83,1
DA:84,1
DA:85,1
DA:86,1
DA:87,1
DA:88,1
DA:89,1
DA:90,1
DA:92,1
DA:93,66
DA:94,21
DA:95,21
DA:96,21
DA:97,21
DA:98,66
LF:79
LH:79
BRDA:82,0,0,33
BRDA:82,1,0,47
BRDA:85,2,0,33
BRDA:85,3,0,94
BRDA:87,4,0,33
BRDA:89,5,0,33
BRDA:92,6,0,66
BRDA:93,7,0,45
BRDA:93,8,0,21
BRDA:24,9,0,29
BRDA:25,10,0,29
BRDA:27,11,0,30
BRDA:33,12,0,31
BRDA:34,13,0,29
BRDA:46,14,0,31
BRDA:53,15,0,29
BRDA:57,16,0,28
BRDA:60,17,0,2
BRF:18
BRH:18
end_of_record
TN:
SF:src/components/MatchList.vue
FN:95,save
FN:127,edit
FNF:2
FNH:2
FNDA:1,save
FNDA:1,edit
DA:2,1
DA:3,1
DA:4,1
DA:5,1
DA:7,1
DA:8,1
DA:9,1
DA:10,1
DA:11,1
DA:12,1
DA:14,0
DA:15,1
DA:16,1
DA:17,1
DA:18,1
DA:19,1
DA:20,1
DA:21,1
DA:22,1
DA:23,1
DA:24,1
DA:25,1
DA:26,1
DA:28,1
DA:29,1
DA:30,1
DA:31,0
DA:32,0
DA:34,0
DA:35,1
DA:36,1
DA:37,1
DA:38,1
DA:39,1
DA:40,1
DA:41,1
DA:42,1
DA:43,1
DA:47,1
DA:48,1
DA:49,1
DA:51,1
DA:52,1
DA:54,1
DA:56,1
DA:57,19
DA:58,1
DA:60,1
DA:61,19
DA:63,17
DA:64,17
DA:65,23
DA:66,23
DA:68,17
DA:69,29
DA:70,29
DA:71,29
DA:72,29
DA:73,29
DA:75,17
DA:76,23
DA:77,23
DA:78,6
DA:79,0
DA:80,23
DA:81,23
DA:83,17
DA:84,1
DA:86,1
DA:87,2
DA:88,2
DA:89,2
DA:90,4
DA:91,2
DA:92,2
DA:93,1
DA:95,1
DA:96,1
DA:97,1
DA:98,1
DA:99,1
DA:100,1
DA:101,1
DA:102,1
DA:103,1
DA:104,1
DA:106,1
DA:107,1
DA:108,1
DA:109,1
DA:110,1
DA:111,1
DA:112,1
DA:114,1
DA:115,1
DA:116,1
DA:117,0
DA:118,0
DA:119,0
DA:120,0
DA:121,0
DA:122,1
DA:123,1
DA:124,1
DA:125,1
DA:127,1
DA:128,1
DA:129,1
DA:130,1
DA:131,1
DA:132,1
DA:133,1
DA:134,1
DA:135,1
DA:136,1
DA:138,1
DA:139,1
DA:140,1
DA:141,1
LF:119
LH:109
BRDA:56,0,0,19
BRDA:57,1,0,26
BRDA:60,2,0,19
BRDA:61,3,0,2
BRDA:61,4,0,17
BRDA:64,5,0,23
BRDA:68,6,0,29
BRDA:75,7,0,23
BRDA:69,8,0,41
BRDA:77,9,0,6
BRDA:78,10,0,0
BRDA:78,11,0,0
BRDA:78,12,0,0
BRDA:86,13,0,2
BRDA:87,14,0,0
BRDA:89,15,0,4
BRDA:90,16,0,0
BRDA:90,17,0,0
BRDA:90,18,0,2
BRDA:91,19,0,0
BRDA:91,20,0,0
BRDA:95,21,0,1
BRDA:98,22,0,0
BRDA:116,23,0,0
BRDA:127,24,0,1
BRDA:30,25,0,0
BRDA:12,26,0,0
BRF:27
BRH:15
end_of_record
TN:
SF:src/components/RichTextEditor.vue
FN:73,execCmd
FN:79,addLink
FN:86,updateContent
FN:99,editor.value.innerHTML
FN:9,onClick._cache.<computed>._cache.<computed>
FN:20,onClick._cache.<computed>._cache.<computed>
FN:31,onClick._cache.<computed>._cache.<computed>
FNF:7
FNH:1
FNDA:0,execCmd
FNDA:0,addLink
FNDA:0,updateContent
FNDA:2,editor.value.innerHTML
FNDA:0,onClick._cache.<computed>._cache.<computed>
FNDA:0,onClick._cache.<computed>._cache.<computed>
FNDA:0,onClick._cache.<computed>._cache.<computed>
DA:2,1
DA:3,1
DA:4,1
DA:6,1
DA:7,1
DA:8,1
DA:9,1
DA:11,1
DA:12,1
DA:13,1
DA:14,1
DA:15,1
DA:16,1
DA:17,1
DA:18,1
DA:19,1
DA:20,1
DA:22,1
DA:23,1
DA:24,1
DA:25,1
DA:26,1
DA:27,1
DA:28,1
DA:29,1
DA:30,1
DA:31,1
DA:33,1
DA:34,1
DA:35,1
DA:36,1
DA:37,1
DA:38,1
DA:39,1
DA:40,1
DA:41,1
DA:42,1
DA:44,1
DA:45,1
DA:46,1
DA:47,1
DA:48,1
DA:49,1
DA:50,1
DA:51,1
DA:52,1
DA:53,1
DA:54,1
DA:55,1
DA:56,1
DA:57,1
DA:58,1
DA:62,1
DA:64,1
DA:69,1
DA:71,1
DA:73,0
DA:74,0
DA:75,0
DA:76,0
DA:77,0
DA:79,0
DA:80,0
DA:81,0
DA:82,0
DA:83,0
DA:84,0
DA:86,0
DA:87,0
DA:88,0
DA:89,0
DA:90,0
DA:92,1
DA:93,2
DA:94,2
DA:95,2
DA:96,1
DA:98,1
DA:99,1
DA:100,1
DA:101,0
DA:102,0
DA:103,0
DA:104,0
DA:105,1
LF:85
LH:65
BRDA:92,0,0,2
BRDA:94,1,0,0
BRDA:99,2,0,2
BRF:3
BRH:2
end_of_record
TN:
SF:src/components/StandingsTable.vue
FNF:0
FNH:0
DA:2,1
DA:3,1
DA:4,1
DA:5,1
DA:6,1
DA:7,1
DA:9,1
DA:10,1
DA:11,1
DA:12,1
DA:13,1
DA:14,1
DA:15,1
DA:16,1
DA:17,1
DA:18,1
DA:19,1
DA:20,1
DA:21,1
DA:22,1
DA:23,1
DA:24,1
DA:25,1
DA:27,1
DA:28,1
DA:29,1
DA:30,1
DA:31,1
DA:32,1
DA:33,1
DA:34,1
DA:35,1
DA:36,1
DA:37,1
DA:38,1
DA:40,1
DA:41,1
DA:42,1
DA:43,1
DA:44,1
DA:45,1
DA:46,1
DA:47,1
DA:48,1
DA:49,1
DA:50,1
DA:51,1
DA:52,1
DA:53,1
DA:54,1
DA:55,1
DA:56,1
DA:57,1
DA:58,1
DA:59,1
DA:63,1
DA:64,1
DA:67,1
DA:72,1
DA:74,1
DA:75,11
DA:76,11
DA:77,11
DA:78,11
DA:79,11
DA:80,22
DA:81,18
DA:82,12
DA:83,10
DA:84,11
DA:85,1
LF:71
LH:71
BRDA:74,0,0,11
BRDA:76,1,0,27
BRDA:76,2,0,57
BRDA:79,3,0,22
BRDA:80,4,0,18
BRDA:81,5,0,12
BRDA:82,6,0,10
BRDA:50,7,0,11
BRDA:50,8,0,16
BRF:9
BRH:9
end_of_record
TN:
SF:src/components/TeamSetup.vue
FN:107,handleImageUpload
FN:120,editConfig
FN:124,start
FN:21,onUpdate:modelValue
FN:43,onChange
FNF:5
FNH:2
FNDA:0,handleImageUpload
FNDA:1,editConfig
FNDA:2,start
FNDA:0,onUpdate:modelValue
FNDA:0,onChange
DA:2,1
DA:3,1
DA:4,1
DA:5,1
DA:7,1
DA:8,1
DA:9,1
DA:10,1
DA:11,1
DA:12,1
DA:14,1
DA:15,1
DA:16,1
DA:17,1
DA:18,1
DA:19,1
DA:20,1
DA:21,1
DA:22,0
DA:23,1
DA:24,1
DA:25,1
DA:26,1
DA:27,1
DA:28,1
DA:29,1
DA:30,1
DA:31,1
DA:33,1
DA:34,1
DA:35,1
DA:36,1
DA:37,1
DA:38,1
DA:39,1
DA:40,1
DA:41,1
DA:42,1
DA:43,1
DA:44,1
DA:45,1
DA:46,1
DA:47,1
DA:48,1
DA:49,1
DA:50,1
DA:51,1
DA:52,1
DA:53,1
DA:54,1
DA:55,1
DA:56,1
DA:57,1
DA:58,1
DA:59,1
DA:61,1
DA:62,1
DA:63,1
DA:64,1
DA:65,1
DA:67,1
DA:68,1
DA:69,1
DA:73,1
DA:74,1
DA:75,1
DA:76,1
DA:79,1
DA:80,1
DA:82,1
DA:83,6
DA:84,6
DA:85,12
DA:86,12
DA:87,12
DA:89,12
DA:90,12
DA:91,12
DA:92,12
DA:94,12
DA:95,28
DA:96,28
DA:97,28
DA:98,28
DA:99,28
DA:100,28
DA:101,28
DA:102,28
DA:103,12
DA:104,12
DA:105,1
DA:107,0
DA:108,0
DA:109,0
DA:110,0
DA:112,0
DA:113,0
DA:114,0
DA:115,0
DA:116,0
DA:117,0
DA:118,0
DA:120,1
DA:121,1
DA:122,1
DA:124,2
DA:125,2
DA:126,2
DA:127,2
DA:129,2
DA:130,4
DA:131,8
DA:132,8
DA:133,8
DA:134,4
DA:135,2
DA:137,2
DA:138,1
DA:139,1
DA:141,1
DA:142,1
DA:143,1
DA:144,1
DA:145,1
DA:146,1
DA:147,1
DA:148,1
DA:149,1
DA:150,0
DA:151,0
DA:152,2
DA:153,2
DA:154,2
DA:155,2
DA:157,1
DA:158,1
DA:159,1
LF:137
LH:123
BRDA:82,0,0,6
BRDA:84,1,0,12
BRDA:94,2,0,28
BRDA:120,3,0,1
BRDA:124,4,0,2
BRDA:127,5,0,0
BRDA:137,6,0,1
BRDA:149,7,0,0
BRDA:129,8,0,4
BRDA:130,9,0,8
BRDA:137,10,0,5
BRF:11
BRH:9
end_of_record
TN:
SF:src/components/TournamentConfig.vue
FN:231,handleImageUpload
FN:258,handleAction
FN:266,goToTeamSetup
FN:287,saveChanges
FN:16,onUpdate:modelValue._cache.<computed>._cache.<computed>
FN:66,onUpdate:modelValue._cache.<computed>._cache.<computed>
FN:79,onUpdate:modelValue._cache.<computed>._cache.<computed>
FN:96,onUpdate:modelValue._cache.<computed>._cache.<computed>
FN:114,onUpdate:modelValue._cache.<computed>._cache.<computed>
FN:128,onUpdate:modelValue._cache.<computed>._cache.<computed>
FN:143,onUpdate:modelValue._cache.<computed>._cache.<computed>
FN:157,onUpdate:modelValue._cache.<computed>._cache.<computed>
FN:171,onUpdate:modelValue._cache.<computed>._cache.<computed>
FN:185,onUpdate:modelValue._cache.<computed>._cache.<computed>
FN:198,onUpdate:modelValue._cache.<computed>._cache.<computed>
FNF:15
FNH:0
FNDA:0,handleImageUpload
FNDA:0,handleAction
FNDA:0,goToTeamSetup
FNDA:0,saveChanges
FNDA:0,onUpdate:modelValue._cache.<computed>._cache.<computed>
FNDA:0,onUpdate:modelValue._cache.<computed>._cache.<computed>
FNDA:0,onUpdate:modelValue._cache.<computed>._cache.<computed>
FNDA:0,onUpdate:modelValue._cache.<computed>._cache.<computed>
FNDA:0,onUpdate:modelValue._cache.<computed>._cache.<computed>
FNDA:0,onUpdate:modelValue._cache.<computed>._cache.<computed>
FNDA:0,onUpdate:modelValue._cache.<computed>._cache.<computed>
FNDA:0,onUpdate:modelValue._cache.<computed>._cache.<computed>
FNDA:0,onUpdate:modelValue._cache.<computed>._cache.<computed>
FNDA:0,onUpdate:modelValue._cache.<computed>._cache.<computed>
FNDA:0,onUpdate:modelValue._cache.<computed>._cache.<computed>
DA:2,1
DA:3,1
DA:4,1
DA:6,1
DA:7,1
DA:8,1
DA:9,1
DA:10,1
DA:11,1
DA:12,1
DA:13,1
DA:14,1
DA:15,1
DA:16,1
DA:17,0
DA:18,1
DA:19,1
DA:20,1
DA:21,1
DA:23,1
DA:24,1
DA:25,1
DA:26,1
DA:27,1
DA:28,1
DA:29,1
DA:30,1
DA:31,1
DA:32,1
DA:33,1
DA:34,1
DA:35,1
DA:36,1
DA:37,1
DA:39,1
DA:40,1
DA:41,1
DA:42,1
DA:43,1
DA:44,1
DA:45,1
DA:46,1
DA:47,1
DA:48,1
DA:49,1
DA:50,1
DA:52,1
DA:53,1
DA:55,1
DA:57,1
DA:58,1
DA:59,1
DA:60,1
DA:61,1
DA:62,1
DA:63,1
DA:64,1
DA:65,1
DA:66,1
DA:67,0
DA:68,1
DA:69,1
DA:70,1
DA:71,1
DA:72,1
DA:73,1
DA:74,1
DA:75,1
DA:76,1
DA:77,1
DA:78,1
DA:79,1
DA:80,0
DA:81,1
DA:82,1
DA:83,1
DA:84,1
DA:85,1
DA:86,1
DA:88,1
DA:89,1
DA:90,1
DA:91,1
DA:92,1
DA:93,1
DA:94,1
DA:95,1
DA:96,1
DA:97,1
DA:98,1
DA:100,1
DA:101,1
DA:103,1
DA:105,1
DA:106,1
DA:107,1
DA:108,1
DA:109,1
DA:110,1
DA:111,1
DA:112,1
DA:113,1
DA:114,1
DA:115,0
DA:116,1
DA:117,1
DA:118,1
DA:119,1
DA:120,1
DA:121,1
DA:122,1
DA:123,1
DA:124,1
DA:125,1
DA:126,1
DA:127,1
DA:128,1
DA:129,0
DA:130,1
DA:131,1
DA:132,1
DA:133,1
DA:134,1
DA:135,1
DA:136,1
DA:137,1
DA:138,1
DA:139,1
DA:140,1
DA:141,1
DA:142,1
DA:143,1
DA:144,0
DA:145,1
DA:146,1
DA:147,1
DA:148,1
DA:149,1
DA:150,1
DA:151,1
DA:152,1
DA:153,1
DA:154,1
DA:155,1
DA:156,1
DA:157,1
DA:158,0
DA:159,1
DA:160,1
DA:161,1
DA:162,1
DA:163,1
DA:164,1
DA:165,1
DA:166,1
DA:167,1
DA:168,1
DA:169,1
DA:170,1
DA:171,1
DA:172,0
DA:173,1
DA:174,1
DA:175,1
DA:176,1
DA:177,1
DA:178,1
DA:179,1
DA:180,1
DA:181,1
DA:182,1
DA:183,1
DA:184,1
DA:185,1
DA:186,0
DA:187,1
DA:188,1
DA:189,1
DA:190,1
DA:191,1
DA:192,1
DA:193,1
DA:194,1
DA:195,1
DA:196,1
DA:197,1
DA:198,1
DA:199,0
DA:200,1
DA:201,1
DA:202,1
DA:203,1
DA:204,1
DA:205,1
DA:206,1
DA:207,1
DA:208,1
DA:209,1
DA:210,1
DA:212,1
DA:213,1
DA:214,1
DA:215,1
DA:219,1
DA:220,1
DA:221,1
DA:222,1
DA:223,1
DA:225,1
DA:226,1
DA:227,1
DA:229,1
DA:231,0
DA:232,0
DA:233,0
DA:234,0
DA:236,0
DA:237,0
DA:238,0
DA:239,0
DA:240,0
DA:241,0
DA:242,0
DA:243,0
DA:244,0
DA:245,0
DA:247,0
DA:248,0
DA:249,0
DA:251,0
DA:252,0
DA:253,0
DA:254,0
DA:255,0
DA:256,0
DA:258,0
DA:259,0
DA:260,0
DA:261,0
DA:262,0
DA:263,0
DA:264,0
DA:266,0
DA:267,0
DA:268,0
DA:269,0
DA:270,0
DA:271,0
DA:272,0
DA:273,0
DA:274,0
DA:275,0
DA:276,0
DA:277,0
DA:278,0
DA:279,0
DA:280,0
DA:281,0
DA:282,0
DA:283,0
DA:284,0
DA:285,0
DA:287,0
DA:288,0
DA:289,0
DA:290,0
DA:291,0
DA:292,0
DA:293,0
DA:294,0
DA:295,0
DA:296,0
DA:297,0
DA:298,0
DA:299,0
DA:300,0
DA:301,0
DA:302,0
DA:303,0
DA:304,0
DA:305,0
DA:306,0
DA:307,0
LF:283
LH:202
BRDA:226,0,0,14
BRDA:229,1,0,2
BRDA:6,2,0,2
BRDA:6,3,0,3
BRDA:16,4,0,2
BRDA:66,5,0,2
BRDA:79,6,0,2
BRDA:96,7,0,2
BRDA:114,8,0,2
BRDA:128,9,0,2
BRDA:143,10,0,2
BRDA:157,11,0,2
BRDA:171,12,0,2
BRDA:185,13,0,2
BRDA:198,14,0,2
BRDA:212,15,0,2
BRDA:212,16,0,3
BRF:17
BRH:17
end_of_record
TN:
SF:src/components/TournamentView.vue
FN:200,navigateRounds
FN:208,setMatchViewMode
FN:212,handleActionButtonClick
FN:234,copyLink
FN:39,$setup.state.config.onClick._cache.<computed>._cache.<computed>
FN:45,$setup.state.config.onClick._cache.<computed>._cache.<computed>
FN:58,$setup.state.config.onClick._cache.<computed>._cache.<computed>
FN:80,$setup.state.config.onClick._cache.<computed>._cache.<computed>
FN:116,$setup.state.config.onClick._cache.<computed>._cache.<computed>
FN:124,$setup.state.config.onClick._cache.<computed>._cache.<computed>
FNF:10
FNH:9
FNDA:2,navigateRounds
FNDA:1,setMatchViewMode
FNDA:2,handleActionButtonClick
FNDA:2,copyLink
FNDA:1,$setup.state.config.onClick._cache.<computed>._cache.<computed>
FNDA:1,$setup.state.config.onClick._cache.<computed>._cache.<computed>
FNDA:1,$setup.state.config.onClick._cache.<computed>._cache.<computed>
FNDA:1,$setup.state.config.onClick._cache.<computed>._cache.<computed>
FNDA:0,$setup.state.config.onClick._cache.<computed>._cache.<computed>
FNDA:1,$setup.state.config.onClick._cache.<computed>._cache.<computed>
DA:2,1
DA:3,1
DA:4,1
DA:5,1
DA:6,1
DA:7,1
DA:8,1
DA:9,1
DA:10,1
DA:11,1
DA:12,1
DA:13,1
DA:15,1
DA:16,1
DA:17,1
DA:18,1
DA:19,1
DA:20,1
DA:22,1
DA:23,1
DA:24,1
DA:25,1
DA:26,1
DA:27,1
DA:28,1
DA:29,1
DA:30,1
DA:32,1
DA:33,1
DA:34,1
DA:35,1
DA:36,1
DA:37,1
DA:38,1
DA:39,1
DA:40,1
DA:42,1
DA:43,1
DA:44,1
DA:45,1
DA:46,1
DA:48,1
DA:49,1
DA:50,1
DA:51,1
DA:52,1
DA:53,1
DA:55,1
DA:56,1
DA:57,1
DA:58,1
DA:60,1
DA:61,1
DA:62,1
DA:63,1
DA:64,1
DA:66,1
DA:67,1
DA:68,1
DA:69,1
DA:70,1
DA:71,1
DA:72,1
DA:73,1
DA:74,1
DA:75,1
DA:76,1
DA:77,1
DA:78,1
DA:79,1
DA:80,1
DA:82,1
DA:83,1
DA:84,1
DA:85,1
DA:86,1
DA:88,1
DA:89,1
DA:90,1
DA:91,1
DA:92,1
DA:93,1
DA:94,1
DA:95,1
DA:96,1
DA:97,1
DA:99,1
DA:100,1
DA:101,2
DA:103,2
DA:106,2
DA:107,1
DA:109,1
DA:110,1
DA:111,1
DA:112,1
DA:113,1
DA:114,1
DA:115,1
DA:116,1
DA:117,1
DA:119,1
DA:120,1
DA:121,1
DA:122,1
DA:123,1
DA:124,1
DA:125,1
DA:127,1
DA:128,1
DA:129,1
DA:131,1
DA:132,1
DA:133,1
DA:134,1
DA:135,1
DA:136,1
DA:137,1
DA:138,1
DA:139,1
DA:141,1
DA:142,1
DA:143,1
DA:144,1
DA:146,1
DA:147,1
DA:148,1
DA:149,1
DA:150,1
DA:152,1
DA:153,1
DA:154,1
DA:155,1
DA:159,1
DA:160,1
DA:161,1
DA:162,1
DA:163,1
DA:164,1
DA:165,1
DA:167,1
DA:169,1
DA:170,10
DA:171,1
DA:173,1
DA:175,1
DA:176,13
DA:177,11
DA:178,11
DA:179,11
DA:180,13
DA:181,9
DA:182,1
DA:184,1
DA:185,13
DA:186,11
DA:187,13
DA:188,11
DA:189,1
DA:191,1
DA:192,13
DA:193,13
DA:194,13
DA:195,11
DA:196,13
DA:197,2
DA:198,1
DA:200,2
DA:201,2
DA:202,1
DA:203,1
DA:204,1
DA:205,1
DA:206,2
DA:208,1
DA:209,1
DA:210,1
DA:212,2
DA:213,2
DA:214,1
DA:215,1
DA:216,1
DA:218,1
DA:219,1
DA:220,2
DA:221,1
DA:222,1
DA:223,2
DA:224,0
DA:225,0
DA:226,0
DA:227,0
DA:228,0
DA:229,2
DA:230,1
DA:231,1
DA:232,2
DA:234,2
DA:235,2
DA:236,2
DA:238,2
DA:239,2
DA:241,2
DA:242,1
DA:243,1
DA:244,1
DA:245,1
DA:246,1
DA:247,1
DA:249,2
DA:250,2
DA:251,2
DA:252,2
DA:253,2
DA:254,2
DA:255,2
DA:256,2
DA:257,2
DA:258,2
DA:259,2
LF:220
LH:215
BRDA:169,0,0,10
BRDA:170,1,0,0
BRDA:173,2,0,13
BRDA:175,3,0,13
BRDA:176,4,0,2
BRDA:176,5,0,11
BRDA:180,6,0,2
BRDA:180,7,0,9
BRDA:178,8,0,18
BRDA:181,9,0,9
BRDA:184,10,0,13
BRDA:185,11,0,2
BRDA:185,12,0,11
BRDA:187,13,0,0
BRDA:187,14,0,11
BRDA:191,15,0,13
BRDA:194,16,0,2
BRDA:194,17,0,11
BRDA:196,18,0,9
BRDA:196,19,0,2
BRDA:200,20,0,2
BRDA:201,21,0,1
BRDA:201,22,0,1
BRDA:208,23,0,1
BRDA:212,24,0,2
BRDA:213,25,0,1
BRDA:220,26,0,0
BRDA:220,27,0,1
BRDA:223,28,0,0
BRDA:229,29,0,1
BRDA:234,30,0,2
BRDA:236,31,0,0
BRDA:241,32,0,1
BRDA:249,33,0,2
BRDA:22,34,0,0
BRDA:27,35,0,0
BRDA:39,36,0,10
BRDA:45,37,0,10
BRDA:58,38,0,10
BRDA:80,39,0,10
BRDA:100,40,0,2
BRDA:106,41,0,12
BRDA:116,42,0,10
BRDA:124,43,0,10
BRDA:152,44,0,0
BRDA:39,45,0,1
BRDA:45,46,0,1
BRDA:58,47,0,1
BRDA:80,48,0,1
BRDA:124,49,0,1
BRF:50
BRH:42
end_of_record
